{"/home/travis/build/npmtest/node-npmtest-react-scroll/test.js":{"path":"/home/travis/build/npmtest/node-npmtest-react-scroll/test.js","s":{"1":2,"2":2,"3":2,"4":2,"5":2,"6":2,"7":2,"8":1,"9":2,"10":2,"11":1,"12":1,"13":1,"14":1,"15":2,"16":2,"17":2,"18":2,"19":1,"20":1,"21":2,"22":2,"23":2,"24":1,"25":1,"26":1,"27":1,"28":1,"29":1,"30":1,"31":1,"32":1,"33":1,"34":1,"35":1,"36":1,"37":2,"38":2,"39":1,"40":2,"41":2,"42":1,"43":2,"44":2,"45":1,"46":2,"47":2,"48":1,"49":1,"50":1,"51":1,"52":1},"b":{"1":[2,1,1,1],"2":[1,1,1,1],"3":[1,1],"4":[1,1],"5":[1,1],"6":[1,1],"7":[1,1],"8":[1,1],"9":[1,1,1],"10":[1,1],"11":[1,1],"12":[1,1],"13":[1,1],"14":[1,1],"15":[1,1],"16":[1,1]},"f":{"1":2,"2":2,"3":2,"4":2,"5":2,"6":1,"7":1,"8":2,"9":2,"10":2,"11":2,"12":1},"fnMap":{"1":{"name":"(anonymous_1)","line":12,"loc":{"start":{"line":12,"column":1},"end":{"line":12,"column":13}}},"2":{"name":"(anonymous_2)","line":19,"loc":{"start":{"line":19,"column":5},"end":{"line":19,"column":17}}},"3":{"name":"(anonymous_3)","line":23,"loc":{"start":{"line":23,"column":24},"end":{"line":23,"column":36}}},"4":{"name":"(anonymous_4)","line":61,"loc":{"start":{"line":61,"column":5},"end":{"line":61,"column":17}}},"5":{"name":"(anonymous_5)","line":82,"loc":{"start":{"line":82,"column":5},"end":{"line":82,"column":17}}},"6":{"name":"(anonymous_6)","line":102,"loc":{"start":{"line":102,"column":83},"end":{"line":105,"column":10}},"skip":true},"7":{"name":"(anonymous_7)","line":113,"loc":{"start":{"line":113,"column":77},"end":{"line":116,"column":10}},"skip":true},"8":{"name":"(anonymous_8)","line":129,"loc":{"start":{"line":129,"column":12},"end":{"line":129,"column":40}},"skip":true},"9":{"name":"(anonymous_9)","line":137,"loc":{"start":{"line":137,"column":77},"end":{"line":140,"column":10}},"skip":true},"10":{"name":"(anonymous_10)","line":148,"loc":{"start":{"line":148,"column":83},"end":{"line":151,"column":10}},"skip":true},"11":{"name":"(anonymous_11)","line":159,"loc":{"start":{"line":159,"column":79},"end":{"line":162,"column":10}},"skip":true},"12":{"name":"(anonymous_12)","line":170,"loc":{"start":{"line":170,"column":75},"end":{"line":173,"column":10}},"skip":true}},"statementMap":{"1":{"start":{"line":12,"column":0},"end":{"line":185,"column":5}},"2":{"start":{"line":14,"column":4},"end":{"line":14,"column":14}},"3":{"start":{"line":19,"column":4},"end":{"line":56,"column":9}},"4":{"start":{"line":21,"column":8},"end":{"line":21,"column":19}},"5":{"start":{"line":23,"column":8},"end":{"line":35,"column":13}},"6":{"start":{"line":24,"column":12},"end":{"line":34,"column":13}},"7":{"start":{"line":25,"column":16},"end":{"line":28,"column":30}},"8":{"start":{"line":30,"column":16},"end":{"line":33,"column":27}},"9":{"start":{"line":37,"column":8},"end":{"line":39,"column":21}},"10":{"start":{"line":40,"column":8},"end":{"line":53,"column":9}},"11":{"start":{"line":43,"column":12},"end":{"line":46,"column":14}},"12":{"start":{"line":47,"column":12},"end":{"line":47,"column":18}},"13":{"start":{"line":50,"column":12},"end":{"line":51,"column":46}},"14":{"start":{"line":52,"column":12},"end":{"line":52,"column":18}},"15":{"start":{"line":55,"column":8},"end":{"line":55,"column":35}},"16":{"start":{"line":61,"column":4},"end":{"line":63,"column":9}},"17":{"start":{"line":62,"column":8},"end":{"line":62,"column":15}},"18":{"start":{"line":64,"column":4},"end":{"line":77,"column":5}},"19":{"start":{"line":70,"column":8},"end":{"line":70,"column":14}},"20":{"start":{"line":76,"column":8},"end":{"line":76,"column":14}},"21":{"start":{"line":82,"column":4},"end":{"line":84,"column":9}},"22":{"start":{"line":83,"column":8},"end":{"line":83,"column":15}},"23":{"start":{"line":85,"column":4},"end":{"line":184,"column":5}},"24":{"start":{"line":92,"column":8},"end":{"line":94,"column":63}},"25":{"start":{"line":95,"column":8},"end":{"line":95,"column":14}},"26":{"start":{"line":102,"column":8},"end":{"line":111,"column":10},"skip":true},"27":{"start":{"line":109,"column":12},"end":{"line":109,"column":55},"skip":true},"28":{"start":{"line":110,"column":12},"end":{"line":110,"column":48},"skip":true},"29":{"start":{"line":113,"column":8},"end":{"line":126,"column":10},"skip":true},"30":{"start":{"line":120,"column":12},"end":{"line":120,"column":76},"skip":true},"31":{"start":{"line":121,"column":12},"end":{"line":121,"column":73},"skip":true},"32":{"start":{"line":122,"column":12},"end":{"line":122,"column":74},"skip":true},"33":{"start":{"line":123,"column":12},"end":{"line":123,"column":79},"skip":true},"34":{"start":{"line":124,"column":12},"end":{"line":124,"column":25},"skip":true},"35":{"start":{"line":125,"column":12},"end":{"line":125,"column":45},"skip":true},"36":{"start":{"line":128,"column":8},"end":{"line":135,"column":14},"skip":true},"37":{"start":{"line":133,"column":16},"end":{"line":133,"column":29},"skip":true},"38":{"start":{"line":134,"column":16},"end":{"line":134,"column":55},"skip":true},"39":{"start":{"line":137,"column":8},"end":{"line":146,"column":10},"skip":true},"40":{"start":{"line":144,"column":12},"end":{"line":144,"column":25},"skip":true},"41":{"start":{"line":145,"column":12},"end":{"line":145,"column":45},"skip":true},"42":{"start":{"line":148,"column":8},"end":{"line":157,"column":10},"skip":true},"43":{"start":{"line":155,"column":12},"end":{"line":155,"column":25},"skip":true},"44":{"start":{"line":156,"column":12},"end":{"line":156,"column":48},"skip":true},"45":{"start":{"line":159,"column":8},"end":{"line":168,"column":10},"skip":true},"46":{"start":{"line":166,"column":12},"end":{"line":166,"column":25},"skip":true},"47":{"start":{"line":167,"column":12},"end":{"line":167,"column":46},"skip":true},"48":{"start":{"line":170,"column":8},"end":{"line":179,"column":10},"skip":true},"49":{"start":{"line":177,"column":12},"end":{"line":177,"column":94},"skip":true},"50":{"start":{"line":178,"column":12},"end":{"line":178,"column":48},"skip":true},"51":{"start":{"line":182,"column":8},"end":{"line":182,"column":35},"skip":true},"52":{"start":{"line":183,"column":8},"end":{"line":183,"column":14},"skip":true}},"branchMap":{"1":{"line":25,"type":"binary-expr","locations":[{"start":{"line":25,"column":23},"end":{"line":25,"column":62}},{"start":{"line":26,"column":20},"end":{"line":26,"column":70}},{"start":{"line":27,"column":20},"end":{"line":27,"column":71}},{"start":{"line":28,"column":20},"end":{"line":28,"column":29}}]},"2":{"line":30,"type":"binary-expr","locations":[{"start":{"line":30,"column":23},"end":{"line":30,"column":37}},{"start":{"line":31,"column":20},"end":{"line":31,"column":61}},{"start":{"line":32,"column":20},"end":{"line":32,"column":70}},{"start":{"line":33,"column":20},"end":{"line":33,"column":26}}]},"3":{"line":37,"type":"cond-expr","locations":[{"start":{"line":38,"column":14},"end":{"line":38,"column":20}},{"start":{"line":39,"column":14},"end":{"line":39,"column":20}}]},"4":{"line":40,"type":"switch","locations":[{"start":{"line":42,"column":8},"end":{"line":47,"column":18}},{"start":{"line":49,"column":8},"end":{"line":52,"column":18}}]},"5":{"line":44,"type":"binary-expr","locations":[{"start":{"line":44,"column":16},"end":{"line":44,"column":44}},{"start":{"line":44,"column":48},"end":{"line":44,"column":66}}]},"6":{"line":50,"type":"binary-expr","locations":[{"start":{"line":50,"column":21},"end":{"line":50,"column":49}},{"start":{"line":50,"column":53},"end":{"line":50,"column":72}}]},"7":{"line":64,"type":"switch","locations":[{"start":{"line":69,"column":4},"end":{"line":70,"column":14}},{"start":{"line":75,"column":4},"end":{"line":76,"column":14}}]},"8":{"line":85,"type":"switch","locations":[{"start":{"line":90,"column":4},"end":{"line":95,"column":14}},{"start":{"line":101,"column":4},"end":{"line":183,"column":14},"skip":true}]},"9":{"line":92,"type":"binary-expr","locations":[{"start":{"line":92,"column":18},"end":{"line":92,"column":32}},{"start":{"line":93,"column":12},"end":{"line":93,"column":53}},{"start":{"line":94,"column":12},"end":{"line":94,"column":61}}]},"10":{"line":102,"type":"binary-expr","locations":[{"start":{"line":102,"column":45},"end":{"line":102,"column":79},"skip":true},{"start":{"line":102,"column":83},"end":{"line":111,"column":9},"skip":true}]},"11":{"line":113,"type":"binary-expr","locations":[{"start":{"line":113,"column":42},"end":{"line":113,"column":73},"skip":true},{"start":{"line":113,"column":77},"end":{"line":126,"column":9},"skip":true}]},"12":{"line":128,"type":"binary-expr","locations":[{"start":{"line":128,"column":48},"end":{"line":128,"column":85},"skip":true},{"start":{"line":129,"column":12},"end":{"line":135,"column":13},"skip":true}]},"13":{"line":137,"type":"binary-expr","locations":[{"start":{"line":137,"column":42},"end":{"line":137,"column":73},"skip":true},{"start":{"line":137,"column":77},"end":{"line":146,"column":9},"skip":true}]},"14":{"line":148,"type":"binary-expr","locations":[{"start":{"line":148,"column":45},"end":{"line":148,"column":79},"skip":true},{"start":{"line":148,"column":83},"end":{"line":157,"column":9},"skip":true}]},"15":{"line":159,"type":"binary-expr","locations":[{"start":{"line":159,"column":43},"end":{"line":159,"column":75},"skip":true},{"start":{"line":159,"column":79},"end":{"line":168,"column":9},"skip":true}]},"16":{"line":170,"type":"binary-expr","locations":[{"start":{"line":170,"column":41},"end":{"line":170,"column":71},"skip":true},{"start":{"line":170,"column":75},"end":{"line":179,"column":9},"skip":true}]}},"code":["/* istanbul instrument in package npmtest_react_scroll */","/*jslint","    bitwise: true,","    browser: true,","    maxerr: 8,","    maxlen: 96,","    node: true,","    nomen: true,","    regexp: true,","    stupid: true","*/","(function () {","    'use strict';","    var local;","","","","    // run shared js-env code - pre-init","    (function () {","        // init local","        local = {};","        // init modeJs","        local.modeJs = (function () {","            try {","                return typeof navigator.userAgent === 'string' &&","                    typeof document.querySelector('body') === 'object' &&","                    typeof XMLHttpRequest.prototype.open === 'function' &&","                    'browser';","            } catch (errorCaughtBrowser) {","                return module.exports &&","                    typeof process.versions.node === 'string' &&","                    typeof require('http').createServer === 'function' &&","                    'node';","            }","        }());","        // init global","        local.global = local.modeJs === 'browser'","            ? window","            : global;","        switch (local.modeJs) {","        // re-init local from window.local","        case 'browser':","            local = local.global.utility2.objectSetDefault(","                local.global.utility2_rollup || local.global.local,","                local.global.utility2","            );","            break;","        // re-init local from example.js","        case 'node':","            local = (local.global.utility2_rollup || require('utility2'))","                .requireExampleJsFromReadme();","            break;","        }","        // export local","        local.global.local = local;","    }());","","","","    // run shared js-env code - function","    (function () {","        return;","    }());","    switch (local.modeJs) {","","","","    // run browser js-env code - function","    case 'browser':","        break;","","","","    // run node js-env code - function","    case 'node':","        break;","    }","","","","    // run shared js-env code - post-init","    (function () {","        return;","    }());","    switch (local.modeJs) {","","","","    // run browser js-env code - post-init","    case 'browser':","        // run tests","        local.nop(local.modeTest &&","            document.querySelector('#testRunButton1') &&","            document.querySelector('#testRunButton1').click());","        break;","","","","    // run node js-env code - post-init","    /* istanbul ignore next */","    case 'node':","        local.testCase_buildApidoc_default = local.testCase_buildApidoc_default || function (","            options,","            onError","        ) {","        /*","         * this function will test buildApidoc's default handling-behavior-behavior","         */","            options = { modulePathList: module.paths };","            local.buildApidoc(options, onError);","        };","","        local.testCase_buildApp_default = local.testCase_buildApp_default || function (","            options,","            onError","        ) {","        /*","         * this function will test buildApp's default handling-behavior-behavior","         */","            local.testCase_buildReadme_default(options, local.onErrorThrow);","            local.testCase_buildLib_default(options, local.onErrorThrow);","            local.testCase_buildTest_default(options, local.onErrorThrow);","            local.testCase_buildCustomOrg_default(options, local.onErrorThrow);","            options = [];","            local.buildApp(options, onError);","        };","","        local.testCase_buildCustomOrg_default = local.testCase_buildCustomOrg_default ||","            function (options, onError) {","            /*","             * this function will test buildCustomOrg's default handling-behavior","             */","                options = {};","                local.buildCustomOrg(options, onError);","            };","","        local.testCase_buildLib_default = local.testCase_buildLib_default || function (","            options,","            onError","        ) {","        /*","         * this function will test buildLib's default handling-behavior","         */","            options = {};","            local.buildLib(options, onError);","        };","","        local.testCase_buildReadme_default = local.testCase_buildReadme_default || function (","            options,","            onError","        ) {","        /*","         * this function will test buildReadme's default handling-behavior-behavior","         */","            options = {};","            local.buildReadme(options, onError);","        };","","        local.testCase_buildTest_default = local.testCase_buildTest_default || function (","            options,","            onError","        ) {","        /*","         * this function will test buildTest's default handling-behavior","         */","            options = {};","            local.buildTest(options, onError);","        };","","        local.testCase_webpage_default = local.testCase_webpage_default || function (","            options,","            onError","        ) {","        /*","         * this function will test webpage's default handling-behavior","         */","            options = { modeCoverageMerge: true, url: local.serverLocalHost + '?modeTest=1' };","            local.browserTest(options, onError);","        };","","        // run test-server","        local.testRunServer(local);","        break;","    }","}());",""],"l":{"12":2,"14":2,"19":2,"21":2,"23":2,"24":2,"25":2,"30":1,"37":2,"40":2,"43":1,"47":1,"50":1,"52":1,"55":2,"61":2,"62":2,"64":2,"70":1,"76":1,"82":2,"83":2,"85":2,"92":1,"95":1,"102":1,"109":1,"110":1,"113":1,"120":1,"121":1,"122":1,"123":1,"124":1,"125":1,"128":1,"133":2,"134":2,"137":1,"144":2,"145":2,"148":1,"155":2,"156":2,"159":1,"166":2,"167":2,"170":1,"177":1,"178":1,"182":1,"183":1}},"/home/travis/build/npmtest/node-npmtest-react-scroll/lib.npmtest_react_scroll.js":{"path":"/home/travis/build/npmtest/node-npmtest-react-scroll/lib.npmtest_react_scroll.js","s":{"1":2,"2":2,"3":2,"4":2,"5":2,"6":2,"7":2,"8":1,"9":2,"10":2,"11":2,"12":2,"13":1,"14":1,"15":1,"16":1},"b":{"1":[2,1,1,1],"2":[1,1,1,1],"3":[1,1],"4":[2,2],"5":[1,1]},"f":{"1":2,"2":2,"3":2},"fnMap":{"1":{"name":"(anonymous_1)","line":12,"loc":{"start":{"line":12,"column":1},"end":{"line":12,"column":13}}},"2":{"name":"(anonymous_2)","line":19,"loc":{"start":{"line":19,"column":5},"end":{"line":19,"column":17}}},"3":{"name":"(anonymous_3)","line":23,"loc":{"start":{"line":23,"column":24},"end":{"line":23,"column":36}}}},"statementMap":{"1":{"start":{"line":12,"column":0},"end":{"line":53,"column":5}},"2":{"start":{"line":14,"column":4},"end":{"line":14,"column":14}},"3":{"start":{"line":19,"column":4},"end":{"line":52,"column":9}},"4":{"start":{"line":21,"column":8},"end":{"line":21,"column":19}},"5":{"start":{"line":23,"column":8},"end":{"line":35,"column":13}},"6":{"start":{"line":24,"column":12},"end":{"line":34,"column":13}},"7":{"start":{"line":25,"column":16},"end":{"line":28,"column":30}},"8":{"start":{"line":30,"column":16},"end":{"line":33,"column":27}},"9":{"start":{"line":37,"column":8},"end":{"line":39,"column":21}},"10":{"start":{"line":41,"column":8},"end":{"line":41,"column":54}},"11":{"start":{"line":43,"column":8},"end":{"line":43,"column":57}},"12":{"start":{"line":45,"column":8},"end":{"line":51,"column":9}},"13":{"start":{"line":46,"column":12},"end":{"line":46,"column":63}},"14":{"start":{"line":48,"column":12},"end":{"line":48,"column":35}},"15":{"start":{"line":49,"column":12},"end":{"line":49,"column":49}},"16":{"start":{"line":50,"column":12},"end":{"line":50,"column":43}}},"branchMap":{"1":{"line":25,"type":"binary-expr","locations":[{"start":{"line":25,"column":23},"end":{"line":25,"column":62}},{"start":{"line":26,"column":20},"end":{"line":26,"column":70}},{"start":{"line":27,"column":20},"end":{"line":27,"column":71}},{"start":{"line":28,"column":20},"end":{"line":28,"column":29}}]},"2":{"line":30,"type":"binary-expr","locations":[{"start":{"line":30,"column":23},"end":{"line":30,"column":37}},{"start":{"line":31,"column":20},"end":{"line":31,"column":61}},{"start":{"line":32,"column":20},"end":{"line":32,"column":70}},{"start":{"line":33,"column":20},"end":{"line":33,"column":26}}]},"3":{"line":37,"type":"cond-expr","locations":[{"start":{"line":38,"column":14},"end":{"line":38,"column":20}},{"start":{"line":39,"column":14},"end":{"line":39,"column":20}}]},"4":{"line":41,"type":"binary-expr","locations":[{"start":{"line":41,"column":16},"end":{"line":41,"column":44}},{"start":{"line":41,"column":48},"end":{"line":41,"column":53}}]},"5":{"line":45,"type":"if","locations":[{"start":{"line":45,"column":8},"end":{"line":45,"column":8}},{"start":{"line":45,"column":8},"end":{"line":45,"column":8}}]}},"code":["/* istanbul instrument in package npmtest_react_scroll */","/*jslint","    bitwise: true,","    browser: true,","    maxerr: 8,","    maxlen: 96,","    node: true,","    nomen: true,","    regexp: true,","    stupid: true","*/","(function () {","    'use strict';","    var local;","","","","    // run shared js-env code - pre-init","    (function () {","        // init local","        local = {};","        // init modeJs","        local.modeJs = (function () {","            try {","                return typeof navigator.userAgent === 'string' &&","                    typeof document.querySelector('body') === 'object' &&","                    typeof XMLHttpRequest.prototype.open === 'function' &&","                    'browser';","            } catch (errorCaughtBrowser) {","                return module.exports &&","                    typeof process.versions.node === 'string' &&","                    typeof require('http').createServer === 'function' &&","                    'node';","            }","        }());","        // init global","        local.global = local.modeJs === 'browser'","            ? window","            : global;","        // init utility2_rollup","        local = local.global.utility2_rollup || local;","        // init lib","        local.local = local.npmtest_react_scroll = local;","        // init exports","        if (local.modeJs === 'browser') {","            local.global.utility2_npmtest_react_scroll = local;","        } else {","            module.exports = local;","            module.exports.__dirname = __dirname;","            module.exports.module = module;","        }","    }());","}());",""],"l":{"12":2,"14":2,"19":2,"21":2,"23":2,"24":2,"25":2,"30":1,"37":2,"41":2,"43":2,"45":2,"46":1,"48":1,"49":1,"50":1}},"/home/travis/build/npmtest/node-npmtest-react-scroll/example.js":{"path":"/home/travis/build/npmtest/node-npmtest-react-scroll/example.js","s":{"1":2,"2":2,"3":2,"4":2,"5":2,"6":2,"7":2,"8":1,"9":2,"10":2,"11":2,"12":2,"13":1,"14":2,"15":2,"16":2,"17":2,"18":2,"19":0,"20":2,"21":1,"22":1,"23":1,"24":1,"25":1,"26":0,"27":0,"28":1,"29":1,"30":2,"31":0,"32":0,"33":0,"34":1,"35":2,"36":2,"37":2,"38":2,"39":2,"40":2,"41":0,"42":2,"43":2,"44":2,"45":1,"46":3,"47":1,"48":1,"49":1,"50":1,"51":1,"52":1,"53":1,"54":1,"55":1,"56":1,"57":0,"58":1,"59":6,"60":6,"61":1,"62":2,"63":0,"64":2,"65":1,"66":1,"67":0,"68":0,"69":0,"70":0,"71":0,"72":0,"73":0,"74":0,"75":0,"76":0,"77":0,"78":0,"79":0,"80":0,"81":0,"82":0,"83":0},"b":{"1":[2,1,1,1],"2":[1,1,1,1],"3":[1,1],"4":[2,2],"5":[1,1],"6":[1,1],"7":[2,0],"8":[2,1,1,1,1,1],"9":[0,2,0],"10":[1,1],"11":[2,1,1],"12":[1,0],"13":[0,2],"14":[2,0,0,0,0,0,0],"15":[0,2],"16":[2,0],"17":[1,1],"18":[0,1],"19":[1,2,0,2],"20":[1,0],"21":[1,1],"22":[0,0],"23":[0,0],"24":[0,0],"25":[0,0],"26":[0,0],"27":[0,0],"28":[0,0]},"f":{"1":2,"2":2,"3":2,"4":2,"5":2,"6":2,"7":2,"8":2,"9":3,"10":1,"11":6,"12":0},"fnMap":{"1":{"name":"(anonymous_1)","line":26,"loc":{"start":{"line":26,"column":1},"end":{"line":26,"column":13}}},"2":{"name":"(anonymous_2)","line":33,"loc":{"start":{"line":33,"column":5},"end":{"line":33,"column":17}}},"3":{"name":"(anonymous_3)","line":37,"loc":{"start":{"line":37,"column":24},"end":{"line":37,"column":36}}},"4":{"name":"(anonymous_4)","line":69,"loc":{"start":{"line":69,"column":31},"end":{"line":69,"column":48}},"skip":true},"5":{"name":"(anonymous_5)","line":78,"loc":{"start":{"line":78,"column":26},"end":{"line":78,"column":45}},"skip":true},"6":{"name":"(anonymous_6)","line":123,"loc":{"start":{"line":123,"column":33},"end":{"line":123,"column":48}},"skip":true},"7":{"name":"(anonymous_7)","line":125,"loc":{"start":{"line":125,"column":27},"end":{"line":125,"column":39}},"skip":true},"8":{"name":"(anonymous_8)","line":133,"loc":{"start":{"line":133,"column":59},"end":{"line":133,"column":74}},"skip":true},"9":{"name":"(anonymous_9)","line":143,"loc":{"start":{"line":143,"column":45},"end":{"line":143,"column":62}},"skip":true},"10":{"name":"(anonymous_10)","line":144,"loc":{"start":{"line":144,"column":73},"end":{"line":144,"column":92}},"skip":true},"11":{"name":"(anonymous_11)","line":272,"loc":{"start":{"line":272,"column":51},"end":{"line":272,"column":77}},"skip":true},"12":{"name":"(anonymous_12)","line":314,"loc":{"start":{"line":314,"column":32},"end":{"line":314,"column":61}},"skip":true}},"statementMap":{"1":{"start":{"line":26,"column":0},"end":{"line":325,"column":5}},"2":{"start":{"line":28,"column":4},"end":{"line":28,"column":14}},"3":{"start":{"line":33,"column":4},"end":{"line":60,"column":9}},"4":{"start":{"line":35,"column":8},"end":{"line":35,"column":19}},"5":{"start":{"line":37,"column":8},"end":{"line":49,"column":13}},"6":{"start":{"line":38,"column":12},"end":{"line":48,"column":13}},"7":{"start":{"line":39,"column":16},"end":{"line":42,"column":30}},"8":{"start":{"line":44,"column":16},"end":{"line":47,"column":27}},"9":{"start":{"line":51,"column":8},"end":{"line":53,"column":21}},"10":{"start":{"line":55,"column":8},"end":{"line":57,"column":45}},"11":{"start":{"line":59,"column":8},"end":{"line":59,"column":35}},"12":{"start":{"line":61,"column":4},"end":{"line":324,"column":5}},"13":{"start":{"line":69,"column":8},"end":{"line":121,"column":10},"skip":true},"14":{"start":{"line":70,"column":12},"end":{"line":88,"column":13},"skip":true},"15":{"start":{"line":76,"column":16},"end":{"line":87,"column":19},"skip":true},"16":{"start":{"line":79,"column":20},"end":{"line":86,"column":21},"skip":true},"17":{"start":{"line":82,"column":24},"end":{"line":82,"column":43},"skip":true},"18":{"start":{"line":83,"column":24},"end":{"line":83,"column":30},"skip":true},"19":{"start":{"line":85,"column":24},"end":{"line":85,"column":49},"skip":true},"20":{"start":{"line":89,"column":12},"end":{"line":107,"column":13},"skip":true},"21":{"start":{"line":92,"column":16},"end":{"line":102,"column":17},"skip":true},"22":{"start":{"line":93,"column":20},"end":{"line":93,"column":86},"skip":true},"23":{"start":{"line":94,"column":20},"end":{"line":95,"column":45},"skip":true},"24":{"start":{"line":96,"column":20},"end":{"line":96,"column":42},"skip":true},"25":{"start":{"line":97,"column":20},"end":{"line":97,"column":48},"skip":true},"26":{"start":{"line":100,"column":20},"end":{"line":100,"column":85},"skip":true},"27":{"start":{"line":101,"column":20},"end":{"line":101,"column":96},"skip":true},"28":{"start":{"line":103,"column":16},"end":{"line":103,"column":22},"skip":true},"29":{"start":{"line":106,"column":16},"end":{"line":106,"column":22},"skip":true},"30":{"start":{"line":108,"column":12},"end":{"line":120,"column":13},"skip":true},"31":{"start":{"line":114,"column":16},"end":{"line":119,"column":17},"skip":true},"32":{"start":{"line":116,"column":20},"end":{"line":116,"column":78},"skip":true},"33":{"start":{"line":118,"column":20},"end":{"line":118,"column":47},"skip":true},"34":{"start":{"line":123,"column":8},"end":{"line":141,"column":11},"skip":true},"35":{"start":{"line":124,"column":12},"end":{"line":124,"column":54},"skip":true},"36":{"start":{"line":125,"column":12},"end":{"line":140,"column":14},"skip":true},"37":{"start":{"line":126,"column":16},"end":{"line":126,"column":28},"skip":true},"38":{"start":{"line":127,"column":16},"end":{"line":127,"column":69},"skip":true},"39":{"start":{"line":128,"column":16},"end":{"line":128,"column":75},"skip":true},"40":{"start":{"line":129,"column":16},"end":{"line":131,"column":17},"skip":true},"41":{"start":{"line":130,"column":20},"end":{"line":130,"column":27},"skip":true},"42":{"start":{"line":133,"column":16},"end":{"line":137,"column":36},"skip":true},"43":{"start":{"line":134,"column":20},"end":{"line":136,"column":55},"skip":true},"44":{"start":{"line":139,"column":16},"end":{"line":139,"column":57},"skip":true},"45":{"start":{"line":143,"column":8},"end":{"line":147,"column":11},"skip":true},"46":{"start":{"line":144,"column":12},"end":{"line":146,"column":15},"skip":true},"47":{"start":{"line":145,"column":16},"end":{"line":145,"column":70},"skip":true},"48":{"start":{"line":149,"column":8},"end":{"line":149,"column":31},"skip":true},"49":{"start":{"line":150,"column":8},"end":{"line":150,"column":14},"skip":true},"50":{"start":{"line":158,"column":8},"end":{"line":158,"column":31},"skip":true},"51":{"start":{"line":160,"column":8},"end":{"line":160,"column":33},"skip":true},"52":{"start":{"line":161,"column":8},"end":{"line":161,"column":37},"skip":true},"53":{"start":{"line":162,"column":8},"end":{"line":162,"column":35},"skip":true},"54":{"start":{"line":164,"column":8},"end":{"line":164,"column":50},"skip":true},"55":{"start":{"line":166,"column":8},"end":{"line":256,"column":2},"skip":true},"56":{"start":{"line":258,"column":8},"end":{"line":286,"column":9},"skip":true},"57":{"start":{"line":259,"column":12},"end":{"line":269,"column":14},"skip":true},"58":{"start":{"line":271,"column":12},"end":{"line":285,"column":19},"skip":true},"59":{"start":{"line":274,"column":20},"end":{"line":274,"column":35},"skip":true},"60":{"start":{"line":275,"column":20},"end":{"line":284,"column":21},"skip":true},"61":{"start":{"line":277,"column":24},"end":{"line":277,"column":64},"skip":true},"62":{"start":{"line":279,"column":24},"end":{"line":279,"column":40},"skip":true},"63":{"start":{"line":281,"column":24},"end":{"line":281,"column":40},"skip":true},"64":{"start":{"line":283,"column":24},"end":{"line":283,"column":39},"skip":true},"65":{"start":{"line":288,"column":8},"end":{"line":290,"column":9},"skip":true},"66":{"start":{"line":289,"column":12},"end":{"line":289,"column":18},"skip":true},"67":{"start":{"line":291,"column":8},"end":{"line":293,"column":54},"skip":true},"68":{"start":{"line":294,"column":8},"end":{"line":301,"column":37},"skip":true},"69":{"start":{"line":302,"column":8},"end":{"line":302,"column":82},"skip":true},"70":{"start":{"line":305,"column":8},"end":{"line":307,"column":9},"skip":true},"71":{"start":{"line":306,"column":12},"end":{"line":306,"column":82},"skip":true},"72":{"start":{"line":309,"column":8},"end":{"line":311,"column":9},"skip":true},"73":{"start":{"line":310,"column":12},"end":{"line":310,"column":18},"skip":true},"74":{"start":{"line":312,"column":8},"end":{"line":312,"column":54},"skip":true},"75":{"start":{"line":313,"column":8},"end":{"line":313,"column":69},"skip":true},"76":{"start":{"line":314,"column":8},"end":{"line":322,"column":36},"skip":true},"77":{"start":{"line":315,"column":12},"end":{"line":315,"column":61},"skip":true},"78":{"start":{"line":316,"column":12},"end":{"line":319,"column":13},"skip":true},"79":{"start":{"line":317,"column":16},"end":{"line":317,"column":75},"skip":true},"80":{"start":{"line":318,"column":16},"end":{"line":318,"column":23},"skip":true},"81":{"start":{"line":320,"column":12},"end":{"line":320,"column":38},"skip":true},"82":{"start":{"line":321,"column":12},"end":{"line":321,"column":27},"skip":true},"83":{"start":{"line":323,"column":8},"end":{"line":323,"column":14},"skip":true}},"branchMap":{"1":{"line":39,"type":"binary-expr","locations":[{"start":{"line":39,"column":23},"end":{"line":39,"column":62}},{"start":{"line":40,"column":20},"end":{"line":40,"column":70}},{"start":{"line":41,"column":20},"end":{"line":41,"column":71}},{"start":{"line":42,"column":20},"end":{"line":42,"column":29}}]},"2":{"line":44,"type":"binary-expr","locations":[{"start":{"line":44,"column":23},"end":{"line":44,"column":37}},{"start":{"line":45,"column":20},"end":{"line":45,"column":61}},{"start":{"line":46,"column":20},"end":{"line":46,"column":70}},{"start":{"line":47,"column":20},"end":{"line":47,"column":26}}]},"3":{"line":51,"type":"cond-expr","locations":[{"start":{"line":52,"column":14},"end":{"line":52,"column":20}},{"start":{"line":53,"column":14},"end":{"line":53,"column":20}}]},"4":{"line":55,"type":"binary-expr","locations":[{"start":{"line":55,"column":16},"end":{"line":55,"column":44}},{"start":{"line":55,"column":49},"end":{"line":57,"column":43}}]},"5":{"line":55,"type":"cond-expr","locations":[{"start":{"line":56,"column":14},"end":{"line":56,"column":56}},{"start":{"line":57,"column":14},"end":{"line":57,"column":43}}]},"6":{"line":61,"type":"switch","locations":[{"start":{"line":68,"column":4},"end":{"line":150,"column":14},"skip":true},{"start":{"line":156,"column":4},"end":{"line":323,"column":14},"skip":true}]},"7":{"line":70,"type":"if","locations":[{"start":{"line":70,"column":12},"end":{"line":70,"column":12},"skip":true},{"start":{"line":70,"column":12},"end":{"line":70,"column":12},"skip":true}]},"8":{"line":70,"type":"binary-expr","locations":[{"start":{"line":70,"column":16},"end":{"line":70,"column":22},"skip":true},{"start":{"line":70,"column":27},"end":{"line":70,"column":32},"skip":true},{"start":{"line":71,"column":20},"end":{"line":71,"column":39},"skip":true},{"start":{"line":72,"column":20},"end":{"line":72,"column":49},"skip":true},{"start":{"line":73,"column":20},"end":{"line":73,"column":58},"skip":true},{"start":{"line":74,"column":20},"end":{"line":74,"column":69},"skip":true}]},"9":{"line":79,"type":"switch","locations":[{"start":{"line":80,"column":20},"end":{"line":80,"column":33},"skip":true},{"start":{"line":81,"column":20},"end":{"line":83,"column":30},"skip":true},{"start":{"line":84,"column":20},"end":{"line":85,"column":49},"skip":true}]},"10":{"line":89,"type":"switch","locations":[{"start":{"line":90,"column":12},"end":{"line":103,"column":22},"skip":true},{"start":{"line":105,"column":12},"end":{"line":106,"column":22},"skip":true}]},"11":{"line":89,"type":"binary-expr","locations":[{"start":{"line":89,"column":20},"end":{"line":89,"column":25},"skip":true},{"start":{"line":89,"column":29},"end":{"line":89,"column":48},"skip":true},{"start":{"line":89,"column":52},"end":{"line":89,"column":74},"skip":true}]},"12":{"line":92,"type":"if","locations":[{"start":{"line":92,"column":16},"end":{"line":92,"column":16},"skip":true},{"start":{"line":92,"column":16},"end":{"line":92,"column":16},"skip":true}]},"13":{"line":108,"type":"if","locations":[{"start":{"line":108,"column":12},"end":{"line":108,"column":12},"skip":true},{"start":{"line":108,"column":12},"end":{"line":108,"column":12},"skip":true}]},"14":{"line":108,"type":"binary-expr","locations":[{"start":{"line":108,"column":16},"end":{"line":108,"column":61},"skip":true},{"start":{"line":108,"column":66},"end":{"line":108,"column":72},"skip":true},{"start":{"line":108,"column":77},"end":{"line":108,"column":82},"skip":true},{"start":{"line":109,"column":20},"end":{"line":109,"column":39},"skip":true},{"start":{"line":110,"column":20},"end":{"line":110,"column":49},"skip":true},{"start":{"line":111,"column":20},"end":{"line":111,"column":58},"skip":true},{"start":{"line":112,"column":20},"end":{"line":112,"column":68},"skip":true}]},"15":{"line":129,"type":"if","locations":[{"start":{"line":129,"column":16},"end":{"line":129,"column":16},"skip":true},{"start":{"line":129,"column":16},"end":{"line":129,"column":16},"skip":true}]},"16":{"line":134,"type":"cond-expr","locations":[{"start":{"line":135,"column":26},"end":{"line":135,"column":29},"skip":true},{"start":{"line":136,"column":26},"end":{"line":136,"column":54},"skip":true}]},"17":{"line":164,"type":"binary-expr","locations":[{"start":{"line":164,"column":27},"end":{"line":164,"column":43},"skip":true},{"start":{"line":164,"column":47},"end":{"line":164,"column":49},"skip":true}]},"18":{"line":258,"type":"if","locations":[{"start":{"line":258,"column":8},"end":{"line":258,"column":8},"skip":true},{"start":{"line":258,"column":8},"end":{"line":258,"column":8},"skip":true}]},"19":{"line":275,"type":"switch","locations":[{"start":{"line":276,"column":20},"end":{"line":277,"column":64},"skip":true},{"start":{"line":278,"column":20},"end":{"line":279,"column":40},"skip":true},{"start":{"line":280,"column":20},"end":{"line":281,"column":40},"skip":true},{"start":{"line":282,"column":20},"end":{"line":283,"column":39},"skip":true}]},"20":{"line":288,"type":"if","locations":[{"start":{"line":288,"column":8},"end":{"line":288,"column":8},"skip":true},{"start":{"line":288,"column":8},"end":{"line":288,"column":8},"skip":true}]},"21":{"line":288,"type":"binary-expr","locations":[{"start":{"line":288,"column":12},"end":{"line":288,"column":40},"skip":true},{"start":{"line":288,"column":44},"end":{"line":288,"column":67},"skip":true}]},"22":{"line":292,"type":"binary-expr","locations":[{"start":{"line":292,"column":12},"end":{"line":292,"column":50},"skip":true},{"start":{"line":293,"column":12},"end":{"line":293,"column":53},"skip":true}]},"23":{"line":295,"type":"binary-expr","locations":[{"start":{"line":295,"column":12},"end":{"line":295,"column":70},"skip":true},{"start":{"line":296,"column":12},"end":{"line":301,"column":36},"skip":true}]},"24":{"line":302,"type":"binary-expr","locations":[{"start":{"line":302,"column":43},"end":{"line":302,"column":75},"skip":true},{"start":{"line":302,"column":79},"end":{"line":302,"column":81},"skip":true}]},"25":{"line":305,"type":"if","locations":[{"start":{"line":305,"column":8},"end":{"line":305,"column":8},"skip":true},{"start":{"line":305,"column":8},"end":{"line":305,"column":8},"skip":true}]},"26":{"line":309,"type":"if","locations":[{"start":{"line":309,"column":8},"end":{"line":309,"column":8},"skip":true},{"start":{"line":309,"column":8},"end":{"line":309,"column":8},"skip":true}]},"27":{"line":312,"type":"binary-expr","locations":[{"start":{"line":312,"column":27},"end":{"line":312,"column":43},"skip":true},{"start":{"line":312,"column":47},"end":{"line":312,"column":53},"skip":true}]},"28":{"line":316,"type":"if","locations":[{"start":{"line":316,"column":12},"end":{"line":316,"column":12},"skip":true},{"start":{"line":316,"column":12},"end":{"line":316,"column":12},"skip":true}]}},"code":["/*","example.js","","quickstart example","","instruction","    1. save this script as example.js","    2. run the shell command:","        $ npm install npmtest-react-scroll && PORT=8081 node example.js","    3. play with the browser-demo on http://127.0.0.1:8081","*/","","","","/* istanbul instrument in package npmtest_react_scroll */","/*jslint","    bitwise: true,","    browser: true,","    maxerr: 8,","    maxlen: 96,","    node: true,","    nomen: true,","    regexp: true,","    stupid: true","*/","(function () {","    'use strict';","    var local;","","","","    // run shared js-env code - pre-init","    (function () {","        // init local","        local = {};","        // init modeJs","        local.modeJs = (function () {","            try {","                return typeof navigator.userAgent === 'string' &&","                    typeof document.querySelector('body') === 'object' &&","                    typeof XMLHttpRequest.prototype.open === 'function' &&","                    'browser';","            } catch (errorCaughtBrowser) {","                return module.exports &&","                    typeof process.versions.node === 'string' &&","                    typeof require('http').createServer === 'function' &&","                    'node';","            }","        }());","        // init global","        local.global = local.modeJs === 'browser'","            ? window","            : global;","        // init utility2_rollup","        local = local.global.utility2_rollup || (local.modeJs === 'browser'","            ? local.global.utility2_npmtest_react_scroll","            : global.utility2_moduleExports);","        // export local","        local.global.local = local;","    }());","    switch (local.modeJs) {","","","","    // post-init","    // run browser js-env code - post-init","    /* istanbul ignore next */","    case 'browser':","        local.testRunBrowser = function (event) {","            if (!event || (event &&","                    event.currentTarget &&","                    event.currentTarget.className &&","                    event.currentTarget.className.includes &&","                    event.currentTarget.className.includes('onreset'))) {","                // reset output","                Array.from(","                    document.querySelectorAll('body > .resettable')","                ).forEach(function (element) {","                    switch (element.tagName) {","                    case 'INPUT':","                    case 'TEXTAREA':","                        element.value = '';","                        break;","                    default:","                        element.textContent = '';","                    }","                });","            }","            switch (event && event.currentTarget && event.currentTarget.id) {","            case 'testRunButton1':","                // show tests","                if (document.querySelector('#testReportDiv1').style.display === 'none') {","                    document.querySelector('#testReportDiv1').style.display = 'block';","                    document.querySelector('#testRunButton1').textContent =","                        'hide internal test';","                    local.modeTest = true;","                    local.testRunDefault(local);","                // hide tests","                } else {","                    document.querySelector('#testReportDiv1').style.display = 'none';","                    document.querySelector('#testRunButton1').textContent = 'run internal test';","                }","                break;","            // custom-case","            default:","                break;","            }","            if (document.querySelector('#inputTextareaEval1') && (!event || (event &&","                    event.currentTarget &&","                    event.currentTarget.className &&","                    event.currentTarget.className.includes &&","                    event.currentTarget.className.includes('oneval')))) {","                // try to eval input-code","                try {","                    /*jslint evil: true*/","                    eval(document.querySelector('#inputTextareaEval1').value);","                } catch (errorCaught) {","                    console.error(errorCaught);","                }","            }","        };","        // log stderr and stdout to #outputTextareaStdout1","        ['error', 'log'].forEach(function (key) {","            console[key + '_original'] = console[key];","            console[key] = function () {","                var element;","                console[key + '_original'].apply(console, arguments);","                element = document.querySelector('#outputTextareaStdout1');","                if (!element) {","                    return;","                }","                // append text to #outputTextareaStdout1","                element.value += Array.from(arguments).map(function (arg) {","                    return typeof arg === 'string'","                        ? arg","                        : JSON.stringify(arg, null, 4);","                }).join(' ') + '\\n';","                // scroll textarea to bottom","                element.scrollTop = element.scrollHeight;","            };","        });","        // init event-handling","        ['change', 'click', 'keyup'].forEach(function (event) {","            Array.from(document.querySelectorAll('.on' + event)).forEach(function (element) {","                element.addEventListener(event, local.testRunBrowser);","            });","        });","        // run tests","        local.testRunBrowser();","        break;","","","","    // run node js-env code - post-init","    /* istanbul ignore next */","    case 'node':","        // export local","        module.exports = local;","        // require modules","        local.fs = require('fs');","        local.http = require('http');","        local.url = require('url');","        // init assets","        local.assetsDict = local.assetsDict || {};","        /* jslint-ignore-begin */","        local.assetsDict['/assets.index.template.html'] = '\\","<!doctype html>\\n\\","<html lang=\"en\">\\n\\","<head>\\n\\","<meta charset=\"UTF-8\">\\n\\","<meta name=\"viewport\" content=\"width=device-width, initial-scale=1\">\\n\\","<title>{{env.npm_package_name}} (v{{env.npm_package_version}})</title>\\n\\","<style>\\n\\","/*csslint\\n\\","    box-sizing: false,\\n\\","    universal-selector: false\\n\\","*/\\n\\","* {\\n\\","    box-sizing: border-box;\\n\\","}\\n\\","body {\\n\\","    background: #dde;\\n\\","    font-family: Arial, Helvetica, sans-serif;\\n\\","    margin: 2rem;\\n\\","}\\n\\","body > * {\\n\\","    margin-bottom: 1rem;\\n\\","}\\n\\",".utility2FooterDiv {\\n\\","    margin-top: 20px;\\n\\","    text-align: center;\\n\\","}\\n\\","</style>\\n\\","<style>\\n\\","/*csslint\\n\\","*/\\n\\","textarea {\\n\\","    font-family: monospace;\\n\\","    height: 10rem;\\n\\","    width: 100%;\\n\\","}\\n\\","textarea[readonly] {\\n\\","    background: #ddd;\\n\\","}\\n\\","</style>\\n\\","</head>\\n\\","<body>\\n\\","<!-- utility2-comment\\n\\","<div id=\"ajaxProgressDiv1\" style=\"background: #d00; height: 2px; left: 0; margin: 0; padding: 0; position: fixed; top: 0; transition: background 0.5s, width 1.5s; width: 25%;\"></div>\\n\\","utility2-comment -->\\n\\","<h1>\\n\\","<!-- utility2-comment\\n\\","    <a\\n\\","        {{#if env.npm_package_homepage}}\\n\\","        href=\"{{env.npm_package_homepage}}\"\\n\\","        {{/if env.npm_package_homepage}}\\n\\","        target=\"_blank\"\\n\\","    >\\n\\","utility2-comment -->\\n\\","        {{env.npm_package_name}} (v{{env.npm_package_version}})\\n\\","<!-- utility2-comment\\n\\","    </a>\\n\\","utility2-comment -->\\n\\","</h1>\\n\\","<h3>{{env.npm_package_description}}</h3>\\n\\","<!-- utility2-comment\\n\\","<h4><a download href=\"assets.app.js\">download standalone app</a></h4>\\n\\","<button class=\"onclick onreset\" id=\"testRunButton1\">run internal test</button><br>\\n\\","<div id=\"testReportDiv1\" style=\"display: none;\"></div>\\n\\","utility2-comment -->\\n\\","\\n\\","\\n\\","\\n\\","<label>stderr and stdout</label>\\n\\","<textarea class=\"resettable\" id=\"outputTextareaStdout1\" readonly></textarea>\\n\\","<!-- utility2-comment\\n\\","{{#if isRollup}}\\n\\","<script src=\"assets.app.js\"></script>\\n\\","{{#unless isRollup}}\\n\\","utility2-comment -->\\n\\","<script src=\"assets.utility2.rollup.js\"></script>\\n\\","<script src=\"jsonp.utility2._stateInit?callback=window.utility2._stateInit\"></script>\\n\\","<script src=\"assets.npmtest_react_scroll.rollup.js\"></script>\\n\\","<script src=\"assets.example.js\"></script>\\n\\","<script src=\"assets.test.js\"></script>\\n\\","<!-- utility2-comment\\n\\","{{/if isRollup}}\\n\\","utility2-comment -->\\n\\","<div class=\"utility2FooterDiv\">\\n\\","    [ this app was created with\\n\\","    <a href=\"https://github.com/kaizhu256/node-utility2\" target=\"_blank\">utility2</a>\\n\\","    ]\\n\\","</div>\\n\\","</body>\\n\\","</html>\\n\\","';","        /* jslint-ignore-end */","        if (local.templateRender) {","            local.assetsDict['/'] = local.templateRender(","                local.assetsDict['/assets.index.template.html'],","                {","                    env: local.objectSetDefault(local.env, {","                        npm_package_description: 'the greatest app in the world!',","                        npm_package_name: 'my-app',","                        npm_package_nameAlias: 'my_app',","                        npm_package_version: '0.0.1'","                    })","                }","            );","        } else {","            local.assetsDict['/'] = local.assetsDict['/assets.index.template.html']","                .replace((/\\{\\{env\\.(\\w+?)\\}\\}/g), function (match0, match1) {","                    // jslint-hack","                    String(match0);","                    switch (match1) {","                    case 'npm_package_description':","                        return 'the greatest app in the world!';","                    case 'npm_package_name':","                        return 'my-app';","                    case 'npm_package_nameAlias':","                        return 'my_app';","                    case 'npm_package_version':","                        return '0.0.1';","                    }","                });","        }","        // run the cli","        if (local.global.utility2_rollup || module !== require.main) {","            break;","        }","        local.assetsDict['/assets.example.js'] =","            local.assetsDict['/assets.example.js'] ||","            local.fs.readFileSync(__filename, 'utf8');","        local.assetsDict['/assets.npmtest_react_scroll.rollup.js'] =","            local.assetsDict['/assets.npmtest_react_scroll.rollup.js'] ||","            local.fs.readFileSync(","                // buildCustomOrg-hack","                local.npmtest_react_scroll.__dirname +","                    '/lib.npmtest_react_scroll.js',","                'utf8'","            ).replace((/^#!/), '//');","        local.assetsDict['/favicon.ico'] = local.assetsDict['/favicon.ico'] || '';","        // if $npm_config_timeout_exit exists,","        // then exit this process after $npm_config_timeout_exit ms","        if (Number(process.env.npm_config_timeout_exit)) {","            setTimeout(process.exit, Number(process.env.npm_config_timeout_exit));","        }","        // start server","        if (local.global.utility2_serverHttp1) {","            break;","        }","        process.env.PORT = process.env.PORT || '8081';","        console.error('server starting on port ' + process.env.PORT);","        local.http.createServer(function (request, response) {","            request.urlParsed = local.url.parse(request.url);","            if (local.assetsDict[request.urlParsed.pathname] !== undefined) {","                response.end(local.assetsDict[request.urlParsed.pathname]);","                return;","            }","            response.statusCode = 404;","            response.end();","        }).listen(process.env.PORT);","        break;","    }","}());",""],"l":{"26":2,"28":2,"33":2,"35":2,"37":2,"38":2,"39":2,"44":1,"51":2,"55":2,"59":2,"61":2,"69":1,"70":2,"76":2,"79":2,"82":2,"83":2,"85":1,"89":2,"92":1,"93":1,"94":1,"96":1,"97":1,"100":1,"101":1,"103":1,"106":1,"108":2,"114":1,"116":1,"118":1,"123":1,"124":2,"125":2,"126":2,"127":2,"128":2,"129":2,"130":1,"133":2,"134":2,"139":2,"143":1,"144":3,"145":1,"149":1,"150":1,"158":1,"160":1,"161":1,"162":1,"164":1,"166":1,"258":1,"259":1,"271":1,"274":6,"275":6,"277":1,"279":2,"281":1,"283":2,"288":1,"289":1,"291":1,"294":1,"302":1,"305":1,"306":1,"309":1,"310":1,"312":1,"313":1,"314":1,"315":1,"316":1,"317":1,"318":1,"320":1,"321":1,"323":1}},"/home/travis/build/npmtest/node-npmtest-react-scroll/node_modules/react-scroll/lib/index.js":{"path":"/home/travis/build/npmtest/node-npmtest-react-scroll/node_modules/react-scroll/lib/index.js","s":{"1":1,"2":1,"3":1,"4":1,"5":1,"6":1,"7":1,"8":1},"b":{},"f":{},"fnMap":{},"statementMap":{"1":{"start":{"line":1,"column":0},"end":{"line":1,"column":47}},"2":{"start":{"line":2,"column":0},"end":{"line":2,"column":51}},"3":{"start":{"line":3,"column":0},"end":{"line":3,"column":53}},"4":{"start":{"line":4,"column":0},"end":{"line":4,"column":49}},"5":{"start":{"line":5,"column":0},"end":{"line":5,"column":51}},"6":{"start":{"line":6,"column":0},"end":{"line":6,"column":54}},"7":{"start":{"line":7,"column":0},"end":{"line":7,"column":54}},"8":{"start":{"line":8,"column":0},"end":{"line":8,"column":62}}},"branchMap":{},"code":["exports.Link = require('./components/Link.js');","exports.Button = require('./components/Button.js');","exports.Element = require('./components/Element.js');","exports.Helpers = require('./mixins/Helpers.js');","exports.scroller = require('./mixins/scroller.js');","exports.Events = require('./mixins/scroll-events.js');","exports.scrollSpy = require('./mixins/scroll-spy.js');","exports.animateScroll = require('./mixins/animate-scroll.js');",""],"l":{"1":1,"2":1,"3":1,"4":1,"5":1,"6":1,"7":1,"8":1}},"/home/travis/build/npmtest/node-npmtest-react-scroll/node_modules/react-scroll/lib/components/Link.js":{"path":"/home/travis/build/npmtest/node-npmtest-react-scroll/node_modules/react-scroll/lib/components/Link.js","s":{"1":1,"2":1,"3":0,"4":1},"b":{},"f":{"1":0},"fnMap":{"1":{"name":"(anonymous_1)","line":7,"loc":{"start":{"line":7,"column":8},"end":{"line":7,"column":11}}}},"statementMap":{"1":{"start":{"line":3,"column":0},"end":{"line":3,"column":29}},"2":{"start":{"line":4,"column":0},"end":{"line":4,"column":43}},"3":{"start":{"line":8,"column":4},"end":{"line":8,"column":56}},"4":{"start":{"line":12,"column":0},"end":{"line":12,"column":38}}},"branchMap":{},"code":["\"use strict\";","","var React = require('react');","var Helpers = require('../mixins/Helpers');","","class Link extends React.Component{","  render() {","    return React.DOM.a(this.props, this.props.children);","  }","};","","module.exports = Helpers.Scroll(Link);",""],"l":{"3":1,"4":1,"8":0,"12":1}},"/home/travis/build/npmtest/node-npmtest-react-scroll/node_modules/react-scroll/lib/mixins/Helpers.js":{"path":"/home/travis/build/npmtest/node-npmtest-react-scroll/node_modules/react-scroll/lib/mixins/Helpers.js","s":{"1":1,"2":1,"3":1,"4":1,"5":1,"6":1,"7":1,"8":1,"9":1,"10":2,"11":0,"12":0,"13":0,"14":0,"15":0,"16":0,"17":0,"18":0,"19":0,"20":0,"21":0,"22":0,"23":0,"24":0,"25":0,"26":0,"27":0,"28":0,"29":0,"30":0,"31":0,"32":0,"33":0,"34":0,"35":0,"36":0,"37":0,"38":0,"39":0,"40":0,"41":0,"42":0,"43":0,"44":0,"45":0,"46":0,"47":0,"48":0,"49":0,"50":0,"51":0,"52":0,"53":0,"54":0,"55":0,"56":0,"57":0,"58":0,"59":0,"60":0,"61":0,"62":0,"63":0,"64":0,"65":0,"66":0,"67":0,"68":0,"69":0,"70":0,"71":0,"72":0,"73":0,"74":0,"75":0,"76":0,"77":0,"78":0,"79":0,"80":0,"81":0,"82":0,"83":0,"84":0,"85":0,"86":0,"87":0,"88":0,"89":0,"90":0,"91":0,"92":0,"93":0,"94":0,"95":0,"96":0,"97":0,"98":0,"99":0,"100":2,"101":2,"102":2,"103":0,"104":0,"105":0,"106":0,"107":0,"108":0,"109":0,"110":0,"111":0,"112":1,"113":1,"114":1},"b":{"1":[2,2],"2":[0,0],"3":[0,0],"4":[0,0],"5":[0,0],"6":[0,0],"7":[0,0],"8":[0,0],"9":[0,0],"10":[0,0],"11":[0,0],"12":[0,0],"13":[0,0],"14":[0,0],"15":[0,0],"16":[0,0],"17":[0,0],"18":[0,0],"19":[0,0,0],"20":[0,0],"21":[0,0],"22":[0,0],"23":[0,0],"24":[0,0],"25":[0,0],"26":[0,0],"27":[0,0],"28":[0,0],"29":[0,0],"30":[0,0],"31":[0,0],"32":[0,0],"33":[0,0],"34":[0,0],"35":[0,0],"36":[0,0],"37":[0,0]},"f":{"1":2,"2":0,"3":0,"4":0,"5":0,"6":0,"7":0,"8":0,"9":0,"10":0,"11":1,"12":0,"13":0,"14":0,"15":0,"16":0,"17":0},"fnMap":{"1":{"name":"(anonymous_1)","line":32,"loc":{"start":{"line":32,"column":10},"end":{"line":32,"column":47}}},"2":{"name":"(anonymous_2)","line":38,"loc":{"start":{"line":38,"column":17},"end":{"line":38,"column":24}}},"3":{"name":"(anonymous_3)","line":46,"loc":{"start":{"line":46,"column":14},"end":{"line":46,"column":26}}},"4":{"name":"(anonymous_4)","line":50,"loc":{"start":{"line":50,"column":17},"end":{"line":50,"column":25}}},"5":{"name":"(anonymous_5)","line":74,"loc":{"start":{"line":74,"column":16},"end":{"line":74,"column":20}}},"6":{"name":"(anonymous_6)","line":106,"loc":{"start":{"line":106,"column":23},"end":{"line":106,"column":26}}},"7":{"name":"(anonymous_7)","line":123,"loc":{"start":{"line":123,"column":31},"end":{"line":123,"column":42}}},"8":{"name":"(anonymous_8)","line":134,"loc":{"start":{"line":134,"column":29},"end":{"line":134,"column":41}}},"9":{"name":"(anonymous_9)","line":182,"loc":{"start":{"line":182,"column":26},"end":{"line":182,"column":29}}},"10":{"name":"(anonymous_10)","line":185,"loc":{"start":{"line":185,"column":12},"end":{"line":185,"column":15}}},"11":{"name":"(anonymous_11)","line":214,"loc":{"start":{"line":214,"column":11},"end":{"line":214,"column":31}}},"12":{"name":"(anonymous_12)","line":217,"loc":{"start":{"line":217,"column":18},"end":{"line":217,"column":25}}},"13":{"name":"(anonymous_13)","line":222,"loc":{"start":{"line":222,"column":23},"end":{"line":222,"column":26}}},"14":{"name":"(anonymous_14)","line":225,"loc":{"start":{"line":225,"column":31},"end":{"line":225,"column":43}}},"15":{"name":"(anonymous_15)","line":230,"loc":{"start":{"line":230,"column":26},"end":{"line":230,"column":29}}},"16":{"name":"(anonymous_16)","line":233,"loc":{"start":{"line":233,"column":19},"end":{"line":233,"column":26}}},"17":{"name":"(anonymous_17)","line":237,"loc":{"start":{"line":237,"column":12},"end":{"line":237,"column":15}}}},"statementMap":{"1":{"start":{"line":3,"column":0},"end":{"line":3,"column":29}},"2":{"start":{"line":4,"column":0},"end":{"line":4,"column":36}},"3":{"start":{"line":6,"column":0},"end":{"line":6,"column":48}},"4":{"start":{"line":7,"column":0},"end":{"line":7,"column":40}},"5":{"start":{"line":8,"column":0},"end":{"line":8,"column":44}},"6":{"start":{"line":9,"column":0},"end":{"line":9,"column":38}},"7":{"start":{"line":10,"column":0},"end":{"line":10,"column":38}},"8":{"start":{"line":13,"column":0},"end":{"line":28,"column":2}},"9":{"start":{"line":30,"column":0},"end":{"line":247,"column":2}},"10":{"start":{"line":34,"column":4},"end":{"line":34,"column":53}},"11":{"start":{"line":39,"column":8},"end":{"line":39,"column":21}},"12":{"start":{"line":40,"column":8},"end":{"line":40,"column":49}},"13":{"start":{"line":41,"column":8},"end":{"line":41,"column":55}},"14":{"start":{"line":42,"column":8},"end":{"line":42,"column":53}},"15":{"start":{"line":47,"column":10},"end":{"line":47,"column":39}},"16":{"start":{"line":56,"column":8},"end":{"line":58,"column":9}},"17":{"start":{"line":57,"column":10},"end":{"line":57,"column":36}},"18":{"start":{"line":64,"column":8},"end":{"line":64,"column":59}},"19":{"start":{"line":64,"column":35},"end":{"line":64,"column":59}},"20":{"start":{"line":65,"column":8},"end":{"line":65,"column":57}},"21":{"start":{"line":65,"column":34},"end":{"line":65,"column":57}},"22":{"start":{"line":70,"column":8},"end":{"line":70,"column":49}},"23":{"start":{"line":75,"column":8},"end":{"line":75,"column":50}},"24":{"start":{"line":76,"column":8},"end":{"line":76,"column":29}},"25":{"start":{"line":76,"column":22},"end":{"line":76,"column":29}},"26":{"start":{"line":77,"column":8},"end":{"line":77,"column":52}},"27":{"start":{"line":78,"column":8},"end":{"line":78,"column":37}},"28":{"start":{"line":79,"column":8},"end":{"line":79,"column":50}},"29":{"start":{"line":80,"column":8},"end":{"line":80,"column":44}},"30":{"start":{"line":81,"column":8},"end":{"line":81,"column":31}},"31":{"start":{"line":82,"column":8},"end":{"line":82,"column":71}},"32":{"start":{"line":83,"column":8},"end":{"line":83,"column":70}},"33":{"start":{"line":84,"column":8},"end":{"line":84,"column":50}},"34":{"start":{"line":86,"column":8},"end":{"line":103,"column":9}},"35":{"start":{"line":87,"column":10},"end":{"line":87,"column":41}},"36":{"start":{"line":88,"column":10},"end":{"line":88,"column":44}},"37":{"start":{"line":90,"column":10},"end":{"line":92,"column":11}},"38":{"start":{"line":91,"column":12},"end":{"line":91,"column":39}},"39":{"start":{"line":94,"column":15},"end":{"line":103,"column":9}},"40":{"start":{"line":95,"column":10},"end":{"line":95,"column":37}},"41":{"start":{"line":96,"column":10},"end":{"line":96,"column":43}},"42":{"start":{"line":98,"column":10},"end":{"line":100,"column":11}},"43":{"start":{"line":99,"column":12},"end":{"line":99,"column":39}},"44":{"start":{"line":102,"column":10},"end":{"line":102,"column":35}},"45":{"start":{"line":108,"column":8},"end":{"line":108,"column":49}},"46":{"start":{"line":110,"column":8},"end":{"line":110,"column":95}},"47":{"start":{"line":112,"column":8},"end":{"line":114,"column":9}},"48":{"start":{"line":113,"column":10},"end":{"line":113,"column":46}},"49":{"start":{"line":117,"column":8},"end":{"line":180,"column":9}},"50":{"start":{"line":118,"column":10},"end":{"line":118,"column":33}},"51":{"start":{"line":119,"column":10},"end":{"line":119,"column":29}},"52":{"start":{"line":120,"column":10},"end":{"line":120,"column":31}},"53":{"start":{"line":121,"column":10},"end":{"line":121,"column":34}},"54":{"start":{"line":123,"column":10},"end":{"line":130,"column":22}},"55":{"start":{"line":124,"column":12},"end":{"line":129,"column":13}},"56":{"start":{"line":125,"column":16},"end":{"line":127,"column":17}},"57":{"start":{"line":126,"column":18},"end":{"line":126,"column":45}},"58":{"start":{"line":128,"column":16},"end":{"line":128,"column":50}},"59":{"start":{"line":132,"column":10},"end":{"line":132,"column":56}},"60":{"start":{"line":134,"column":10},"end":{"line":177,"column":23}},"61":{"start":{"line":136,"column":12},"end":{"line":136,"column":33}},"62":{"start":{"line":137,"column":12},"end":{"line":140,"column":13}},"63":{"start":{"line":138,"column":14},"end":{"line":138,"column":78}},"64":{"start":{"line":139,"column":14},"end":{"line":139,"column":48}},"65":{"start":{"line":142,"column":12},"end":{"line":149,"column":13}},"66":{"start":{"line":143,"column":16},"end":{"line":143,"column":43}},"67":{"start":{"line":144,"column":16},"end":{"line":144,"column":38}},"68":{"start":{"line":144,"column":30},"end":{"line":144,"column":37}},"69":{"start":{"line":146,"column":16},"end":{"line":146,"column":60}},"70":{"start":{"line":147,"column":16},"end":{"line":147,"column":62}},"71":{"start":{"line":148,"column":16},"end":{"line":148,"column":62}},"72":{"start":{"line":153,"column":12},"end":{"line":153,"column":48}},"73":{"start":{"line":154,"column":12},"end":{"line":154,"column":107}},"74":{"start":{"line":155,"column":12},"end":{"line":155,"column":106}},"75":{"start":{"line":156,"column":12},"end":{"line":156,"column":54}},"76":{"start":{"line":158,"column":12},"end":{"line":176,"column":13}},"77":{"start":{"line":159,"column":14},"end":{"line":159,"column":45}},"78":{"start":{"line":160,"column":14},"end":{"line":160,"column":48}},"79":{"start":{"line":162,"column":14},"end":{"line":164,"column":15}},"80":{"start":{"line":163,"column":16},"end":{"line":163,"column":43}},"81":{"start":{"line":166,"column":19},"end":{"line":176,"column":13}},"82":{"start":{"line":167,"column":14},"end":{"line":167,"column":41}},"83":{"start":{"line":168,"column":14},"end":{"line":168,"column":47}},"84":{"start":{"line":170,"column":14},"end":{"line":172,"column":15}},"85":{"start":{"line":171,"column":16},"end":{"line":171,"column":43}},"86":{"start":{"line":174,"column":14},"end":{"line":174,"column":39}},"87":{"start":{"line":179,"column":10},"end":{"line":179,"column":72}},"88":{"start":{"line":183,"column":8},"end":{"line":183,"column":64}},"89":{"start":{"line":187,"column":8},"end":{"line":187,"column":27}},"90":{"start":{"line":188,"column":8},"end":{"line":192,"column":9}},"91":{"start":{"line":189,"column":10},"end":{"line":189,"column":105}},"92":{"start":{"line":191,"column":10},"end":{"line":191,"column":43}},"93":{"start":{"line":194,"column":8},"end":{"line":194,"column":43}},"94":{"start":{"line":196,"column":8},"end":{"line":200,"column":9}},"95":{"start":{"line":197,"column":10},"end":{"line":199,"column":11}},"96":{"start":{"line":198,"column":12},"end":{"line":198,"column":31}},"97":{"start":{"line":202,"column":8},"end":{"line":202,"column":36}},"98":{"start":{"line":203,"column":8},"end":{"line":203,"column":41}},"99":{"start":{"line":205,"column":8},"end":{"line":205,"column":53}},"100":{"start":{"line":208,"column":4},"end":{"line":208,"column":29}},"101":{"start":{"line":209,"column":4},"end":{"line":209,"column":31}},"102":{"start":{"line":210,"column":4},"end":{"line":210,"column":13}},"103":{"start":{"line":218,"column":8},"end":{"line":218,"column":21}},"104":{"start":{"line":219,"column":8},"end":{"line":219,"column":59}},"105":{"start":{"line":223,"column":8},"end":{"line":223,"column":44}},"106":{"start":{"line":226,"column":8},"end":{"line":228,"column":9}},"107":{"start":{"line":227,"column":10},"end":{"line":227,"column":45}},"108":{"start":{"line":231,"column":8},"end":{"line":231,"column":52}},"109":{"start":{"line":234,"column":8},"end":{"line":234,"column":49}},"110":{"start":{"line":235,"column":8},"end":{"line":235,"column":48}},"111":{"start":{"line":238,"column":8},"end":{"line":238,"column":58}},"112":{"start":{"line":241,"column":4},"end":{"line":244,"column":5}},"113":{"start":{"line":245,"column":4},"end":{"line":245,"column":13}},"114":{"start":{"line":249,"column":0},"end":{"line":249,"column":25}}},"branchMap":{"1":{"line":34,"type":"binary-expr","locations":[{"start":{"line":34,"column":19},"end":{"line":34,"column":33}},{"start":{"line":34,"column":37},"end":{"line":34,"column":52}}]},"2":{"line":56,"type":"if","locations":[{"start":{"line":56,"column":8},"end":{"line":56,"column":8}},{"start":{"line":56,"column":8},"end":{"line":56,"column":8}}]},"3":{"line":64,"type":"if","locations":[{"start":{"line":64,"column":8},"end":{"line":64,"column":8}},{"start":{"line":64,"column":8},"end":{"line":64,"column":8}}]},"4":{"line":65,"type":"if","locations":[{"start":{"line":65,"column":8},"end":{"line":65,"column":8}},{"start":{"line":65,"column":8},"end":{"line":65,"column":8}}]},"5":{"line":76,"type":"if","locations":[{"start":{"line":76,"column":8},"end":{"line":76,"column":8}},{"start":{"line":76,"column":8},"end":{"line":76,"column":8}}]},"6":{"line":82,"type":"binary-expr","locations":[{"start":{"line":82,"column":24},"end":{"line":82,"column":43}},{"start":{"line":82,"column":47},"end":{"line":82,"column":69}}]},"7":{"line":83,"type":"binary-expr","locations":[{"start":{"line":83,"column":25},"end":{"line":83,"column":43}},{"start":{"line":83,"column":47},"end":{"line":83,"column":68}}]},"8":{"line":86,"type":"if","locations":[{"start":{"line":86,"column":8},"end":{"line":86,"column":8}},{"start":{"line":86,"column":8},"end":{"line":86,"column":8}}]},"9":{"line":86,"type":"binary-expr","locations":[{"start":{"line":86,"column":12},"end":{"line":86,"column":21}},{"start":{"line":86,"column":25},"end":{"line":86,"column":42}}]},"10":{"line":90,"type":"if","locations":[{"start":{"line":90,"column":10},"end":{"line":90,"column":10}},{"start":{"line":90,"column":10},"end":{"line":90,"column":10}}]},"11":{"line":94,"type":"if","locations":[{"start":{"line":94,"column":15},"end":{"line":94,"column":15}},{"start":{"line":94,"column":15},"end":{"line":94,"column":15}}]},"12":{"line":94,"type":"binary-expr","locations":[{"start":{"line":94,"column":19},"end":{"line":94,"column":27}},{"start":{"line":94,"column":31},"end":{"line":94,"column":47}}]},"13":{"line":98,"type":"if","locations":[{"start":{"line":98,"column":10},"end":{"line":98,"column":10}},{"start":{"line":98,"column":10},"end":{"line":98,"column":10}}]},"14":{"line":110,"type":"cond-expr","locations":[{"start":{"line":110,"column":47},"end":{"line":110,"column":83}},{"start":{"line":110,"column":86},"end":{"line":110,"column":94}}]},"15":{"line":112,"type":"if","locations":[{"start":{"line":112,"column":8},"end":{"line":112,"column":8}},{"start":{"line":112,"column":8},"end":{"line":112,"column":8}}]},"16":{"line":117,"type":"if","locations":[{"start":{"line":117,"column":8},"end":{"line":117,"column":8}},{"start":{"line":117,"column":8},"end":{"line":117,"column":8}}]},"17":{"line":124,"type":"if","locations":[{"start":{"line":124,"column":12},"end":{"line":124,"column":12}},{"start":{"line":124,"column":12},"end":{"line":124,"column":12}}]},"18":{"line":125,"type":"if","locations":[{"start":{"line":125,"column":16},"end":{"line":125,"column":16}},{"start":{"line":125,"column":16},"end":{"line":125,"column":16}}]},"19":{"line":125,"type":"binary-expr","locations":[{"start":{"line":125,"column":19},"end":{"line":125,"column":38}},{"start":{"line":125,"column":42},"end":{"line":125,"column":59}},{"start":{"line":125,"column":63},"end":{"line":125,"column":87}}]},"20":{"line":137,"type":"if","locations":[{"start":{"line":137,"column":12},"end":{"line":137,"column":12}},{"start":{"line":137,"column":12},"end":{"line":137,"column":12}}]},"21":{"line":142,"type":"if","locations":[{"start":{"line":142,"column":12},"end":{"line":142,"column":12}},{"start":{"line":142,"column":12},"end":{"line":142,"column":12}}]},"22":{"line":142,"type":"binary-expr","locations":[{"start":{"line":142,"column":15},"end":{"line":142,"column":23}},{"start":{"line":142,"column":27},"end":{"line":142,"column":47}}]},"23":{"line":144,"type":"if","locations":[{"start":{"line":144,"column":16},"end":{"line":144,"column":16}},{"start":{"line":144,"column":16},"end":{"line":144,"column":16}}]},"24":{"line":154,"type":"binary-expr","locations":[{"start":{"line":154,"column":28},"end":{"line":154,"column":63}},{"start":{"line":154,"column":67},"end":{"line":154,"column":105}}]},"25":{"line":155,"type":"binary-expr","locations":[{"start":{"line":155,"column":29},"end":{"line":155,"column":63}},{"start":{"line":155,"column":67},"end":{"line":155,"column":104}}]},"26":{"line":158,"type":"if","locations":[{"start":{"line":158,"column":12},"end":{"line":158,"column":12}},{"start":{"line":158,"column":12},"end":{"line":158,"column":12}}]},"27":{"line":158,"type":"binary-expr","locations":[{"start":{"line":158,"column":16},"end":{"line":158,"column":25}},{"start":{"line":158,"column":29},"end":{"line":158,"column":46}}]},"28":{"line":162,"type":"if","locations":[{"start":{"line":162,"column":14},"end":{"line":162,"column":14}},{"start":{"line":162,"column":14},"end":{"line":162,"column":14}}]},"29":{"line":166,"type":"if","locations":[{"start":{"line":166,"column":19},"end":{"line":166,"column":19}},{"start":{"line":166,"column":19},"end":{"line":166,"column":19}}]},"30":{"line":166,"type":"binary-expr","locations":[{"start":{"line":166,"column":23},"end":{"line":166,"column":31}},{"start":{"line":166,"column":35},"end":{"line":166,"column":51}}]},"31":{"line":170,"type":"if","locations":[{"start":{"line":170,"column":14},"end":{"line":170,"column":14}},{"start":{"line":170,"column":14},"end":{"line":170,"column":14}}]},"32":{"line":188,"type":"if","locations":[{"start":{"line":188,"column":8},"end":{"line":188,"column":8}},{"start":{"line":188,"column":8},"end":{"line":188,"column":8}}]},"33":{"line":188,"type":"binary-expr","locations":[{"start":{"line":188,"column":11},"end":{"line":188,"column":21}},{"start":{"line":188,"column":25},"end":{"line":188,"column":42}}]},"34":{"line":189,"type":"binary-expr","locations":[{"start":{"line":189,"column":24},"end":{"line":189,"column":44}},{"start":{"line":189,"column":48},"end":{"line":189,"column":50}}]},"35":{"line":189,"type":"binary-expr","locations":[{"start":{"line":189,"column":61},"end":{"line":189,"column":83}},{"start":{"line":189,"column":87},"end":{"line":189,"column":95}}]},"36":{"line":197,"type":"if","locations":[{"start":{"line":197,"column":10},"end":{"line":197,"column":10}},{"start":{"line":197,"column":10},"end":{"line":197,"column":10}}]},"37":{"line":226,"type":"if","locations":[{"start":{"line":226,"column":8},"end":{"line":226,"column":8}},{"start":{"line":226,"column":8},"end":{"line":226,"column":8}}]}},"code":["\"use strict\";","","var React = require('react');","var ReactDOM = require('react-dom');","","var animateScroll = require('./animate-scroll');","var scrollSpy = require('./scroll-spy');","var defaultScroller = require('./scroller');","var assign = require('object-assign');","var PropTypes = require('prop-types');","","","var protoTypes = {","  to: PropTypes.string.isRequired,","  containerId: PropTypes.string,","  activeClass:PropTypes.string,","  spy: PropTypes.bool,","  smooth: PropTypes.oneOfType([PropTypes.bool, PropTypes.string]),","  offset: PropTypes.number,","  delay: PropTypes.number,","  isDynamic: PropTypes.bool,","  onClick: PropTypes.func,","  duration: PropTypes.oneOfType([PropTypes.number, PropTypes.func]),","  absolute: PropTypes.bool,","  onSetActive: PropTypes.func,","  onSetInactive: PropTypes.func,","  ignoreCancelEvents: PropTypes.bool","};","","var Helpers = {","","  Scroll: function (Component, customScroller) {","","    var scroller = customScroller || defaultScroller;","","    class _ extends React.Component{","","      constructor(props){","        super(props);","        this.scrollTo = this.scrollTo.bind(this);","        this.handleClick = this.handleClick.bind(this);","        this.spyHandler = this.spyHandler.bind(this);","","      }","","      scrollTo(to, props) {","          scroller.scrollTo(to, props);","      }","","      handleClick(event) {","","        /*","         * give the posibility to override onClick","         */","","        if(this.props.onClick) {","          this.props.onClick(event);","        }","","        /*","         * dont bubble the navigation","         */","","        if (event.stopPropagation) event.stopPropagation();","        if (event.preventDefault) event.preventDefault();","","        /*","         * do the magic!","         */","        this.scrollTo(this.props.to, this.props);","","      }","","      spyHandler(y) {","        var element = scroller.get(this.props.to);","        if (!element) return;","        var cords = element.getBoundingClientRect();","        var topBound = cords.top + y;","        var bottomBound = topBound + cords.height;","        var offsetY = y - this.props.offset;","        var to = this.props.to;","        var isInside = (offsetY >= topBound && offsetY <= bottomBound);","        var isOutside = (offsetY < topBound || offsetY > bottomBound);","        var activeLink = scroller.getActiveLink();","","        if (isOutside && activeLink === to) {","          scroller.setActiveLink(void 0);","          this.setState({ active : false });","","          if(this.props.onSetInactive) {","            this.props.onSetInactive();","          }","","        } else if (isInside && activeLink != to) {","          scroller.setActiveLink(to);","          this.setState({ active : true });","","          if(this.props.onSetActive) {","            this.props.onSetActive(to);","          }","","          scrollSpy.updateStates();","        }","      }","","      componentDidMount() {","","        var containerId = this.props.containerId;","","        var scrollSpyContainer = containerId ? document.getElementById(containerId) : document;","","        if(!scrollSpy.isMounted(scrollSpyContainer)) {","          scrollSpy.mount(scrollSpyContainer);","        }","","","        if(this.props.spy) {","          var to = this.props.to;","          var element = null;","          var elemTopBound = 0;","          var elemBottomBound = 0;","","          this._stateHandler = function() {","            if(scroller.getActiveLink() != to) {","                if(this.state !== null && this.state.active && this.props.onSetInactive) {","                  this.props.onSetInactive();","                }","                this.setState({ active : false });","            }","          }.bind(this)","","          scrollSpy.addStateHandler(this._stateHandler);","","          this._spyHandler = function(y) {","","            var containerTop = 0;","            if(scrollSpyContainer.getBoundingClientRect) {","              var containerCords = scrollSpyContainer.getBoundingClientRect();","              containerTop = containerCords.top;","            }","","            if(!element || this.props.isDynamic) {","                element = scroller.get(to);","                if(!element){ return;}","","                var cords = element.getBoundingClientRect();","                elemTopBound = (cords.top - containerTop + y);","                elemBottomBound = elemTopBound + cords.height;","            }","","","","            var offsetY = y - this.props.offset;","            var isInside = (offsetY >= Math.floor(elemTopBound) && offsetY <= Math.floor(elemBottomBound));","            var isOutside = (offsetY < Math.floor(elemTopBound) || offsetY > Math.floor(elemBottomBound));","            var activeLink = scroller.getActiveLink();","","            if (isOutside && activeLink === to) {","              scroller.setActiveLink(void 0);","              this.setState({ active : false });","","              if(this.props.onSetInactive) {","                this.props.onSetInactive();","              }","","            } else if (isInside && activeLink != to) {","              scroller.setActiveLink(to);","              this.setState({ active : true });","","              if(this.props.onSetActive) {","                this.props.onSetActive(to);","              }","","              scrollSpy.updateStates();","","            }","          }.bind(this);","","          scrollSpy.addSpyHandler(this._spyHandler, scrollSpyContainer);","        }","      }","      componentWillUnmount() {","        scrollSpy.unmount(this._stateHandler, this._spyHandler);","      }","      render() {","","        var className = \"\";","        if(this.state && this.state.active) {","          className = ((this.props.className || \"\") + \" \" + (this.props.activeClass || \"active\")).trim();","        } else {","          className = this.props.className;","        }","","        var props = assign({}, this.props);","","        for(var prop in protoTypes) {","          if(props.hasOwnProperty(prop)) {","            delete props[prop];","          }","        }","","        props.className = className;","        props.onClick = this.handleClick;","","        return React.createElement(Component, props);","      }","    };","    _.propTypes = protoTypes;","    _.defaultProps={offset: 0};","    return _;","  },","","","  Element: function(Component) {","    class _ extends React.Component{","","      constructor (props){","        super(props);","        this.registerElems = this.registerElems.bind(this);","      }","","      componentDidMount() {","        this.registerElems(this.props.name);","      }","      componentWillReceiveProps(nextProps) {","        if (this.props.name !== nextProps.name) {","          this.registerElems(nextProps.name);","        }","      }","      componentWillUnmount() {","        defaultScroller.unregister(this.props.name);","      }","      registerElems(name) {","        var domNode = ReactDOM.findDOMNode(this);","        defaultScroller.register(name, domNode);","      }","      render() {","        return React.createElement(Component, this.props);","      }","    };","    _.propTypes = {","        name: PropTypes.string,","        id:   PropTypes.string","    }","    return _;","  }","};","","module.exports = Helpers;",""],"l":{"3":1,"4":1,"6":1,"7":1,"8":1,"9":1,"10":1,"13":1,"30":1,"34":2,"39":0,"40":0,"41":0,"42":0,"47":0,"56":0,"57":0,"64":0,"65":0,"70":0,"75":0,"76":0,"77":0,"78":0,"79":0,"80":0,"81":0,"82":0,"83":0,"84":0,"86":0,"87":0,"88":0,"90":0,"91":0,"94":0,"95":0,"96":0,"98":0,"99":0,"102":0,"108":0,"110":0,"112":0,"113":0,"117":0,"118":0,"119":0,"120":0,"121":0,"123":0,"124":0,"125":0,"126":0,"128":0,"132":0,"134":0,"136":0,"137":0,"138":0,"139":0,"142":0,"143":0,"144":0,"146":0,"147":0,"148":0,"153":0,"154":0,"155":0,"156":0,"158":0,"159":0,"160":0,"162":0,"163":0,"166":0,"167":0,"168":0,"170":0,"171":0,"174":0,"179":0,"183":0,"187":0,"188":0,"189":0,"191":0,"194":0,"196":0,"197":0,"198":0,"202":0,"203":0,"205":0,"208":2,"209":2,"210":2,"218":0,"219":0,"223":0,"226":0,"227":0,"231":0,"234":0,"235":0,"238":0,"241":1,"245":1,"249":1}},"/home/travis/build/npmtest/node-npmtest-react-scroll/node_modules/react-scroll/lib/mixins/animate-scroll.js":{"path":"/home/travis/build/npmtest/node-npmtest-react-scroll/node_modules/react-scroll/lib/mixins/animate-scroll.js","s":{"1":1,"2":1,"3":1,"4":1,"5":1,"6":0,"7":0,"8":0,"9":0,"10":0,"11":0,"12":0,"13":0,"14":0,"15":0,"16":0,"17":0,"18":0,"19":0,"20":0,"21":0,"22":0,"23":0,"24":1,"25":0,"26":0,"27":1,"28":1,"29":0,"30":1,"31":1,"32":0,"33":1,"34":1,"35":1,"36":1,"37":1,"38":1,"39":1,"40":1,"41":1,"42":1,"43":1,"44":1,"45":1,"46":1,"47":0,"48":0,"49":0,"50":0,"51":0,"52":1,"53":0,"54":0,"55":0,"56":0,"57":0,"58":1,"59":0,"60":0,"61":0,"62":0,"63":0,"64":0,"65":0,"66":0,"67":0,"68":0,"69":0,"70":0,"71":0,"72":0,"73":0,"74":0,"75":0,"76":0,"77":0,"78":1,"79":0,"80":0,"81":0,"82":0,"83":1,"84":0,"85":0,"86":0,"87":0,"88":0,"89":0,"90":0,"91":0,"92":0,"93":0,"94":0,"95":0,"96":0,"97":0,"98":0,"99":0,"100":0,"101":0,"102":0,"103":0,"104":0,"105":1,"106":0,"107":1,"108":0,"109":1,"110":0,"111":0,"112":1,"113":0,"114":0,"115":1},"b":{"1":[0,0],"2":[0,0],"3":[0,0,0,0,0,0,0,0,0,0,0,0,0,0],"4":[0,0],"5":[0,1],"6":[0,0],"7":[1,1],"8":[0,0],"9":[0,0],"10":[0,0],"11":[0,0],"12":[0,0],"13":[0,0],"14":[0,0],"15":[0,0],"16":[0,0],"17":[0,0],"18":[0,0],"19":[0,0],"20":[0,0],"21":[0,0],"22":[0,0],"23":[0,0],"24":[0,0],"25":[0,0],"26":[0,0],"27":[0,0],"28":[0,0],"29":[0,0],"30":[0,0],"31":[0,0]},"f":{"1":0,"2":0,"3":0,"4":1,"5":1,"6":0,"7":0,"8":0,"9":0,"10":0,"11":0,"12":0,"13":0,"14":0,"15":0,"16":0,"17":0},"fnMap":{"1":{"name":"(anonymous_1)","line":12,"loc":{"start":{"line":12,"column":23},"end":{"line":12,"column":42}}},"2":{"name":"(anonymous_2)","line":53,"loc":{"start":{"line":53,"column":22},"end":{"line":53,"column":38}}},"3":{"name":"(anonymous_3)","line":54,"loc":{"start":{"line":54,"column":47},"end":{"line":54,"column":58}}},"4":{"name":"(anonymous_4)","line":60,"loc":{"start":{"line":60,"column":30},"end":{"line":60,"column":41}}},"5":{"name":"(anonymous_5)","line":69,"loc":{"start":{"line":69,"column":35},"end":{"line":69,"column":47}}},"6":{"name":"(anonymous_6)","line":71,"loc":{"start":{"lin
[...]
olumn":67}},"2":{"start":{"line":3,"column":0},"end":{"line":15,"column":2}},"3":{"start":{"line":4,"column":2},"end":{"line":4,"column":26}},"4":{"start":{"line":5,"column":2},"end":{"line":14,"column":4}},"5":{"start":{"line":7,"column":4},"end":{"line":13,"column":5}},"6":{"start":{"line":8,"column":6},"end":{"line":12,"column":13}},"7":{"start":{"line":9,"column":8},"end":{"line":9,"column":35}},"8":{"start":{"line":10,"column":8},"end":{"line":10,"column":28}},"9":{"start":{"line":17,"column":0},"end":{"line":99,"column":1}},"10":{"start":{"line":24,"column":4},"end":{"line":24,"column":17}},"11":{"start":{"line":25,"column":4},"end":{"line":31,"column":5}},"12":{"start":{"line":26,"column":6},"end":{"line":28,"column":9}},"13":{"start":{"line":27,"column":8},"end":{"line":27,"column":44}},"14":{"start":{"line":29,"column":6},"end":{"line":29,"column":56}},"15":{"start":{"line":30,"column":6},"end":{"line":30,"column":74}},"16":{"start":{"line":35,"column":4},"end":{"line":35,"column":71}},"17":{"start":{"line":39,"column":4},"end":{"line":46,"column":5}},"18":{"start":{"line":40,"column":6},"end":{"line":40,"column":63}},"19":{"start":{"line":41,"column":6},"end":{"line":41,"column":72}},"20":{"start":{"line":42,"column":6},"end":{"line":43,"column":67}},"21":{"start":{"line":45,"column":6},"end":{"line":45,"column":42}},"22":{"start":{"line":50,"column":4},"end":{"line":50,"column":112}},"23":{"start":{"line":51,"column":4},"end":{"line":56,"column":5}},"24":{"start":{"line":52,"column":6},"end":{"line":55,"column":7}},"25":{"start":{"line":53,"column":8},"end":{"line":53,"column":64}},"26":{"start":{"line":54,"column":8},"end":{"line":54,"column":64}},"27":{"start":{"line":60,"column":4},"end":{"line":60,"column":35}},"28":{"start":{"line":64,"column":4},"end":{"line":64,"column":99}},"29":{"start":{"line":65,"column":4},"end":{"line":67,"column":5}},"30":{"start":{"line":66,"column":6},"end":{"line":66,"column":34}},"31":{"start":{"line":68,"column":4},"end":{"line":68,"column":41}},"32":{"start":{"line":72,"column":4},"end":{"line":72,"column":41}},"33":{"start":{"line":74,"column":4},"end":{"line":76,"column":5}},"34":{"start":{"line":75,"column":6},"end":{"line":75,"column":28}},"35":{"start":{"line":80,"column":4},"end":{"line":85,"column":5}},"36":{"start":{"line":81,"column":6},"end":{"line":81,"column":63}},"37":{"start":{"line":82,"column":6},"end":{"line":84,"column":7}},"38":{"start":{"line":83,"column":8},"end":{"line":83,"column":59}},"39":{"start":{"line":87,"column":4},"end":{"line":89,"column":5}},"40":{"start":{"line":88,"column":6},"end":{"line":88,"column":73}},"41":{"start":{"line":91,"column":4},"end":{"line":91,"column":63}},"42":{"start":{"line":95,"column":4},"end":{"line":97,"column":5}},"43":{"start":{"line":96,"column":6},"end":{"line":96,"column":54}},"44":{"start":{"line":101,"column":0},"end":{"line":101,"column":27}}},"branchMap":{"1":{"line":7,"type":"if","locations":[{"start":{"line":7,"column":4},"end":{"line":7,"column":4}},{"start":{"line":7,"column":4},"end":{"line":7,"column":4}}]},"2":{"line":25,"type":"if","locations":[{"start":{"line":25,"column":4},"end":{"line":25,"column":4}},{"start":{"line":25,"column":4},"end":{"line":25,"column":4}}]},"3":{"line":39,"type":"if","locations":[{"start":{"line":39,"column":4},"end":{"line":39,"column":4}},{"start":{"line":39,"column":4},"end":{"line":39,"column":4}}]},"4":{"line":41,"type":"binary-expr","locations":[{"start":{"line":41,"column":27},"end":{"line":41,"column":46}},{"start":{"line":41,"column":50},"end":{"line":41,"column":52}}]},"5":{"line":42,"type":"cond-expr","locations":[{"start":{"line":42,"column":33},"end":{"line":42,"column":51}},{"start":{"line":42,"column":54},"end":{"line":43,"column":66}}]},"6":{"line":42,"type":"cond-expr","locations":[{"start":{"line":43,"column":6},"end":{"line":43,"column":40}},{"start":{"line":43,"column":43},"end":{"line":43,"column":66}}]},"7":{"line":51,"type":"if","locations":[{"start":{"line":51,"column":4},"end":{"line":51,"column":4}},{"start":{"line":51,"column":4},"end":{"line":51,"column":4}}]},"8":{"line":65,"type":"if","locations":[{"start":{"line":65,"column":4},"end":{"line":65,"column":4}},{"start":{"line":65,"column":4},"end":{"line":65,"column":4}}]},"9":{"line":82,"type":"if","locations":[{"start":{"line":82,"column":6},"end":{"line":82,"column":6}},{"start":{"line":82,"column":6},"end":{"line":82,"column":6}}]},"10":{"line":82,"type":"binary-expr","locations":[{"start":{"line":82,"column":9},"end":{"line":82,"column":18}},{"start":{"line":82,"column":22},"end":{"line":82,"column":38}}]},"11":{"line":87,"type":"if","locations":[{"start":{"line":87,"column":4},"end":{"line":87,"column":4}},{"start":{"line":87,"column":4},"end":{"line":87,"column":4}}]},"12":{"line":87,"type":"binary-expr","locations":[{"start":{"line":87,"column":7},"end":{"line":87,"column":23}},{"start":{"line":87,"column":27},"end":{"line":87,"column":50}}]}},"code":["var addPassiveEventListener = require('./passive-event-listeners');","","var eventThrottler = function(eventHandler) {","  var eventHandlerTimeout;","  return function(event) {","    // ignore events as long as an eventHandler execution is in the queue","    if ( !eventHandlerTimeout ) {","      eventHandlerTimeout = setTimeout(function() {","        eventHandlerTimeout = null;","        eventHandler(event);","        // The eventHandler will execute at a rate of 15fps","      }, 66);","    }","  };","};","","var scrollSpy = {","","  spyCallbacks: [],","  spySetState: [],","  scrollSpyContainers: [],","","  mount: function (scrollSpyContainer) {","    var t = this;","    if (scrollSpyContainer) {","      var eventHandler = eventThrottler(function(event) {","        t.scrollHandler(scrollSpyContainer);","      });","      this.scrollSpyContainers.push(scrollSpyContainer);","      addPassiveEventListener(scrollSpyContainer, 'scroll', eventHandler);","    }","  },","","  isMounted: function (scrollSpyContainer) {","    return this.scrollSpyContainers.indexOf(scrollSpyContainer) !== -1;","  },","","  currentPositionY: function (scrollSpyContainer) {","    if(scrollSpyContainer === document) {","      var supportPageOffset = window.pageXOffset !== undefined;","      var isCSS1Compat = ((document.compatMode || \"\") === \"CSS1Compat\");","      return supportPageOffset ? window.pageYOffset : isCSS1Compat ?","      document.documentElement.scrollTop : document.body.scrollTop;","    } else {","      return scrollSpyContainer.scrollTop;","    }","  },","","  scrollHandler: function (scrollSpyContainer) {","    var callbacks = this.scrollSpyContainers[this.scrollSpyContainers.indexOf(scrollSpyContainer)].spyCallbacks;","    if (callbacks) {","      for(var i = 0; i < callbacks.length; i++) {","        var position =this.currentPositionY(scrollSpyContainer);","        callbacks[i](this.currentPositionY(scrollSpyContainer));","      }","    }","  },","","  addStateHandler: function(handler){","    this.spySetState.push(handler);","  },","","  addSpyHandler: function(handler, scrollSpyContainer) {","    var container = this.scrollSpyContainers[this.scrollSpyContainers.indexOf(scrollSpyContainer)];","    if(!container.spyCallbacks) {","      container.spyCallbacks = [];","    }","    container.spyCallbacks.push(handler);","  },","","  updateStates: function(){","    var length = this.spySetState.length;","","    for(var i = 0; i < length; i++) {","      this.spySetState[i]();","    }","  },","","  unmount: function (stateHandler, spyHandler) {","    for (var i = 0; i < this.scrollSpyContainers.length; i++) {","      var callbacks = this.scrollSpyContainers[i].spyCallbacks;","      if(callbacks && callbacks.length) {","        callbacks.splice(callbacks.indexOf(spyHandler), 1);","      }","    }","","    if(this.spySetState && this.spySetState.length) {","      this.spySetState.splice(this.spySetState.indexOf(stateHandler), 1);","    }","","    document.removeEventListener('scroll', this.scrollHandler);","  },","","  update: function() {","    for (var i = 0; i < this.scrollSpyContainers.length; i++) {","      this.scrollHandler(this.scrollSpyContainers[i]);","    }","  }","}","","module.exports = scrollSpy;",""],"l":{"1":1,"3":1,"4":0,"5":0,"7":0,"8":0,"9":0,"10":0,"17":1,"24":0,"25":0,"26":0,"27":0,"29":0,"30":0,"35":0,"39":0,"40":0,"41":0,"42":0,"45":0,"50":0,"51":0,"52":0,"53":0,"54":0,"60":0,"64":0,"65":0,"66":0,"68":0,"72":0,"74":0,"75":0,"80":0,"81":0,"82":0,"83":0,"87":0,"88":0,"91":0,"95":0,"96":0,"101":1}},"/home/travis/build/npmtest/node-npmtest-react-scroll/node_modules/react-scroll/lib/mixins/scroller.js":{"path":"/home/travis/build/npmtest/node-npmtest-react-scroll/node_modules/react-scroll/lib/mixins/scroller.js","s":{"1":1,"2":1,"3":1,"4":1,"5":1,"6":1,"7":0,"8":0,"9":0,"10":0,"11":0,"12":0,"13":0,"14":0,"15":0,"16":0,"17":0,"18":0,"19":0,"20":0,"21":0,"22":0,"23":0,"24":0,"25":0,"26":0,"27":0,"28":0,"29":0,"30":0,"31":0,"32":0,"33":0,"34":0,"35":0,"36":0,"37":0,"38":0,"39":0,"40":0,"41":0},"b":{"1":[0,0],"2":[0,0],"3":[0,0],"4":[0,0],"5":[0,0],"6":[0,0],"7":[0,0],"8":[0,0],"9":[0,0],"10":[0,0],"11":[0,0],"12":[0,0],"13":[0,0]},"f":{"1":0,"2":0,"3":0,"4":0,"5":0,"6":0,"7":0},"fnMap":{"1":{"name":"(anonymous_1)","line":11,"loc":{"start":{"line":11,"column":11},"end":{"line":11,"column":22}}},"2":{"name":"(anonymous_2)","line":15,"loc":{"start":{"line":15,"column":12},"end":{"line":15,"column":35}}},"3":{"name":"(anonymous_3)","line":19,"loc":{"start":{"line":19,"column":14},"end":{"line":19,"column":29}}},"4":{"name":"(anonymous_4)","line":23,"loc":{"start":{"line":23,"column":7},"end":{"line":23,"column":22}}},"5":{"name":"(anonymous_5)","line":27,"loc":{"start":{"line":27,"column":17},"end":{"line":27,"column":32}}},"6":{"name":"(anonymous_6)","line":31,"loc":{"start":{"line":31,"column":17},"end":{"line":31,"column":28}}},"7":{"name":"(anonymous_7)","line":35,"loc":{"start":{"line":35,"column":12},"end":{"line":35,"column":32}}}},"statementMap":{"1":{"start":{"line":1,"column":0},"end":{"line":1,"column":38}},"2":{"start":{"line":3,"column":0},"end":{"line":3,"column":48}},"3":{"start":{"line":4,"column":0},"end":{"line":4,"column":40}},"4":{"start":{"line":6,"column":0},"end":{"line":6,"column":18}},"5":{"start":{"line":7,"column":0},"end":{"line":7,"column":17}},"6":{"start":{"line":9,"column":0},"end":{"line":104,"column":2}},"7":{"start":{"line":12,"column":4},"end":{"line":12,"column":18}},"8":{"start":{"line":16,"column":4},"end":{"line":16,"column":29}},"9":{"start":{"line":20,"column":4},"end":{"line":20,"column":26}},"10":{"start":{"line":24,"column":4},"end":{"line":24,"column":59}},"11":{"start":{"line":28,"column":4},"end":{"line":28,"column":24}},"12":{"start":{"line":32,"column":4},"end":{"line":32,"column":24}},"13":{"start":{"line":41,"column":6},"end":{"line":41,"column":32}},"14":{"start":{"line":43,"column":6},"end":{"line":46,"column":7}},"15":{"start":{"line":44,"column":8},"end":{"line":44,"column":49}},"16":{"start":{"line":45,"column":8},"end":{"line":45,"column":15}},"17":{"start":{"line":48,"column":6},"end":{"line":48,"column":54}},"18":{"start":{"line":51,"column":6},"end":{"line":53,"column":7}},"19":{"start":{"line":52,"column":8},"end":{"line":52,"column":47}},"20":{"start":{"line":55,"column":6},"end":{"line":55,"column":42}},"21":{"start":{"line":56,"column":6},"end":{"line":56,"column":87}},"22":{"start":{"line":58,"column":6},"end":{"line":58,"column":23}},"23":{"start":{"line":60,"column":6},"end":{"line":74,"column":7}},"24":{"start":{"line":61,"column":8},"end":{"line":61,"column":30}},"25":{"start":{"line":62,"column":8},"end":{"line":68,"column":9}},"26":{"start":{"line":63,"column":10},"end":{"line":67,"column":11}},"27":{"start":{"line":64,"column":12},"end":{"line":64,"column":101}},"28":{"start":{"line":66,"column":12},"end":{"line":66,"column":97}},"29":{"start":{"line":70,"column":8},"end":{"line":70,"column":40}},"30":{"start":{"line":72,"column":8},"end":{"line":72,"column":57}},"31":{"start":{"line":73,"column":8},"end":{"line":73,"column":39}},"32":{"start":{"line":76,"column":6},"end":{"line":76,"column":42}},"33":{"start":{"line":82,"column":6},"end":{"line":96,"column":7}},"34":{"start":{"line":83,"column":8},"end":{"line":89,"column":9}},"35":{"start":{"line":84,"column":10},"end":{"line":84,"column":52}},"36":{"start":{"line":87,"column":10},"end":{"line":87,"column":63}},"37":{"start":{"line":88,"column":10},"end":{"line":88,"column":58}},"38":{"start":{"line":91,"column":8},"end":{"line":93,"column":9}},"39":{"start":{"line":92,"column":10},"end":{"line":92,"column":47}},"40":{"start":{"line":95,"column":8},"end":{"line":95,"column":15}},"41":{"start":{"line":102,"column":6},"end":{"line":102,"column":70}}},"branchMap":{"1":{"line":24,"type":"binary-expr","locations":[{"start":{"line":24,"column":11},"end":{"line":24,"column":25}},{"start":{"line":24,"column":29},"end":{"line":24,"column":58}}]},"2":{"line":43,"type":"if","locations":[{"start":{"line":43,"column":6},"end":{"line":43,"column":6}},{"start":{"line":43,"column":6},"end":{"line":43,"column":6}}]},"3":{"line":51,"type":"if","locations":[{"start":{"line":51,"column":6},"end":{"line":51,"column":6}},{"start":{"line":51,"column":6},"end":{"line":51,"column":6}}]},"4":{"line":56,"type":"cond-expr","locations":[{"start":{"line":56,"column":43},"end":{"line":56,"column":79}},{"start":{"line":56,"column":82},"end":{"line":56,"column":86}}]},"5":{"line":60,"type":"if","locations":[{"start":{"line":60,"column":6},"end":{"line":60,"column":6}},{"start":{"line":60,"column":6},"end":{"line":60,"column":6}}]},"6":{"line":60,"type":"binary-expr","locations":[{"start":{"line":60,"column":9},"end":{"line":60,"column":20}},{"start":{"line":60,"column":24},"end":{"line":60,"column":40}}]},"7":{"line":62,"type":"if","locations":[{"start":{"line":62,"column":8},"end":{"line":62,"column":8}},{"start":{"line":62,"column":8},"end":{"line":62,"column":8}}]},"8":{"line":63,"type":"if","locations":[{"start":{"line":63,"column":10},"end":{"line":63,"column":10}},{"start":{"line":63,"column":10},"end":{"line":63,"column":10}}]},"9":{"line":76,"type":"binary-expr","locations":[{"start":{"line":76,"column":23},"end":{"line":76,"column":35}},{"start":{"line":76,"column":39},"end":{"line":76,"column":40}}]},"10":{"line":82,"type":"if","locations":[{"start":{"line":82,"column":6},"end":{"line":82,"column":6}},{"start":{"line":82,"column":6},"end":{"line":82,"column":6}}]},"11":{"line":83,"type":"if","locations":[{"start":{"line":83,"column":8},"end":{"line":83,"column":8}},{"start":{"line":83,"column":8},"end":{"line":83,"column":8}}]},"12":{"line":83,"type":"binary-expr","locations":[{"start":{"line":83,"column":11},"end":{"line":83,"column":22}},{"start":{"line":83,"column":26},"end":{"line":83,"column":42}}]},"13":{"line":91,"type":"if","locations":[{"start":{"line":91,"column":8},"end":{"line":91,"column":8}},{"start":{"line":91,"column":8},"end":{"line":91,"column":8}}]}},"code":["var assign = require('object-assign');","","var animateScroll = require('./animate-scroll');","var events = require('./scroll-events');","","var __mapped = {};","var __activeLink;","","module.exports = {","","  unmount: function() {","    __mapped = {};","  },","","  register: function(name, element){","    __mapped[name] = element;","  },","","  unregister: function(name) {","    delete __mapped[name];","  },","","  get: function(name) {","    return __mapped[name] || document.getElementById(name);","  },","","  setActiveLink: function(link) {","    __activeLink = link;","  },","","  getActiveLink: function() {","    return __activeLink;","  },","","  scrollTo: function(to, props) {","","     /*","     * get the mapped DOM element","     */","","      var target = this.get(to);","","      if(!target) {","        console.warn(\"target Element not found\");","        return;","      }","","      props = assign({}, props, { absolute : false });","","","      if(events.registered['begin']) {","        events.registered['begin'](to, target);","      }","","      var containerId = props.containerId;","      var containerElement = containerId ? document.getElementById(containerId) : null;","","      var scrollOffset;","","      if(containerId && containerElement) {","        props.absolute = true;","        if(containerElement !== target.offsetParent) {","          if(!containerElement.contains(target)) {","            throw new Error('Container with ID ' + containerId + ' is not a parent of target ' + to);","          } else {","            throw new Error('Container with ID ' + containerId + ' is not a positioned element');","          }","        }","","        scrollOffset = target.offsetTop;","      } else {","        var coordinates = target.getBoundingClientRect();","        scrollOffset = coordinates.top;","      }","","      scrollOffset += (props.offset || 0);","","","      /*","       * if animate is not provided just scroll into the view","       */","      if(!props.smooth) {","        if(containerId && containerElement) {","          containerElement.scrollTop = scrollOffset;","        } else {","          // window.scrollTo accepts only absolute values so body rectangle needs to be subtracted","          var bodyRect = document.body.getBoundingClientRect();","          window.scrollTo(0, scrollOffset - bodyRect.top);","        }","","        if(events.registered['end']) {","          events.registered['end'](to, target);","        }","","        return;","      }","","      /*","       * Animate scrolling","       */","","      animateScroll.animateTopScroll(scrollOffset, props, to, target);","  }","};",""],"l":{"1":1,"3":1,"4":1,"6":1,"7":1,"9":1,"12":0,"16":0,"20":0,"24":0,"28":0,"32":0,"41":0,"43":0,"44":0,"45":0,"48":0,"51":0,"52":0,"55":0,"56":0,"58":0,"60":0,"61":0,"62":0,"63":0,"64":0,"66":0,"70":0,"72":0,"73":0,"76":0,"82":0,"83":0,"84":0,"87":0,"88":0,"91":0,"92":0,"95":0,"102":0}},"/home/travis/build/npmtest/node-npmtest-react-scroll/node_modules/react-scroll/lib/components/Button.js":{"path":"/home/travis/build/npmtest/node-npmtest-react-scroll/node_modules/react-scroll/lib/components/Button.js","s":{"1":1,"2":1,"3":0,"4":1},"b":{},"f":{"1":0},"fnMap":{"1":{"name":"(anonymous_1)","line":7,"loc":{"start":{"line":7,"column":8},"end":{"line":7,"column":11}}}},"statementMap":{"1":{"start":{"line":3,"column":0},"end":{"line":3,"column":29}},"2":{"start":{"line":4,"column":0},"end":{"line":4,"column":43}},"3":{"start":{"line":8,"column":4},"end":{"line":8,"column":60}},"4":{"start":{"line":12,"column":0},"end":{"line":12,"column":40}}},"branchMap":{},"code":["\"use strict\";","","var React = require('react');","var Helpers = require('../mixins/Helpers');","","class Button extends React.Component{","  render() {","    return React.DOM.input(this.props, this.props.children);","  }","};","","module.exports = Helpers.Scroll(Button);",""],"l":{"3":1,"4":1,"8":0,"12":1}},"/home/travis/build/npmtest/node-npmtest-react-scroll/node_modules/react-scroll/lib/components/Element.js":{"path":"/home/travis/build/npmtest/node-npmtest-react-scroll/node_modules/react-scroll/lib/components/Element.js","s":{"1":1,"2":1,"3":0,"4":1},"b":{},"f":{"1":0},"fnMap":{"1":{"name":"(anonymous_1)","line":7,"loc":{"start":{"line":7,"column":8},"end":{"line":7,"column":11}}}},"statementMap":{"1":{"start":{"line":3,"column":0},"end":{"line":3,"column":29}},"2":{"start":{"line":4,"column":0},"end":{"line":4,"column":43}},"3":{"start":{"line":8,"column":4},"end":{"line":8,"column":58}},"4":{"start":{"line":12,"column":0},"end":{"line":12,"column":42}}},"branchMap":{},"code":["\"use strict\";","","var React = require('react');","var Helpers = require('../mixins/Helpers');","","class Element extends React.Component{","  render() {","    return React.DOM.div(this.props, this.props.children);","  }","};","","module.exports = Helpers.Element(Element);",""],"l":{"3":1,"4":1,"8":0,"12":1}}}