{"/home/travis/build/npmtest/node-npmtest-react-scroll/test.js":{"path":"/home/travis/build/npmtest/node-npmtest-react-scroll/test.js","s":{"1":2,"2":2,"3":2,"4":2,"5":2,"6":2,"7":2,"8":1,"9":2,"10":2,"11":1,"12":1,"13":1,"14":1,"15":2,"16":2,"17":2,"18":2,"19":1,"20":1,"21":2,"22":2,"23":2,"24":1,"25":1,"26":1,"27":1,"28":1,"29":1,"30":1,"31":1,"32":1,"33":1,"34":1,"35":1,"36":1,"37":1,"38":1,"39":2,"40":2,"41":1,"42":2,"43":2,"44":1,"45":2,"46":2,"47":1,"48":2,"49":2,"50":1,"51":1,"52":1,"53":1,"54":1},"b":{"1":[2,1,1,1],"2":[1,1,1,1],"3":[1,1],"4":[1,1],"5":[1,1],"6":[1,1],"7":[1,1],"8":[1,1],"9":[1,1],"10":[1,1,1],"11":[1,1],"12":[1,1],"13":[1,1],"14":[1,1],"15":[1,1],"16":[1,1],"17":[1,1]},"f":{"1":2,"2":2,"3":2,"4":2,"5":2,"6":1,"7":1,"8":1,"9":2,"10":2,"11":2,"12":2,"13":1},"fnMap":{"1":{"name":"(anonymous_1)","line":12,"loc":{"start":{"line":12,"column":1},"end":{"line":12,"column":13}}},"2":{"name":"(anonymous_2)","line":19,"loc":{"start":{"line":19,"column":5},"end":{"line":19,"column":17}}},"3":{"name":"(anonymous_3)","line":23,"loc":{"start":{"line":23,"column":24},"end":{"line":23,"column":36}}},"4":{"name":"(anonymous_4)","line":61,"loc":{"start":{"line":61,"column":5},"end":{"line":61,"column":17}}},"5":{"name":"(anonymous_5)","line":82,"loc":{"start":{"line":82,"column":5},"end":{"line":82,"column":17}}},"6":{"name":"(anonymous_6)","line":91,"loc":{"start":{"line":91,"column":77},"end":{"line":94,"column":10}}},"7":{"name":"(anonymous_7)","line":112,"loc":{"start":{"line":112,"column":83},"end":{"line":115,"column":10}},"skip":true},"8":{"name":"(anonymous_8)","line":123,"loc":{"start":{"line":123,"column":77},"end":{"line":126,"column":10}},"skip":true},"9":{"name":"(anonymous_9)","line":139,"loc":{"start":{"line":139,"column":12},"end":{"line":139,"column":40}},"skip":true},"10":{"name":"(anonymous_10)","line":147,"loc":{"start":{"line":147,"column":77},"end":{"line":150,"column":10}},"skip":true},"11":{"name":"(anonymous_11)","line":158,"loc":{"start":{"line":158,"column":83},"end":{"line":161,"column":10}},"skip":true},"12":{"name":"(anonymous_12)","line":169,"loc":{"start":{"line":169,"column":79},"end":{"line":172,"column":10}},"skip":true},"13":{"name":"(anonymous_13)","line":180,"loc":{"start":{"line":180,"column":75},"end":{"line":183,"column":10}},"skip":true}},"statementMap":{"1":{"start":{"line":12,"column":0},"end":{"line":195,"column":5}},"2":{"start":{"line":14,"column":4},"end":{"line":14,"column":14}},"3":{"start":{"line":19,"column":4},"end":{"line":56,"column":9}},"4":{"start":{"line":21,"column":8},"end":{"line":21,"column":19}},"5":{"start":{"line":23,"column":8},"end":{"line":35,"column":13}},"6":{"start":{"line":24,"column":12},"end":{"line":34,"column":13}},"7":{"start":{"line":25,"column":16},"end":{"line":28,"column":30}},"8":{"start":{"line":30,"column":16},"end":{"line":33,"column":27}},"9":{"start":{"line":37,"column":8},"end":{"line":39,"column":21}},"10":{"start":{"line":40,"column":8},"end":{"line":53,"column":9}},"11":{"start":{"line":43,"column":12},"end":{"line":46,"column":14}},"12":{"start":{"line":47,"column":12},"end":{"line":47,"column":18}},"13":{"start":{"line":50,"column":12},"end":{"line":51,"column":33}},"14":{"start":{"line":52,"column":12},"end":{"line":52,"column":18}},"15":{"start":{"line":55,"column":8},"end":{"line":55,"column":35}},"16":{"start":{"line":61,"column":4},"end":{"line":63,"column":9}},"17":{"start":{"line":62,"column":8},"end":{"line":62,"column":15}},"18":{"start":{"line":64,"column":4},"end":{"line":77,"column":5}},"19":{"start":{"line":70,"column":8},"end":{"line":70,"column":14}},"20":{"start":{"line":76,"column":8},"end":{"line":76,"column":14}},"21":{"start":{"line":82,"column":4},"end":{"line":84,"column":9}},"22":{"start":{"line":83,"column":8},"end":{"line":83,"column":15}},"23":{"start":{"line":85,"column":4},"end":{"line":194,"column":5}},"24":{"start":{"line":91,"column":8},"end":{"line":99,"column":10}},"25":{"start":{"line":98,"column":12},"end":{"line":98,"column":35}},"26":{"start":{"line":102,"column":8},"end":{"line":104,"column":63}},"27":{"start":{"line":105,"column":8},"end":{"line":105,"column":14}},"28":{"start":{"line":112,"column":8},"end":{"line":121,"column":10},"skip":true},"29":{"start":{"line":119,"column":12},"end":{"line":119,"column":55},"skip":true},"30":{"start":{"line":120,"column":12},"end":{"line":120,"column":48},"skip":true},"31":{"start":{"line":123,"column":8},"end":{"line":136,"column":10},"skip":true},"32":{"start":{"line":130,"column":12},"end":{"line":130,"column":76},"skip":true},"33":{"start":{"line":131,"column":12},"end":{"line":131,"column":73},"skip":true},"34":{"start":{"line":132,"column":12},"end":{"line":132,"column":74},"skip":true},"35":{"start":{"line":133,"column":12},"end":{"line":133,"column":79},"skip":true},"36":{"start":{"line":134,"column":12},"end":{"line":134,"column":25},"skip":true},"37":{"start":{"line":135,"column":12},"end":{"line":135,"column":45},"skip":true},"38":{"start":{"line":138,"column":8},"end":{"line":145,"column":14},"skip":true},"39":{"start":{"line":143,"column":16},"end":{"line":143,"column":29},"skip":true},"40":{"start":{"line":144,"column":16},"end":{"line":144,"column":55},"skip":true},"41":{"start":{"line":147,"column":8},"end":{"line":156,"column":10},"skip":true},"42":{"start":{"line":154,"column":12},"end":{"line":154,"column":25},"skip":true},"43":{"start":{"line":155,"column":12},"end":{"line":155,"column":45},"skip":true},"44":{"start":{"line":158,"column":8},"end":{"line":167,"column":10},"skip":true},"45":{"start":{"line":165,"column":12},"end":{"line":165,"column":25},"skip":true},"46":{"start":{"line":166,"column":12},"end":{"line":166,"column":48},"skip":true},"47":{"start":{"line":169,"column":8},"end":{"line":178,"column":10},"skip":true},"48":{"start":{"line":176,"column":12},"end":{"line":176,"column":25},"skip":true},"49":{"start":{"line":177,"column":12},"end":{"line":177,"column":46},"skip":true},"50":{"start":{"line":180,"column":8},"end":{"line":189,"column":10},"skip":true},"51":{"start":{"line":187,"column":12},"end":{"line":187,"column":94},"skip":true},"52":{"start":{"line":188,"column":12},"end":{"line":188,"column":48},"skip":true},"53":{"start":{"line":192,"column":8},"end":{"line":192,"column":35},"skip":true},"54":{"start":{"line":193,"column":8},"end":{"line":193,"column":14},"skip":true}},"branchMap":{"1":{"line":25,"type":"binary-expr","locations":[{"start":{"line":25,"column":23},"end":{"line":25,"column":62}},{"start":{"line":26,"column":20},"end":{"line":26,"column":70}},{"start":{"line":27,"column":20},"end":{"line":27,"column":71}},{"start":{"line":28,"column":20},"end":{"line":28,"column":29}}]},"2":{"line":30,"type":"binary-expr","locations":[{"start":{"line":30,"column":23},"end":{"line":30,"column":37}},{"start":{"line":31,"column":20},"end":{"line":31,"column":61}},{"start":{"line":32,"column":20},"end":{"line":32,"column":70}},{"start":{"line":33,"column":20},"end":{"line":33,"column":26}}]},"3":{"line":37,"type":"cond-expr","locations":[{"start":{"line":38,"column":14},"end":{"line":38,"column":20}},{"start":{"line":39,"column":14},"end":{"line":39,"column":20}}]},"4":{"line":40,"type":"switch","locations":[{"start":{"line":42,"column":8},"end":{"line":47,"column":18}},{"start":{"line":49,"column":8},"end":{"line":52,"column":18}}]},"5":{"line":44,"type":"binary-expr","locations":[{"start":{"line":44,"column":16},"end":{"line":44,"column":44}},{"start":{"line":44,"column":48},"end":{"line":44,"column":66}}]},"6":{"line":50,"type":"binary-expr","locations":[{"start":{"line":50,"column":21},"end":{"line":50,"column":49}},{"start":{"line":50,"column":53},"end":{"line":50,"column":72}}]},"7":{"line":64,"type":"switch","locations":[{"start":{"line":69,"column":4},"end":{"line":70,"column":14}},{"start":{"line":75,"column":4},"end":{"line":76,"column":14}}]},"8":{"line":85,"type":"switch","locations":[{"start":{"line":90,"column":4},"end":{"line":105,"column":14}},{"start":{"line":111,"column":4},"end":{"line":193,"column":14},"skip":true}]},"9":{"line":91,"type":"binary-expr","locations":[{"start":{"line":91,"column":42},"end":{"line":91,"column":73}},{"start":{"line":91,"column":77},"end":{"line":99,"column":9}}]},"10":{"line":102,"type":"binary-expr","locations":[{"start":{"line":102,"column":18},"end":{"line":102,"column":32}},{"start":{"line":103,"column":12},"end":{"line":103,"column":53}},{"start":{"line":104,"column":12},"end":{"line":104,"column":61}}]},"11":{"line":112,"type":"binary-expr","locations":[{"start":{"line":112,"column":45},"end":{"line":112,"column":79},"skip":true},{"start":{"line":112,"column":83},"end":{"line":121,"column":9},"skip":true}]},"12":{"line":123,"type":"binary-expr","locations":[{"start":{"line":123,"column":42},"end":{"line":123,"column":73},"skip":true},{"start":{"line":123,"column":77},"end":{"line":136,"column":9},"skip":true}]},"13":{"line":138,"type":"binary-expr","locations":[{"start":{"line":138,"column":48},"end":{"line":138,"column":85},"skip":true},{"start":{"line":139,"column":12},"end":{"line":145,"column":13},"skip":true}]},"14":{"line":147,"type":"binary-expr","locations":[{"start":{"line":147,"column":42},"end":{"line":147,"column":73},"skip":true},{"start":{"line":147,"column":77},"end":{"line":156,"column":9},"skip":true}]},"15":{"line":158,"type":"binary-expr","locations":[{"start":{"line":158,"column":45},"end":{"line":158,"column":79},"skip":true},{"start":{"line":158,"column":83},"end":{"line":167,"column":9},"skip":true}]},"16":{"line":169,"type":"binary-expr","locations":[{"start":{"line":169,"column":43},"end":{"line":169,"column":75},"skip":true},{"start":{"line":169,"column":79},"end":{"line":178,"column":9},"skip":true}]},"17":{"line":180,"type":"binary-expr","locations":[{"start":{"line":180,"column":41},"end":{"line":180,"column":71},"skip":true},{"start":{"line":180,"column":75},"end":{"line":189,"column":9},"skip":true}]}},"code":["/* istanbul instrument in package npmtest_react_scroll */","/*jslint","    bitwise: true,","    browser: true,","    maxerr: 8,","    maxlen: 96,","    node: true,","    nomen: true,","    regexp: true,","    stupid: true","*/","(function () {","    'use strict';","    var local;","","","","    // run shared js-env code - init-before","    (function () {","        // init local","        local = {};","        // init modeJs","        local.modeJs = (function () {","            try {","                return typeof navigator.userAgent === 'string' &&","                    typeof document.querySelector('body') === 'object' &&","                    typeof XMLHttpRequest.prototype.open === 'function' &&","                    'browser';","            } catch (errorCaughtBrowser) {","                return module.exports &&","                    typeof process.versions.node === 'string' &&","                    typeof require('http').createServer === 'function' &&","                    'node';","            }","        }());","        // init global","        local.global = local.modeJs === 'browser'","            ? window","            : global;","        switch (local.modeJs) {","        // re-init local from window.local","        case 'browser':","            local = local.global.utility2.objectSetDefault(","                local.global.utility2_rollup || local.global.local,","                local.global.utility2","            );","            break;","        // re-init local from example.js","        case 'node':","            local = (local.global.utility2_rollup || require('utility2'))","                .requireReadme();","            break;","        }","        // export local","        local.global.local = local;","    }());","","","","    // run shared js-env code - function","    (function () {","        return;","    }());","    switch (local.modeJs) {","","","","    // run browser js-env code - function","    case 'browser':","        break;","","","","    // run node js-env code - function","    case 'node':","        break;","    }","","","","    // run shared js-env code - init-after","    (function () {","        return;","    }());","    switch (local.modeJs) {","","","","    // run browser js-env code - init-after","    case 'browser':","        local.testCase_browser_nullCase = local.testCase_browser_nullCase || function (","            options,","            onError","        ) {","        /*","         * this function will test browsers's null-case handling-behavior-behavior","         */","            onError(null, options);","        };","","        // run tests","        local.nop(local.modeTest &&","            document.querySelector('#testRunButton1') &&","            document.querySelector('#testRunButton1').click());","        break;","","","","    // run node js-env code - init-after","    /* istanbul ignore next */","    case 'node':","        local.testCase_buildApidoc_default = local.testCase_buildApidoc_default || function (","            options,","            onError","        ) {","        /*","         * this function will test buildApidoc's default handling-behavior-behavior","         */","            options = { modulePathList: module.paths };","            local.buildApidoc(options, onError);","        };","","        local.testCase_buildApp_default = local.testCase_buildApp_default || function (","            options,","            onError","        ) {","        /*","         * this function will test buildApp's default handling-behavior-behavior","         */","            local.testCase_buildReadme_default(options, local.onErrorThrow);","            local.testCase_buildLib_default(options, local.onErrorThrow);","            local.testCase_buildTest_default(options, local.onErrorThrow);","            local.testCase_buildCustomOrg_default(options, local.onErrorThrow);","            options = [];","            local.buildApp(options, onError);","        };","","        local.testCase_buildCustomOrg_default = local.testCase_buildCustomOrg_default ||","            function (options, onError) {","            /*","             * this function will test buildCustomOrg's default handling-behavior","             */","                options = {};","                local.buildCustomOrg(options, onError);","            };","","        local.testCase_buildLib_default = local.testCase_buildLib_default || function (","            options,","            onError","        ) {","        /*","         * this function will test buildLib's default handling-behavior","         */","            options = {};","            local.buildLib(options, onError);","        };","","        local.testCase_buildReadme_default = local.testCase_buildReadme_default || function (","            options,","            onError","        ) {","        /*","         * this function will test buildReadme's default handling-behavior-behavior","         */","            options = {};","            local.buildReadme(options, onError);","        };","","        local.testCase_buildTest_default = local.testCase_buildTest_default || function (","            options,","            onError","        ) {","        /*","         * this function will test buildTest's default handling-behavior","         */","            options = {};","            local.buildTest(options, onError);","        };","","        local.testCase_webpage_default = local.testCase_webpage_default || function (","            options,","            onError","        ) {","        /*","         * this function will test webpage's default handling-behavior","         */","            options = { modeCoverageMerge: true, url: local.serverLocalHost + '?modeTest=1' };","            local.browserTest(options, onError);","        };","","        // run test-server","        local.testRunServer(local);","        break;","    }","}());",""],"l":{"12":2,"14":2,"19":2,"21":2,"23":2,"24":2,"25":2,"30":1,"37":2,"40":2,"43":1,"47":1,"50":1,"52":1,"55":2,"61":2,"62":2,"64":2,"70":1,"76":1,"82":2,"83":2,"85":2,"91":1,"98":1,"102":1,"105":1,"112":1,"119":1,"120":1,"123":1,"130":1,"131":1,"132":1,"133":1,"134":1,"135":1,"138":1,"143":2,"144":2,"147":1,"154":2,"155":2,"158":1,"165":2,"166":2,"169":1,"176":2,"177":2,"180":1,"187":1,"188":1,"192":1,"193":1}},"/home/travis/build/npmtest/node-npmtest-react-scroll/lib.npmtest_react_scroll.js":{"path":"/home/travis/build/npmtest/node-npmtest-react-scroll/lib.npmtest_react_scroll.js","s":{"1":2,"2":2,"3":2,"4":2,"5":2,"6":2,"7":2,"8":1,"9":2,"10":2,"11":2,"12":2,"13":1,"14":1,"15":1,"16":1},"b":{"1":[2,1,1,1],"2":[1,1,1,1],"3":[1,1],"4":[2,2],"5":[1,1]},"f":{"1":2,"2":2,"3":2},"fnMap":{"1":{"name":"(anonymous_1)","line":12,"loc":{"start":{"line":12,"column":1},"end":{"line":12,"column":13}}},"2":{"name":"(anonymous_2)","line":19,"loc":{"start":{"line":19,"column":5},"end":{"line":19,"column":17}}},"3":{"name":"(anonymous_3)","line":23,"loc":{"start":{"line":23,"column":24},"end":{"line":23,"column":36}}}},"statementMap":{"1":{"start":{"line":12,"column":0},"end":{"line":53,"column":5}},"2":{"start":{"line":14,"column":4},"end":{"line":14,"column":14}},"3":{"start":{"line":19,"column":4},"end":{"line":52,"column":9}},"4":{"start":{"line":21,"column":8},"end":{"line":21,"column":19}},"5":{"start":{"line":23,"column":8},"end":{"line":35,"column":13}},"6":{"start":{"line":24,"column":12},"end":{"line":34,"column":13}},"7":{"start":{"line":25,"column":16},"end":{"line":28,"column":30}},"8":{"start":{"line":30,"column":16},"end":{"line":33,"column":27}},"9":{"start":{"line":37,"column":8},"end":{"line":39,"column":21}},"10":{"start":{"line":41,"column":8},"end":{"line":41,"column":54}},"11":{"start":{"line":43,"column":8},"end":{"line":43,"column":57}},"12":{"start":{"line":45,"column":8},"end":{"line":51,"column":9}},"13":{"start":{"line":46,"column":12},"end":{"line":46,"column":63}},"14":{"start":{"line":48,"column":12},"end":{"line":48,"column":35}},"15":{"start":{"line":49,"column":12},"end":{"line":49,"column":49}},"16":{"start":{"line":50,"column":12},"end":{"line":50,"column":43}}},"branchMap":{"1":{"line":25,"type":"binary-expr","locations":[{"start":{"line":25,"column":23},"end":{"line":25,"column":62}},{"start":{"line":26,"column":20},"end":{"line":26,"column":70}},{"start":{"line":27,"column":20},"end":{"line":27,"column":71}},{"start":{"line":28,"column":20},"end":{"line":28,"column":29}}]},"2":{"line":30,"type":"binary-expr","locations":[{"start":{"line":30,"column":23},"end":{"line":30,"column":37}},{"start":{"line":31,"column":20},"end":{"line":31,"column":61}},{"start":{"line":32,"column":20},"end":{"line":32,"column":70}},{"start":{"line":33,"column":20},"end":{"line":33,"column":26}}]},"3":{"line":37,"type":"cond-expr","locations":[{"start":{"line":38,"column":14},"end":{"line":38,"column":20}},{"start":{"line":39,"column":14},"end":{"line":39,"column":20}}]},"4":{"line":41,"type":"binary-expr","locations":[{"start":{"line":41,"column":16},"end":{"line":41,"column":44}},{"start":{"line":41,"column":48},"end":{"line":41,"column":53}}]},"5":{"line":45,"type":"if","locations":[{"start":{"line":45,"column":8},"end":{"line":45,"column":8}},{"start":{"line":45,"column":8},"end":{"line":45,"column":8}}]}},"code":["/* istanbul instrument in package npmtest_react_scroll */","/*jslint","    bitwise: true,","    browser: true,","    maxerr: 8,","    maxlen: 96,","    node: true,","    nomen: true,","    regexp: true,","    stupid: true","*/","(function () {","    'use strict';","    var local;","","","","    // run shared js-env code - init-before","    (function () {","        // init local","        local = {};","        // init modeJs","        local.modeJs = (function () {","            try {","                return typeof navigator.userAgent === 'string' &&","                    typeof document.querySelector('body') === 'object' &&","                    typeof XMLHttpRequest.prototype.open === 'function' &&","                    'browser';","            } catch (errorCaughtBrowser) {","                return module.exports &&","                    typeof process.versions.node === 'string' &&","                    typeof require('http').createServer === 'function' &&","                    'node';","            }","        }());","        // init global","        local.global = local.modeJs === 'browser'","            ? window","            : global;","        // init utility2_rollup","        local = local.global.utility2_rollup || local;","        // init lib","        local.local = local.npmtest_react_scroll = local;","        // init exports","        if (local.modeJs === 'browser') {","            local.global.utility2_npmtest_react_scroll = local;","        } else {","            module.exports = local;","            module.exports.__dirname = __dirname;","            module.exports.module = module;","        }","    }());","}());",""],"l":{"12":2,"14":2,"19":2,"21":2,"23":2,"24":2,"25":2,"30":1,"37":2,"41":2,"43":2,"45":2,"46":1,"48":1,"49":1,"50":1}},"/home/travis/build/npmtest/node-npmtest-react-scroll/example.js":{"path":"/home/travis/build/npmtest/node-npmtest-react-scroll/example.js","s":{"1":2,"2":2,"3":2,"4":2,"5":2,"6":2,"7":2,"8":1,"9":2,"10":2,"11":2,"12":2,"13":1,"14":2,"15":2,"16":2,"17":2,"18":2,"19":0,"20":2,"21":1,"22":1,"23":1,"24":1,"25":1,"26":0,"27":0,"28":1,"29":1,"30":2,"31":0,"32":0,"33":0,"34":1,"35":2,"36":2,"37":3,"38":3,"39":3,"40":3,"41":0,"42":3,"43":3,"44":3,"45":1,"46":3,"47":1,"48":1,"49":1,"50":1,"51":1,"52":1,"53":1,"54":1,"55":1,"56":1,"57":0,"58":1,"59":6,"60":6,"61":1,"62":2,"63":0,"64":2,"65":1,"66":1,"67":0,"68":0,"69":0,"70":0,"71":0,"72":0,"73":0,"74":0,"75":0,"76":0,"77":0,"78":0,"79":0,"80":0,"81":0,"82":0,"83":0},"b":{"1":[2,1,1,1],"2":[1,1,1,1],"3":[1,1],"4":[2,2],"5":[1,1],"6":[1,1],"7":[2,0],"8":[2,1,1,1,1,1],"9":[0,2,0],"10":[1,1],"11":[2,1,1],"12":[1,0],"13":[0,2],"14":[2,0,0,0,0,0,0],"15":[0,3],"16":[3,0],"17":[1,1],"18":[0,1],"19":[1,2,0,2],"20":[1,0],"21":[1,1],"22":[0,0],"23":[0,0],"24":[0,0],"25":[0,0],"26":[0,0],"27":[0,0],"28":[0,0]},"f":{"1":2,"2":2,"3":2,"4":2,"5":2,"6":2,"7":3,"8":3,"9":3,"10":1,"11":6,"12":0},"fnMap":{"1":{"name":"(anonymous_1)","line":26,"loc":{"start":{"line":26,"column":1},"end":{"line":26,"column":13}}},"2":{"name":"(anonymous_2)","line":33,"loc":{"start":{"line":33,"column":5},"end":{"line":33,"column":17}}},"3":{"name":"(anonymous_3)","line":37,"loc":{"start":{"line":37,"column":24},"end":{"line":37,"column":36}}},"4":{"name":"(anonymous_4)","line":69,"loc":{"start":{"line":69,"column":31},"end":{"line":69,"column":48}},"skip":true},"5":{"name":"(anonymous_5)","line":78,"loc":{"start":{"line":78,"column":26},"end":{"line":78,"column":45}},"skip":true},"6":{"name":"(anonymous_6)","line":123,"loc":{"start":{"line":123,"column":33},"end":{"line":123,"column":48}},"skip":true},"7":{"name":"(anonymous_7)","line":125,"loc":{"start":{"line":125,"column":27},"end":{"line":125,"column":39}},"skip":true},"8":{"name":"(anonymous_8)","line":133,"loc":{"start":{"line":133,"column":59},"end":{"line":133,"column":74}},"skip":true},"9":{"name":"(anonymous_9)","line":143,"loc":{"start":{"line":143,"column":45},"end":{"line":143,"column":62}},"skip":true},"10":{"name":"(anonymous_10)","line":144,"loc":{"start":{"line":144,"column":73},"end":{"line":144,"column":92}},"skip":true},"11":{"name":"(anonymous_11)","line":272,"loc":{"start":{"line":272,"column":51},"end":{"line":272,"column":77}},"skip":true},"12":{"name":"(anonymous_12)","line":315,"loc":{"start":{"line":315,"column":32},"end":{"line":315,"column":61}},"skip":true}},"statementMap":{"1":{"start":{"line":26,"column":0},"end":{"line":326,"column":5}},"2":{"start":{"line":28,"column":4},"end":{"line":28,"column":14}},"3":{"start":{"line":33,"column":4},"end":{"line":60,"column":9}},"4":{"start":{"line":35,"column":8},"end":{"line":35,"column":19}},"5":{"start":{"line":37,"column":8},"end":{"line":49,"column":13}},"6":{"start":{"line":38,"column":12},"end":{"line":48,"column":13}},"7":{"start":{"line":39,"column":16},"end":{"line":42,"column":30}},"8":{"start":{"line":44,"column":16},"end":{"line":47,"column":27}},"9":{"start":{"line":51,"column":8},"end":{"line":53,"column":21}},"10":{"start":{"line":55,"column":8},"end":{"line":57,"column":45}},"11":{"start":{"line":59,"column":8},"end":{"line":59,"column":35}},"12":{"start":{"line":61,"column":4},"end":{"line":325,"column":5}},"13":{"start":{"line":69,"column":8},"end":{"line":121,"column":10},"skip":true},"14":{"start":{"line":70,"column":12},"end":{"line":88,"column":13},"skip":true},"15":{"start":{"line":76,"column":16},"end":{"line":87,"column":19},"skip":true},"16":{"start":{"line":79,"column":20},"end":{"line":86,"column":21},"skip":true},"17":{"start":{"line":82,"column":24},"end":{"line":82,"column":43},"skip":true},"18":{"start":{"line":83,"column":24},"end":{"line":83,"column":30},"skip":true},"19":{"start":{"line":85,"column":24},"end":{"line":85,"column":49},"skip":true},"20":{"start":{"line":89,"column":12},"end":{"line":107,"column":13},"skip":true},"21":{"start":{"line":92,"column":16},"end":{"line":102,"column":17},"skip":true},"22":{"start":{"line":93,"column":20},"end":{"line":93,"column":86},"skip":true},"23":{"start":{"line":94,"column":20},"end":{"line":95,"column":45},"skip":true},"24":{"start":{"line":96,"column":20},"end":{"line":96,"column":42},"skip":true},"25":{"start":{"line":97,"column":20},"end":{"line":97,"column":48},"skip":true},"26":{"start":{"line":100,"column":20},"end":{"line":100,"column":85},"skip":true},"27":{"start":{"line":101,"column":20},"end":{"line":101,"column":96},"skip":true},"28":{"start":{"line":103,"column":16},"end":{"line":103,"column":22},"skip":true},"29":{"start":{"line":106,"column":16},"end":{"line":106,"column":22},"skip":true},"30":{"start":{"line":108,"column":12},"end":{"line":120,"column":13},"skip":true},"31":{"start":{"line":114,"column":16},"end":{"line":119,"column":17},"skip":true},"32":{"start":{"line":116,"column":20},"end":{"line":116,"column":78},"skip":true},"33":{"start":{"line":118,"column":20},"end":{"line":118,"column":47},"skip":true},"34":{"start":{"line":123,"column":8},"end":{"line":141,"column":11},"skip":true},"35":{"start":{"line":124,"column":12},"end":{"line":124,"column":54},"skip":true},"36":{"start":{"line":125,"column":12},"end":{"line":140,"column":14},"skip":true},"37":{"start":{"line":126,"column":16},"end":{"line":126,"column":28},"skip":true},"38":{"start":{"line":127,"column":16},"end":{"line":127,"column":69},"skip":true},"39":{"start":{"line":128,"column":16},"end":{"line":128,"column":75},"skip":true},"40":{"start":{"line":129,"column":16},"end":{"line":131,"column":17},"skip":true},"41":{"start":{"line":130,"column":20},"end":{"line":130,"column":27},"skip":true},"42":{"start":{"line":133,"column":16},"end":{"line":137,"column":36},"skip":true},"43":{"start":{"line":134,"column":20},"end":{"line":136,"column":55},"skip":true},"44":{"start":{"line":139,"column":16},"end":{"line":139,"column":57},"skip":true},"45":{"start":{"line":143,"column":8},"end":{"line":147,"column":11},"skip":true},"46":{"start":{"line":144,"column":12},"end":{"line":146,"column":15},"skip":true},"47":{"start":{"line":145,"column":16},"end":{"line":145,"column":70},"skip":true},"48":{"start":{"line":149,"column":8},"end":{"line":149,"column":31},"skip":true},"49":{"start":{"line":150,"column":8},"end":{"line":150,"column":14},"skip":true},"50":{"start":{"line":158,"column":8},"end":{"line":158,"column":31},"skip":true},"51":{"start":{"line":160,"column":8},"end":{"line":160,"column":33},"skip":true},"52":{"start":{"line":161,"column":8},"end":{"line":161,"column":37},"skip":true},"53":{"start":{"line":162,"column":8},"end":{"line":162,"column":35},"skip":true},"54":{"start":{"line":164,"column":8},"end":{"line":164,"column":50},"skip":true},"55":{"start":{"line":166,"column":8},"end":{"line":256,"column":2},"skip":true},"56":{"start":{"line":258,"column":8},"end":{"line":286,"column":9},"skip":true},"57":{"start":{"line":259,"column":12},"end":{"line":269,"column":14},"skip":true},"58":{"start":{"line":271,"column":12},"end":{"line":285,"column":19},"skip":true},"59":{"start":{"line":274,"column":20},"end":{"line":274,"column":35},"skip":true},"60":{"start":{"line":275,"column":20},"end":{"line":284,"column":21},"skip":true},"61":{"start":{"line":277,"column":24},"end":{"line":277,"column":64},"skip":true},"62":{"start":{"line":279,"column":24},"end":{"line":279,"column":40},"skip":true},"63":{"start":{"line":281,"column":24},"end":{"line":281,"column":40},"skip":true},"64":{"start":{"line":283,"column":24},"end":{"line":283,"column":39},"skip":true},"65":{"start":{"line":288,"column":8},"end":{"line":290,"column":9},"skip":true},"66":{"start":{"line":289,"column":12},"end":{"line":289,"column":18},"skip":true},"67":{"start":{"line":291,"column":8},"end":{"line":293,"column":54},"skip":true},"68":{"start":{"line":296,"column":8},"end":{"line":301,"column":37},"skip":true},"69":{"start":{"line":303,"column":8},"end":{"line":303,"column":82},"skip":true},"70":{"start":{"line":306,"column":8},"end":{"line":308,"column":9},"skip":true},"71":{"start":{"line":307,"column":12},"end":{"line":307,"column":82},"skip":true},"72":{"start":{"line":310,"column":8},"end":{"line":312,"column":9},"skip":true},"73":{"start":{"line":311,"column":12},"end":{"line":311,"column":18},"skip":true},"74":{"start":{"line":313,"column":8},"end":{"line":313,"column":54},"skip":true},"75":{"start":{"line":314,"column":8},"end":{"line":314,"column":69},"skip":true},"76":{"start":{"line":315,"column":8},"end":{"line":323,"column":36},"skip":true},"77":{"start":{"line":316,"column":12},"end":{"line":316,"column":61},"skip":true},"78":{"start":{"line":317,"column":12},"end":{"line":320,"column":13},"skip":true},"79":{"start":{"line":318,"column":16},"end":{"line":318,"column":75},"skip":true},"80":{"start":{"line":319,"column":16},"end":{"line":319,"column":23},"skip":true},"81":{"start":{"line":321,"column":12},"end":{"line":321,"column":38},"skip":true},"82":{"start":{"line":322,"column":12},"end":{"line":322,"column":27},"skip":true},"83":{"start":{"line":324,"column":8},"end":{"line":324,"column":14},"skip":true}},"branchMap":{"1":{"line":39,"type":"binary-expr","locations":[{"start":{"line":39,"column":23},"end":{"line":39,"column":62}},{"start":{"line":40,"column":20},"end":{"line":40,"column":70}},{"start":{"line":41,"column":20},"end":{"line":41,"column":71}},{"start":{"line":42,"column":20},"end":{"line":42,"column":29}}]},"2":{"line":44,"type":"binary-expr","locations":[{"start":{"line":44,"column":23},"end":{"line":44,"column":37}},{"start":{"line":45,"column":20},"end":{"line":45,"column":61}},{"start":{"line":46,"column":20},"end":{"line":46,"column":70}},{"start":{"line":47,"column":20},"end":{"line":47,"column":26}}]},"3":{"line":51,"type":"cond-expr","locations":[{"start":{"line":52,"column":14},"end":{"line":52,"column":20}},{"start":{"line":53,"column":14},"end":{"line":53,"column":20}}]},"4":{"line":55,"type":"binary-expr","locations":[{"start":{"line":55,"column":16},"end":{"line":55,"column":44}},{"start":{"line":55,"column":49},"end":{"line":57,"column":43}}]},"5":{"line":55,"type":"cond-expr","locations":[{"start":{"line":56,"column":14},"end":{"line":56,"column":56}},{"start":{"line":57,"column":14},"end":{"line":57,"column":43}}]},"6":{"line":61,"type":"switch","locations":[{"start":{"line":68,"column":4},"end":{"line":150,"column":14},"skip":true},{"start":{"line":156,"column":4},"end":{"line":324,"column":14},"skip":true}]},"7":{"line":70,"type":"if","locations":[{"start":{"line":70,"column":12},"end":{"line":70,"column":12},"skip":true},{"start":{"line":70,"column":12},"end":{"line":70,"column":12},"skip":true}]},"8":{"line":70,"type":"binary-expr","locations":[{"start":{"line":70,"column":16},"end":{"line":70,"column":22},"skip":true},{"start":{"line":70,"column":27},"end":{"line":70,"column":32},"skip":true},{"start":{"line":71,"column":20},"end":{"line":71,"column":39},"skip":true},{"start":{"line":72,"column":20},"end":{"line":72,"column":49},"skip":true},{"start":{"line":73,"column":20},"end":{"line":73,"column":58},"skip":true},{"start":{"line":74,"column":20},"end":{"line":74,"column":69},"skip":true}]},"9":{"line":79,"type":"switch","locations":[{"start":{"line":80,"column":20},"end":{"line":80,"column":33},"skip":true},{"start":{"line":81,"column":20},"end":{"line":83,"column":30},"skip":true},{"start":{"line":84,"column":20},"end":{"line":85,"column":49},"skip":true}]},"10":{"line":89,"type":"switch","locations":[{"start":{"line":90,"column":12},"end":{"line":103,"column":22},"skip":true},{"start":{"line":105,"column":12},"end":{"line":106,"column":22},"skip":true}]},"11":{"line":89,"type":"binary-expr","locations":[{"start":{"line":89,"column":20},"end":{"line":89,"column":25},"skip":true},{"start":{"line":89,"column":29},"end":{"line":89,"column":48},"skip":true},{"start":{"line":89,"column":52},"end":{"line":89,"column":74},"skip":true}]},"12":{"line":92,"type":"if","locations":[{"start":{"line":92,"column":16},"end":{"line":92,"column":16},"skip":true},{"start":{"line":92,"column":16},"end":{"line":92,"column":16},"skip":true}]},"13":{"line":108,"type":"if","locations":[{"start":{"line":108,"column":12},"end":{"line":108,"column":12},"skip":true},{"start":{"line":108,"column":12},"end":{"line":108,"column":12},"skip":true}]},"14":{"line":108,"type":"binary-expr","locations":[{"start":{"line":108,"column":16},"end":{"line":108,"column":61},"skip":true},{"start":{"line":108,"column":66},"end":{"line":108,"column":72},"skip":true},{"start":{"line":108,"column":77},"end":{"line":108,"column":82},"skip":true},{"start":{"line":109,"column":20},"end":{"line":109,"column":39},"skip":true},{"start":{"line":110,"column":20},"end":{"line":110,"column":49},"skip":true},{"start":{"line":111,"column":20},"end":{"line":111,"column":58},"skip":true},{"start":{"line":112,"column":20},"end":{"line":112,"column":68},"skip":true}]},"15":{"line":129,"type":"if","locations":[{"start":{"line":129,"column":16},"end":{"line":129,"column":16},"skip":true},{"start":{"line":129,"column":16},"end":{"line":129,"column":16},"skip":true}]},"16":{"line":134,"type":"cond-expr","locations":[{"start":{"line":135,"column":26},"end":{"line":135,"column":29},"skip":true},{"start":{"line":136,"column":26},"end":{"line":136,"column":54},"skip":true}]},"17":{"line":164,"type":"binary-expr","locations":[{"start":{"line":164,"column":27},"end":{"line":164,"column":43},"skip":true},{"start":{"line":164,"column":47},"end":{"line":164,"column":49},"skip":true}]},"18":{"line":258,"type":"if","locations":[{"start":{"line":258,"column":8},"end":{"line":258,"column":8},"skip":true},{"start":{"line":258,"column":8},"end":{"line":258,"column":8},"skip":true}]},"19":{"line":275,"type":"switch","locations":[{"start":{"line":276,"column":20},"end":{"line":277,"column":64},"skip":true},{"start":{"line":278,"column":20},"end":{"line":279,"column":40},"skip":true},{"start":{"line":280,"column":20},"end":{"line":281,"column":40},"skip":true},{"start":{"line":282,"column":20},"end":{"line":283,"column":39},"skip":true}]},"20":{"line":288,"type":"if","locations":[{"start":{"line":288,"column":8},"end":{"line":288,"column":8},"skip":true},{"start":{"line":288,"column":8},"end":{"line":288,"column":8},"skip":true}]},"21":{"line":288,"type":"binary-expr","locations":[{"start":{"line":288,"column":12},"end":{"line":288,"column":40},"skip":true},{"start":{"line":288,"column":44},"end":{"line":288,"column":67},"skip":true}]},"22":{"line":292,"type":"binary-expr","locations":[{"start":{"line":292,"column":12},"end":{"line":292,"column":50},"skip":true},{"start":{"line":293,"column":12},"end":{"line":293,"column":53},"skip":true}]},"23":{"line":297,"type":"binary-expr","locations":[{"start":{"line":297,"column":12},"end":{"line":297,"column":70},"skip":true},{"start":{"line":298,"column":12},"end":{"line":301,"column":36},"skip":true}]},"24":{"line":303,"type":"binary-expr","locations":[{"start":{"line":303,"column":43},"end":{"line":303,"column":75},"skip":true},{"start":{"line":303,"column":79},"end":{"line":303,"column":81},"skip":true}]},"25":{"line":306,"type":"if","locations":[{"start":{"line":306,"column":8},"end":{"line":306,"column":8},"skip":true},{"start":{"line":306,"column":8},"end":{"line":306,"column":8},"skip":true}]},"26":{"line":310,"type":"if","locations":[{"start":{"line":310,"column":8},"end":{"line":310,"column":8},"skip":true},{"start":{"line":310,"column":8},"end":{"line":310,"column":8},"skip":true}]},"27":{"line":313,"type":"binary-expr","locations":[{"start":{"line":313,"column":27},"end":{"line":313,"column":43},"skip":true},{"start":{"line":313,"column":47},"end":{"line":313,"column":53},"skip":true}]},"28":{"line":317,"type":"if","locations":[{"start":{"line":317,"column":12},"end":{"line":317,"column":12},"skip":true},{"start":{"line":317,"column":12},"end":{"line":317,"column":12},"skip":true}]}},"code":["/*","example.js","","quickstart example","","instruction","    1. save this script as example.js","    2. run the shell command:","        $ npm install npmtest-react-scroll && PORT=8081 node example.js","    3. play with the browser-demo on http://127.0.0.1:8081","*/","","","","/* istanbul instrument in package npmtest_react_scroll */","/*jslint","    bitwise: true,","    browser: true,","    maxerr: 8,","    maxlen: 96,","    node: true,","    nomen: true,","    regexp: true,","    stupid: true","*/","(function () {","    'use strict';","    var local;","","","","    // run shared js-env code - init-before","    (function () {","        // init local","        local = {};","        // init modeJs","        local.modeJs = (function () {","            try {","                return typeof navigator.userAgent === 'string' &&","                    typeof document.querySelector('body') === 'object' &&","                    typeof XMLHttpRequest.prototype.open === 'function' &&","                    'browser';","            } catch (errorCaughtBrowser) {","                return module.exports &&","                    typeof process.versions.node === 'string' &&","                    typeof require('http').createServer === 'function' &&","                    'node';","            }","        }());","        // init global","        local.global = local.modeJs === 'browser'","            ? window","            : global;","        // init utility2_rollup","        local = local.global.utility2_rollup || (local.modeJs === 'browser'","            ? local.global.utility2_npmtest_react_scroll","            : global.utility2_moduleExports);","        // export local","        local.global.local = local;","    }());","    switch (local.modeJs) {","","","","    // init-after","    // run browser js-env code - init-after","    /* istanbul ignore next */","    case 'browser':","        local.testRunBrowser = function (event) {","            if (!event || (event &&","                    event.currentTarget &&","                    event.currentTarget.className &&","                    event.currentTarget.className.includes &&","                    event.currentTarget.className.includes('onreset'))) {","                // reset output","                Array.from(","                    document.querySelectorAll('body > .resettable')","                ).forEach(function (element) {","                    switch (element.tagName) {","                    case 'INPUT':","                    case 'TEXTAREA':","                        element.value = '';","                        break;","                    default:","                        element.textContent = '';","                    }","                });","            }","            switch (event && event.currentTarget && event.currentTarget.id) {","            case 'testRunButton1':","                // show tests","                if (document.querySelector('#testReportDiv1').style.display === 'none') {","                    document.querySelector('#testReportDiv1').style.display = 'block';","                    document.querySelector('#testRunButton1').textContent =","                        'hide internal test';","                    local.modeTest = true;","                    local.testRunDefault(local);","                // hide tests","                } else {","                    document.querySelector('#testReportDiv1').style.display = 'none';","                    document.querySelector('#testRunButton1').textContent = 'run internal test';","                }","                break;","            // custom-case","            default:","                break;","            }","            if (document.querySelector('#inputTextareaEval1') && (!event || (event &&","                    event.currentTarget &&","                    event.currentTarget.className &&","                    event.currentTarget.className.includes &&","                    event.currentTarget.className.includes('oneval')))) {","                // try to eval input-code","                try {","                    /*jslint evil: true*/","                    eval(document.querySelector('#inputTextareaEval1').value);","                } catch (errorCaught) {","                    console.error(errorCaught);","                }","            }","        };","        // log stderr and stdout to #outputTextareaStdout1","        ['error', 'log'].forEach(function (key) {","            console[key + '_original'] = console[key];","            console[key] = function () {","                var element;","                console[key + '_original'].apply(console, arguments);","                element = document.querySelector('#outputTextareaStdout1');","                if (!element) {","                    return;","                }","                // append text to #outputTextareaStdout1","                element.value += Array.from(arguments).map(function (arg) {","                    return typeof arg === 'string'","                        ? arg","                        : JSON.stringify(arg, null, 4);","                }).join(' ') + '\\n';","                // scroll textarea to bottom","                element.scrollTop = element.scrollHeight;","            };","        });","        // init event-handling","        ['change', 'click', 'keyup'].forEach(function (event) {","            Array.from(document.querySelectorAll('.on' + event)).forEach(function (element) {","                element.addEventListener(event, local.testRunBrowser);","            });","        });","        // run tests","        local.testRunBrowser();","        break;","","","","    // run node js-env code - init-after","    /* istanbul ignore next */","    case 'node':","        // export local","        module.exports = local;","        // require modules","        local.fs = require('fs');","        local.http = require('http');","        local.url = require('url');","        // init assets","        local.assetsDict = local.assetsDict || {};","        /* jslint-ignore-begin */","        local.assetsDict['/assets.index.template.html'] = '\\","<!doctype html>\\n\\","<html lang=\"en\">\\n\\","<head>\\n\\","<meta charset=\"UTF-8\">\\n\\","<meta name=\"viewport\" content=\"width=device-width, initial-scale=1\">\\n\\","<title>{{env.npm_package_name}} (v{{env.npm_package_version}})</title>\\n\\","<style>\\n\\","/*csslint\\n\\","    box-sizing: false,\\n\\","    universal-selector: false\\n\\","*/\\n\\","* {\\n\\","    box-sizing: border-box;\\n\\","}\\n\\","body {\\n\\","    background: #dde;\\n\\","    font-family: Arial, Helvetica, sans-serif;\\n\\","    margin: 2rem;\\n\\","}\\n\\","body > * {\\n\\","    margin-bottom: 1rem;\\n\\","}\\n\\",".utility2FooterDiv {\\n\\","    margin-top: 20px;\\n\\","    text-align: center;\\n\\","}\\n\\","</style>\\n\\","<style>\\n\\","/*csslint\\n\\","*/\\n\\","textarea {\\n\\","    font-family: monospace;\\n\\","    height: 10rem;\\n\\","    width: 100%;\\n\\","}\\n\\","textarea[readonly] {\\n\\","    background: #ddd;\\n\\","}\\n\\","</style>\\n\\","</head>\\n\\","<body>\\n\\","<!-- utility2-comment\\n\\","<div id=\"ajaxProgressDiv1\" style=\"background: #d00; height: 2px; left: 0; margin: 0; padding: 0; position: fixed; top: 0; transition: background 0.5s, width 1.5s; width: 25%;\"></div>\\n\\","utility2-comment -->\\n\\","<h1>\\n\\","<!-- utility2-comment\\n\\","    <a\\n\\","        {{#if env.npm_package_homepage}}\\n\\","        href=\"{{env.npm_package_homepage}}\"\\n\\","        {{/if env.npm_package_homepage}}\\n\\","        target=\"_blank\"\\n\\","    >\\n\\","utility2-comment -->\\n\\","        {{env.npm_package_name}} (v{{env.npm_package_version}})\\n\\","<!-- utility2-comment\\n\\","    </a>\\n\\","utility2-comment -->\\n\\","</h1>\\n\\","<h3>{{env.npm_package_description}}</h3>\\n\\","<!-- utility2-comment\\n\\","<h4><a download href=\"assets.app.js\">download standalone app</a></h4>\\n\\","<button class=\"onclick onreset\" id=\"testRunButton1\">run internal test</button><br>\\n\\","<div id=\"testReportDiv1\" style=\"display: none;\"></div>\\n\\","utility2-comment -->\\n\\","\\n\\","\\n\\","\\n\\","<label>stderr and stdout</label>\\n\\","<textarea class=\"resettable\" id=\"outputTextareaStdout1\" readonly></textarea>\\n\\","<!-- utility2-comment\\n\\","{{#if isRollup}}\\n\\","<script src=\"assets.app.js\"></script>\\n\\","{{#unless isRollup}}\\n\\","utility2-comment -->\\n\\","<script src=\"assets.utility2.rollup.js\"></script>\\n\\","<script src=\"jsonp.utility2._stateInit?callback=window.utility2._stateInit\"></script>\\n\\","<script src=\"assets.npmtest_react_scroll.rollup.js\"></script>\\n\\","<script src=\"assets.example.js\"></script>\\n\\","<script src=\"assets.test.js\"></script>\\n\\","<!-- utility2-comment\\n\\","{{/if isRollup}}\\n\\","utility2-comment -->\\n\\","<div class=\"utility2FooterDiv\">\\n\\","    [ this app was created with\\n\\","    <a href=\"https://github.com/kaizhu256/node-utility2\" target=\"_blank\">utility2</a>\\n\\","    ]\\n\\","</div>\\n\\","</body>\\n\\","</html>\\n\\","';","        /* jslint-ignore-end */","        if (local.templateRender) {","            local.assetsDict['/'] = local.templateRender(","                local.assetsDict['/assets.index.template.html'],","                {","                    env: local.objectSetDefault(local.env, {","                        npm_package_description: 'the greatest app in the world!',","                        npm_package_name: 'my-app',","                        npm_package_nameAlias: 'my_app',","                        npm_package_version: '0.0.1'","                    })","                }","            );","        } else {","            local.assetsDict['/'] = local.assetsDict['/assets.index.template.html']","                .replace((/\\{\\{env\\.(\\w+?)\\}\\}/g), function (match0, match1) {","                    // jslint-hack","                    String(match0);","                    switch (match1) {","                    case 'npm_package_description':","                        return 'the greatest app in the world!';","                    case 'npm_package_name':","                        return 'my-app';","                    case 'npm_package_nameAlias':","                        return 'my_app';","                    case 'npm_package_version':","                        return '0.0.1';","                    }","                });","        }","        // run the cli","        if (local.global.utility2_rollup || module !== require.main) {","            break;","        }","        local.assetsDict['/assets.example.js'] =","            local.assetsDict['/assets.example.js'] ||","            local.fs.readFileSync(__filename, 'utf8');","        // bug-workaround - long $npm_package_buildCustomOrg","        /* jslint-ignore-begin */","        local.assetsDict['/assets.npmtest_react_scroll.rollup.js'] =","            local.assetsDict['/assets.npmtest_react_scroll.rollup.js'] ||","            local.fs.readFileSync(","                local.npmtest_react_scroll.__dirname + '/lib.npmtest_react_scroll.js',","                'utf8'","            ).replace((/^#!/), '//');","        /* jslint-ignore-end */","        local.assetsDict['/favicon.ico'] = local.assetsDict['/favicon.ico'] || '';","        // if $npm_config_timeout_exit exists,","        // then exit this process after $npm_config_timeout_exit ms","        if (Number(process.env.npm_config_timeout_exit)) {","            setTimeout(process.exit, Number(process.env.npm_config_timeout_exit));","        }","        // start server","        if (local.global.utility2_serverHttp1) {","            break;","        }","        process.env.PORT = process.env.PORT || '8081';","        console.error('server starting on port ' + process.env.PORT);","        local.http.createServer(function (request, response) {","            request.urlParsed = local.url.parse(request.url);","            if (local.assetsDict[request.urlParsed.pathname] !== undefined) {","                response.end(local.assetsDict[request.urlParsed.pathname]);","                return;","            }","            response.statusCode = 404;","            response.end();","        }).listen(process.env.PORT);","        break;","    }","}());",""],"l":{"26":2,"28":2,"33":2,"35":2,"37":2,"38":2,"39":2,"44":1,"51":2,"55":2,"59":2,"61":2,"69":1,"70":2,"76":2,"79":2,"82":2,"83":2,"85":1,"89":2,"92":1,"93":1,"94":1,"96":1,"97":1,"100":1,"101":1,"103":1,"106":1,"108":2,"114":1,"116":1,"118":1,"123":1,"124":2,"125":2,"126":3,"127":3,"128":3,"129":3,"130":1,"133":3,"134":3,"139":3,"143":1,"144":3,"145":1,"149":1,"150":1,"158":1,"160":1,"161":1,"162":1,"164":1,"166":1,"258":1,"259":1,"271":1,"274":6,"275":6,"277":1,"279":2,"281":1,"283":2,"288":1,"289":1,"291":1,"296":1,"303":1,"306":1,"307":1,"310":1,"311":1,"313":1,"314":1,"315":1,"316":1,"317":1,"318":1,"319":1,"321":1,"322":1,"324":1}},"/home/travis/build/npmtest/node-npmtest-react-scroll/node_modules/react-scroll/modules/index.js":{"path":"/home/travis/build/npmtest/node-npmtest-react-scroll/node_modules/react-scroll/modules/index.js","s":{"1":1,"2":1,"3":1,"4":1,"5":1,"6":1,"7":1,"8":1},"b":{},"f":{},"fnMap":{},"statementMap":{"1":{"start":{"line":3,"column":0},"end":{"line":3,"column":47}},"2":{"start":{"line":4,"column":0},"end":{"line":4,"column":51}},"3":{"start":{"line":5,"column":0},"end":{"line":5,"column":53}},"4":{"start":{"line":6,"column":0},"end":{"line":6,"column":49}},"5":{"start":{"line":7,"column":0},"end":{"line":7,"column":51}},"6":{"start":{"line":8,"column":0},"end":{"line":8,"column":54}},"7":{"start":{"line":9,"column":0},"end":{"line":9,"column":54}},"8":{"start":{"line":10,"column":0},"end":{"line":10,"column":62}}},"branchMap":{},"code":["'use strict';","","exports.Link = require('./components/Link.js');","exports.Button = require('./components/Button.js');","exports.Element = require('./components/Element.js');","exports.Helpers = require('./mixins/Helpers.js');","exports.scroller = require('./mixins/scroller.js');","exports.Events = require('./mixins/scroll-events.js');","exports.scrollSpy = require('./mixins/scroll-spy.js');","exports.animateScroll = require('./mixins/animate-scroll.js');"],"l":{"3":1,"4":1,"5":1,"6":1,"7":1,"8":1,"9":1,"10":1}},"/home/travis/build/npmtest/node-npmtest-react-scroll/node_modules/react-scroll/modules/components/Link.js":{"path":"/home/travis/build/npmtest/node-npmtest-react-scroll/node_modules/react-scroll/modules/components/Link.js","s":{"1":1,"2":1,"3":1,"4":1,"5":1,"6":1,"7":1,"8":1,"9":1,"10":1,"11":1,"12":1,"13":1,"14":0,"15":1,"16":1,"17":0,"18":0,"19":1,"20":0,"21":0,"22":0,"23":1,"24":1,"25":0,"26":1,"27":1,"28":1,"29":1,"30":1,"31":1,"32":1,"33":1,"34":0,"35":0,"36":1,"37":0,"38":1,"39":1},"b":{"1":[1,1],"2":[1,0],"3":[1,0],"4":[0,1],"5":[0,0],"6":[0,0],"7":[0,0],"8":[0,0,0],"9":[0,1],"10":[1,0],"11":[1,1],"12":[1,0],"13":[1,0],"14":[0,0]},"f":{"1":1,"2":1,"3":1,"4":0,"5":0,"6":1,"7":1,"8":0,"9":0},"fnMap":{"1":{"name":"(anonymous_1)","line":3,"loc":{"start":{"line":3,"column":19},"end":{"line":3,"column":31}}},"2":{"name":"defineProperties","line":3,"loc":{"start":{"line":3,"column":33},"end":{"line":3,"column":74}}},"3":{"name":"(anonymous_3)","line":3,"loc":{"start":{"line":3,"column":357},"end":{"line":3,"column":405}}},"4":{"name":"_classCallCheck","line":5,"loc":{"start":{"line":5,"column":0},"end":{"line":5,"column":48}}},"5":{"name":"_possibleConstructorReturn","line":7,"loc":{"start":{"line":7,"column":0},"end":{"line":7,"column":48}}},"6":{"name":"_inherits","line":9,"loc":{"start":{"line":9,"column":0},"end":{"line":9,"column":41}}},"7":{"name":"(anonymous_7)","line":14,"loc":{"start":{"line":14,"column":11},"end":{"line":14,"column":39}}},"8":{"name":"Link","line":17,"loc":{"start":{"line":17,"column":2},"end":{"line":17,"column":18}}},"9":{"name":"render","line":25,"loc":{"start":{"line":25,"column":11},"end":{"line":25,"column":29}}}},"statementMap":{"1":{"start":{"line":3,"column":0},"end":{"line":3,"column":564}},"2":{"start":{"line":3,"column":33},"end":{"line":3,"column":349}},"3":{"start":{"line":3,"column":76},"end":{"line":3,"column":347}},"4":{"start":{"line":3,"column":117},"end":{"line":3,"column":143}},"5":{"start":{"line":3,"column":144},"end":{"line":3,"column":199}},"6":{"start":{"line":3,"column":200},"end":{"line":3,"column":231}},"7":{"start":{"line":3,"column":232},"end":{"line":3,"column":286}},"8":{"start":{"line":3,"column":259},"end":{"line":3,"column":286}},"9":{"start":{"line":3,"column":287},"end":{"line":3,"column":345}},"10":{"start":{"line":3,"column":350},"end":{"line":3,"column":559}},"11":{"start":{"line":3,"column":407},"end":{"line":3,"column":475}},"12":{"start":{"line":3,"column":423},"end":{"line":3,"column":475}},"13":{"start":{"line":3,"column":476},"end":{"line":3,"column":536}},"14":{"start":{"line":3,"column":493},"end":{"line":3,"column":536}},"15":{"start":{"line":3,"column":537},"end":{"line":3,"column":556}},"16":{"start":{"line":5,"column":0},"end":{"line":5,"column":153}},"17":{"start":{"line":5,"column":50},"end":{"line":5,"column":151}},"18":{"start":{"line":5,"column":92},"end":{"line":5,"column":149}},"19":{"start":{"line":7,"column":0},"end":{"line":7,"column":240}},"20":{"start":{"line":7,"column":50},"end":{"line":7,"column":151}},"21":{"start":{"line":7,"column":63},"end":{"line":7,"column":149}},"22":{"start":{"line":7,"column":152},"end":{"line":7,"column":238}},"23":{"start":{"line":9,"column":0},"end":{"line":9,"column":494}},"24":{"start":{"line":9,"column":43},"end":{"line":9,"column":208}},"25":{"start":{"line":9,"column":106},"end":{"line":9,"column":206}},"26":{"start":{"line":9,"column":209},"end":{"line":9,"column":373}},"27":{"start":{"line":9,"column":374},"end":{"line":9,"column":492}},"28":{"start":{"line":9,"column":390},"end":{"line":9,"column":492}},"29":{"start":{"line":11,"column":0},"end":{"line":11,"column":29}},"30":{"start":{"line":12,"column":0},"end":{"line":12,"column":43}},"31":{"start":{"line":14,"column":0},"end":{"line":31,"column":19}},"32":{"start":{"line":15,"column":2},"end":{"line":15,"column":36}},"33":{"start":{"line":17,"column":2},"end":{"line":21,"column":3}},"34":{"start":{"line":18,"column":4},"end":{"line":18,"column":32}},"35":{"start":{"line":20,"column":4},"end":{"line":20,"column":116}},"36":{"start":{"line":23,"column":2},"end":{"line":28,"column":6}},"37":{"start":{"line":26,"column":6},"end":{"line":26,"column":58}},"38":{"start":{"line":30,"column":2},"end":{"line":30,"column":14}},"39":{"start":{"line":35,"column":0},"end":{"line":35,"column":38}}},"branchMap":{"1":{"line":3,"type":"binary-expr","locations":[{"start":{"line":3,"column":168},"end":{"line":3,"column":189}},{"start":{"line":3,"column":193},"end":{"line":3,"column":198}}]},"2":{"line":3,"type":"if","locations":[{"start":{"line":3,"column":232},"end":{"line":3,"column":232}},{"start":{"line":3,"column":232},"end":{"line":3,"column":232}}]},"3":{"line":3,"type":"if","locations":[{"start":{"line":3,"column":407},"end":{"line":3,"column":407}},{"start":{"line":3,"column":407},"end":{"line":3,"column":407}}]},"4":{"line":3,"type":"if","locations":[{"start":{"line":3,"column":476},"end":{"line":3,"column":476}},{"start":{"line":3,"column":476},"end":{"line":3,"column":476}}]},"5":{"line":5,"type":"if","locations":[{"start":{"line":5,"column":50},"end":{"line":5,"column":50}},{"start":{"line":5,"column":50},"end":{"line":5,"column":50}}]},"6":{"line":7,"type":"if","locations":[{"start":{"line":7,"column":50},"end":{"line":7,"column":50}},{"start":{"line":7,"column":50},"end":{"line":7,"column":50}}]},"7":{"line":7,"type":"cond-expr","locations":[{"start":{"line":7,"column":226},"end":{"line":7,"column":230}},{"start":{"line":7,"column":233},"end":{"line":7,"column":237}}]},"8":{"line":7,"type":"binary-expr","locations":[{"start":{"line":7,"column":159},"end":{"line":7,"column":163}},{"start":{"line":7,"column":168},"end":{"line":7,"column":192}},{"start":{"line":7,"column":196},"end":{"line":7,"column":222}}]},"9":{"line":9,"type":"if","locations":[{"start":{"line":9,"column":43},"end":{"line":9,"column":43}},{"start":{"line":9,"column":43},"end":{"line":9,"column":43}}]},"10":{"line":9,"type":"binary-expr","locations":[{"start":{"line":9,"column":47},"end":{"line":9,"column":79}},{"start":{"line":9,"column":83},"end":{"line":9,"column":102}}]},"11":{"line":9,"type":"binary-expr","locations":[{"start":{"line":9,"column":244},"end":{"line":9,"column":254}},{"start":{"line":9,"column":258},"end":{"line":9,"column":278}}]},"12":{"line":9,"type":"if","locations":[{"start":{"line":9,"column":374},"end":{"line":9,"column":374}},{"start":{"line":9,"column":374},"end":{"line":9,"column":374}}]},"13":{"line":9,"type":"cond-expr","locations":[{"start":{"line":9,"column":414},"end":{"line":9,"column":457}},{"start":{"line":9,"column":460},"end":{"line":9,"column":491}}]},"14":{"line":20,"type":"binary-expr","locations":[{"start":{"line":20,"column":45},"end":{"line":20,"column":59}},{"start":{"line":20,"column":63},"end":{"line":20,"column":90}}]}},"code":["\"use strict\";","","var _createClass = function () { function defineProperties(target, props) { for (var i = 0; i < props.length; i++) { var descriptor = props[i]; descriptor.enumerable = descriptor.enumerable || false; descriptor.configurable = true; if (\"value\" in descriptor) descriptor.writable = true; Object.defineProperty(target, descriptor.key, descriptor); } } return function (Constructor, protoProps, staticProps) { if (protoProps) defineProperties(Constructor.prototype, protoProps); if (staticProps) defineProperties(Constructor, staticProps); return Constructor; }; }();","","function _classCallCheck(instance, Constructor) { if (!(instance instanceof Constructor)) { throw new TypeError(\"Cannot call a class as a function\"); } }","","function _possibleConstructorReturn(self, call) { if (!self) { throw new ReferenceError(\"this hasn't been initialised - super() hasn't been called\"); } return call && (typeof call === \"object\" || typeof call === \"function\") ? call : self; }","","function _inherits(subClass, superClass) { if (typeof superClass !== \"function\" && superClass !== null) { throw new TypeError(\"Super expression must either be null or a function, not \" + typeof superClass); } subClass.prototype = Object.create(superClass && superClass.prototype, { constructor: { value: subClass, enumerable: false, writable: true, configurable: true } }); if (superClass) Object.setPrototypeOf ? Object.setPrototypeOf(subClass, superClass) : subClass.__proto__ = superClass; }","","var React = require('react');","var Helpers = require('../mixins/Helpers');","","var Link = function (_React$Component) {","  _inherits(Link, _React$Component);","","  function Link() {","    _classCallCheck(this, Link);","","    return _possibleConstructorReturn(this, (Link.__proto__ || Object.getPrototypeOf(Link)).apply(this, arguments));","  }","","  _createClass(Link, [{","    key: 'render',","    value: function render() {","      return React.DOM.a(this.props, this.props.children);","    }","  }]);","","  return Link;","}(React.Component);","",";","","module.exports = Helpers.Scroll(Link);"],"l":{"3":1,"5":1,"7":1,"9":1,"11":1,"12":1,"14":1,"15":1,"17":1,"18":0,"20":0,"23":1,"26":0,"30":1,"35":1}},"/home/travis/build/npmtest/node-npmtest-react-scroll/node_modules/react-scroll/modules/mixins/Helpers.js":{"path":"/home/travis/build/npmtest/node-npmtest-react-scroll/node_modules/react-scroll/modules/mixins/Helpers.js","s":{"1":1,"2":1,"3":3,"4":17,"5":17,"6":17,"7":17,"8":17,"9":17,"10":1,"11":3,"12":3,"13":3,"14":0,"15":3,"16":1,"17":0,"18":0,"19":1,"20":0,"21":0,"22":0,"23":1,"24":3,"25":0,"26":3,"27":3,"28":3,"29":1,"30":1,"31":1,"32":1,"33":1,"34":1,"35":1,"36":1,"37":1,"38":2,"39":2,"40":2,"41":1,"42":0,"43":0,"44":0,"45":0,"46":0,"47":0,"48":2,"49":0,"50":0,"51":0,"52":0,"53":0,"54":0,"55":0,"56":0,"57":0,"58":0,"59":0,"60":0,"61":0,"62":0,"63":0,"64":0,"65":0,"66":0,"67":0,"68":0,"69":0,"70":0,"71":0,"72":0,"73":0,"74":0,"75":0,"76":0,"77":0,"78":0,"79":0,"80":0,"81":0,"82":0,"83":0,"84":0,"85":0,"86":0,"87":0,"88":0,"89":0,"90":0,"91":0,"92":0,"93":0,"94":0,"95":0,"96":0,"97":0,"98":0,"99":0,"100":0,"101":0,"102":0,"103":0,"104":0,"105":0,"106":0,"107":0,"108":0,"109":0,"110":0,"111":0,"112":0,"113":0,"114":0,"115":0,"116":0,"117":0,"118":0,"119":0,"120":0,"121":0,"122":0,"123":0,"124":0,"125":0,"126":0,"127":0,"128":0,"129":0,"130":0,"131":0,"132":0,"133":0,"134":2,"135":2,"136":2,"137":2,"138":1,"139":1,"140":1,"141":0,"142":0,"143":0,"144":0,"145":1,"146":0,"147":0,"148":0,"149":0,"150":0,"151":0,"152":0,"153":1,"154":1,"155":1,"156":1},"b":{"1":[17,17],"2":[17,0],"3":[3,0],"4":[0,3],"5":[0,0],"6":[0,0],"7":[0,0],"8":[0,0,0],"9":[0,3],"10":[3,0],"11":[3,3],"12":[3,0],"13":[3,0],"14":[2,2],"15":[0,0],"16":[0,0],"17":[0,0],"18":[0,0],"19":[0,0],"20":[0,0],"21":[0,0],"22":[0,0],"23":[0,0],"24":[0,0],"25":[0,0],"26":[0,0],"27":[0,0],"28":[0,0],"29":[0,0],"30":[0,0],"31":[0,0],"32":[0,0],"33":[0,0,0],"34":[0,0],"35":[0,0],"36":[0,0],"37":[0,0],"38":[0,0],"39":[0,0],"40":[0,0],"41":[0,0],"42":[0,0],"43":[0,0],"44":[0,0],"45":[0,0],"46":[0,0],"47":[0,0],"48":[0,0],"49":[0,0],"50":[0,0],"51":[0,0],"52":[0,0]},"f":{"1":1,"2":3,"3":3,"4":0,"5":0,"6":3,"7":2,"8":2,"9":0,"10":0,"11":0,"12":0,"13":0,"14":0,"15":0,"16":0,"17":0,"18":1,"19":1,"20":0,"21":0,"22":0,"23":0,"24":0,"25":0},"fnMap":{"1":{"name":"(anonymous_1)","line":3,"loc":{"start":{"line":3,"column":19},"end":{"line":3,"column":31}}},"2":{"name":"defineProperties","line":3,"loc":{"start":{"line":3,"column":33},"end":{"line":3,"column":74}}},"3":{"name":"(anonymous_3)","line":3,"loc":{"start":{"line":3,"column":357},"end":{"line":3,"column":405}}},"4":{"name":"_classCallCheck","line":5,"loc":{"start":{"line":5,"column":0},"end":{"line":5,"column":48}}},"5":{"name":"_possibleConstructorReturn","line":7,"loc":{"start":{"line":7,"column":0},"end":{"line":7,"column":48}}},"6":{"name":"_inherits","line":9,"loc":{"start":{"line":9,"column":0},"end":{"line":9,"column":41}}},"7":{"name":"Scroll","line":39,"loc":{"start":{"line":39,"column":10},"end":{"line":39,"column":53}}},"8":{"name":"(anonymous_8)","line":43,"loc":{"start":{"line":43,"column":12},"end":{"line":43,"column":40}}},"9":{"name":"_","line":46,"loc":{"start":{"line":46,"column":6},"end":{"line":46,"column":24}}},"10":{"name":"scrollTo","line":60,"loc":{"start":{"line":60,"column":15},"end":{"line":60,"column":44}}},"11":{"name":"handleClick","line":65,"loc":{"start":{"line":65,"column":15},"end":{"line":65,"column":43}}},"12":{"name":"spyHandler","line":89,"loc":{"start":{"line":89,"column":15},"end":{"line":89,"column":38}}},"13":{"name":"componentDidMount","line":121,"loc":{"start":{"line":121,"column":15},"end":{"line":121,"column":44}}},"14":{"name":"(anonymous_14)","line":137,"loc":{"start":{"line":137,"column":33},"end":{"line":137,"column":45}}},"15":{"name":"(anonymous_15)","line":148,"loc":{"start":{"line":148,"column":31},"end":{"line":148,"column":44}}},"16":{"name":"componentWillUnmount","line":196,"loc":{"start":{"line":196,"column":15},"end":{"line":196,"column":47}}},"17":{"name":"render","line":201,"loc":{"start":{"line":201,"column":15},"end":{"line":201,"column":33}}},"18":{"name":"Element","line":234,"loc":{"start":{"line":234,"column":11},"end":{"line":234,"column":39}}},"19":{"name":"(anonymous_19)","line":235,"loc":{"start":{"line":235,"column":12},"end":{"line":235,"column":41}}},"20":{"name":"_","line":238,"loc":{"start":{"line":238,"column":6},"end":{"line":238,"column":24}}},"21":{"name":"componentDidMount","line":249,"loc":{"start":{"line":249,"column":15},"end":{"line":249,"column":44}}},"22":{"name":"componentWillReceiveProps","line":254,"loc":{"start":{"line":254,"column":15},"end":{"line":254,"column":61}}},"23":{"name":"componentWillUnmount","line":261,"loc":{"start":{"line":261,"column":15},"end":{"line":261,"column":47}}},"24":{"name":"registerElems","line":266,"loc":{"start":{"line":266,"column":15},"end":{"line":266,"column":44}}},"25":{"name":"render","line":272,"loc":{"start":{"line":272,"column":15},"end":{"line":272,"column":33}}}},"statementMap":{"1":{"start":{"line":3,"column":0},"end":{"line":3,"column":564}},"2":{"start":{"line":3,"column":33},"end":{"line":3,"column":349}},"3":{"start":{"line":3,"column":76},"end":{"line":3,"column":347}},"4":{"start":{"line":3,"column":117},"end":{"line":3,"column":143}},"5":{"start":{"line":3,"column":144},"end":{"line":3,"column":199}},"6":{"start":{"line":3,"column":200},"end":{"line":3,"column":231}},"7":{"start":{"line":3,"column":232},"end":{"line":3,"column":286}},"8":{"start":{"line":3,"column":259},"end":{"line":3,"column":286}},"9":{"start":{"line":3,"column":287},"end":{"line":3,"column":345}},"10":{"start":{"line":3,"column":350},"end":{"line":3,"column":559}},"11":{"start":{"line":3,"column":407},"end":{"line":3,"column":475}},"12":{"start":{"line":3,"column":423},"end":{"line":3,"column":475}},"13":{"start":{"line":3,"column":476},"end":{"line":3,"column":536}},"14":{"start":{"line":3,"column":493},"end":{"line":3,"column":536}},"15":{"start":{"line":3,"column":537},"end":{"line":3,"column":556}},"16":{"start":{"line":5,"column":0},"end":{"line":5,"column":153}},"17":{"start":{"line":5,"column":50},"end":{"line":5,"column":151}},"18":{"start":{"line":5,"column":92},"end":{"line":5,"column":149}},"19":{"start":{"line":7,"column":0},"end":{"line":7,"column":240}},"20":{"start":{"line":7,"column":50},"end":{"line":7,"column":151}},"21":{"start":{"line":7,"column":63},"end":{"line":7,"column":149}},"22":{"start":{"line":7,"column":152},"end":{"line":7,"column":238}},"23":{"start":{"line":9,"column":0},"end":{"line":9,"column":494}},"24":{"start":{"line":9,"column":43},"end":{"line":9,"column":208}},"25":{"start":{"line":9,"column":106},"end":{"line":9,"column":206}},"26":{"start":{"line":9,"column":209},"end":{"line":9,"column":373}},"27":{"start":{"line":9,"column":374},"end":{"line":9,"column":492}},"28":{"start":{"line":9,"column":390},"end":{"line":9,"column":492}},"29":{"start":{"line":11,"column":0},"end":{"line":11,"column":29}},"30":{"start":{"line":12,"column":0},"end":{"line":12,"column":36}},"31":{"start":{"line":14,"column":0},"end":{"line":14,"column":48}},"32":{"start":{"line":15,"column":0},"end":{"line":15,"column":40}},"33":{"start":{"line":16,"column":0},"end":{"line":16,"column":44}},"34":{"start":{"line":17,"column":0},"end":{"line":17,"column":38}},"35":{"start":{"line":18,"column":0},"end":{"line":18,"column":38}},"36":{"start":{"line":20,"column":0},"end":{"line":35,"column":2}},"37":{"start":{"line":37,"column":0},"end":{"line":287,"column":2}},"38":{"start":{"line":41,"column":4},"end":{"line":41,"column":53}},"39":{"start":{"line":43,"column":4},"end":{"line":226,"column":23}},"40":{"start":{"line":44,"column":6},"end":{"line":44,"column":37}},"41":{"start":{"line":46,"column":6},"end":{"line":56,"column":7}},"42":{"start":{"line":47,"column":8},"end":{"line":47,"column":33}},"43":{"start":{"line":49,"column":8},"end":{"line":49,"column":114}},"44":{"start":{"line":51,"column":8},"end":{"line":51,"column":52}},"45":{"start":{"line":52,"column":8},"end":{"line":52,"column":58}},"46":{"start":{"line":53,"column":8},"end":{"line":53,"column":56}},"47":{"start":{"line":55,"column":8},"end":{"line":55,"column":21}},"48":{"start":{"line":58,"column":6},"end":{"line":223,"column":10}},"49":{"start":{"line":61,"column":10},"end":{"line":61,"column":39}},"50":{"start":{"line":71,"column":10},"end":{"line":73,"column":11}},"51":{"start":{"line":72,"column":12},"end":{"line":72,"column":38}},"52":{"start":{"line":79,"column":10},"end":{"line":79,"column":61}},"53":{"start":{"line":79,"column":37},"end":{"line":79,"column":61}},"54":{"start":{"line":80,"column":10},"end":{"line":80,"column":59}},"55":{"start":{"line":80,"column":36},"end":{"line":80,"column":59}},"56":{"start":{"line":85,"column":10},"end":{"line":85,"column":51}},"57":{"start":{"line":90,"column":10},"end":{"line":90,"column":52}},"58":{"start":{"line":91,"column":10},"end":{"line":91,"column":31}},"59":{"start":{"line":91,"column":24},"end":{"line":91,"column":31}},"60":{"start":{"line":92,"column":10},"end":{"line":92,"column":54}},"61":{"start":{"line":93,"column":10},"end":{"line":93,"column":39}},"62":{"start":{"line":94,"column":10},"end":{"line":94,"column":52}},"63":{"start":{"line":95,"column":10},"end":{"line":95,"column":46}},"64":{"start":{"line":96,"column":10},"end":{"line":96,"column":33}},"65":{"start":{"line":97,"column":10},"end":{"line":97,"column":71}},"66":{"start":{"line":98,"column":10},"end":{"line":98,"column":70}},"67":{"start":{"line":99,"column":10},"end":{"line":99,"column":52}},"68":{"start":{"line":101,"column":10},"end":{"line":117,"column":11}},"69":{"start":{"line":102,"column":12},"end":{"line":102,"column":43}},"70":{"start":{"line":103,"column":12},"end":{"line":103,"column":45}},"71":{"start":{"line":105,"column":12},"end":{"line":107,"column":13}},"72":{"start":{"line":106,"column":14},"end":{"line":106,"column":41}},"73":{"start":{"line":108,"column":17},"end":{"line":117,"column":11}},"74":{"start":{"line":109,"column":12},"end":{"line":109,"column":39}},"75":{"start":{"line":110,"column":12},"end":{"line":110,"column":44}},"76":{"start":{"line":112,"column":12},"end":{"line":114,"column":13}},"77":{"start":{"line":113,"column":14},"end":{"line":113,"column":41}},"78":{"start":{"line":116,"column":12},"end":{"line":116,"column":37}},"79":{"start":{"line":123,"column":10},"end":{"line":123,"column":51}},"80":{"start":{"line":125,"column":10},"end":{"line":125,"column":97}},"81":{"start":{"line":127,"column":10},"end":{"line":129,"column":11}},"82":{"start":{"line":128,"column":12},"end":{"line":128,"column":48}},"83":{"start":{"line":131,"column":10},"end":{"line":192,"column":11}},"84":{"start":{"line":132,"column":12},"end":{"line":132,"column":35}},"85":{"start":{"line":133,"column":12},"end":{"line":133,"column":31}},"86":{"start":{"line":134,"column":12},"end":{"line":134,"column":33}},"87":{"start":{"line":135,"column":12},"end":{"line":135,"column":36}},"88":{"start":{"line":137,"column":12},"end":{"line":144,"column":25}},"89":{"start":{"line":138,"column":14},"end":{"line":143,"column":15}},"90":{"start":{"line":139,"column":16},"end":{"line":141,"column":17}},"91":{"start":{"line":140,"column":18},"end":{"line":140,"column":45}},"92":{"start":{"line":142,"column":16},"end":{"line":142,"column":49}},"93":{"start":{"line":146,"column":12},"end":{"line":146,"column":58}},"94":{"start":{"line":148,"column":12},"end":{"line":189,"column":25}},"95":{"start":{"line":150,"column":14},"end":{"line":150,"column":35}},"96":{"start":{"line":151,"column":14},"end":{"line":154,"column":15}},"97":{"start":{"line":152,"column":16},"end":{"line":152,"column":80}},"98":{"start":{"line":153,"column":16},"end":{"line":153,"column":50}},"99":{"start":{"line":156,"column":14},"end":{"line":165,"column":15}},"100":{"start":{"line":157,"column":16},"end":{"line":157,"column":43}},"101":{"start":{"line":158,"column":16},"end":{"line":160,"column":17}},"102":{"start":{"line":159,"column":18},"end":{"line":159,"column":25}},"103":{"start":{"line":162,"column":16},"end":{"line":162,"column":60}},"104":{"start":{"line":163,"column":16},"end":{"line":163,"column":60}},"105":{"start":{"line":164,"column":16},"end":{"line":164,"column":62}},"106":{"start":{"line":167,"column":14},"end":{"line":167,"column":50}},"107":{"start":{"line":168,"column":14},"end":{"line":168,"column":107}},"108":{"start":{"line":169,"column":14},"end":{"line":169,"column":106}},"109":{"start":{"line":170,"column":14},"end":{"line":170,"column":56}},"110":{"start":{"line":172,"column":14},"end":{"line":188,"column":15}},"111":{"start":{"line":173,"column":16},"end":{"line":173,"column":47}},"112":{"start":{"line":174,"column":16},"end":{"line":174,"column":49}},"113":{"start":{"line":176,"column":16},"end":{"line":178,"column":17}},"114":{"start":{"line":177,"column":18},"end":{"line":177,"column":45}},"115":{"start":{"line":179,"column":21},"end":{"line":188,"column":15}},"116":{"start":{"line":180,"column":16},"end":{"line":180,"column":43}},"117":{"start":{"line":181,"column":16},"end":{"line":181,"column":48}},"118":{"start":{"line":183,"column":16},"end":{"line":185,"column":17}},"119":{"start":{"line":184,"column":18},"end":{"line":184,"column":45}},"120":{"start":{"line":187,"column":16},"end":{"line":187,"column":41}},"121":{"start":{"line":191,"column":12},"end":{"line":191,"column":74}},"122":{"start":{"line":197,"column":10},"end":{"line":197,"column":66}},"123":{"start":{"line":203,"column":10},"end":{"line":203,"column":29}},"124":{"start":{"line":204,"column":10},"end":{"line":208,"column":11}},"125":{"start":{"line":205,"column":12},"end":{"line":205,"column":107}},"126":{"start":{"line":207,"column":12},"end":{"line":207,"column":45}},"127":{"start":{"line":210,"column":10},"end":{"line":210,"column":45}},"128":{"start":{"line":212,"column":10},"end":{"line":216,"column":11}},"129":{"start":{"line":213,"column":12},"end":{"line":215,"column":13}},"130":{"start":{"line":214,"column":14},"end":{"line":214,"column":33}},"131":{"start":{"line":218,"column":10},"end":{"line":218,"column":38}},"132":{"start":{"line":219,"column":10},"end":{"line":219,"column":43}},"133":{"start":{"line":221,"column":10},"end":{"line":221,"column":55}},"134":{"start":{"line":225,"column":6},"end":{"line":225,"column":15}},"135":{"start":{"line":229,"column":4},"end":{"line":229,"column":29}},"136":{"start":{"line":230,"column":4},"end":{"line":230,"column":35}},"137":{"start":{"line":231,"column":4},"end":{"line":231,"column":13}},"138":{"start":{"line":235,"column":4},"end":{"line":278,"column":23}},"139":{"start":{"line":236,"column":6},"end":{"line":236,"column":38}},"140":{"start":{"line":238,"column":6},"end":{"line":245,"column":7}},"141":{"start":{"line":239,"column":8},"end":{"line":239,"column":33}},"142":{"start":{"line":241,"column":8},"end":{"line":241,"column":115}},"143":{"start":{"line":243,"column":8},"end":{"line":243,"column":65}},"144":{"start":{"line":244,"column":8},"end":{"line":244,"column":22}},"145":{"start":{"line":247,"column":6},"end":{"line":275,"column":10}},"146":{"start":{"line":250,"column":10},"end":{"line":250,"column":46}},"147":{"start":{"line":255,"column":10},"end":{"line":257,"column":11}},"148":{"start":{"line":256,"column":12},"end":{"line":256,"column":47}},"149":{"start":{"line":262,"column":10},"end":{"line":262,"column":54}},"150":{"start":{"line":267,"column":10},"end":{"line":267,"column":51}},"151":{"start":{"line":268,"column":10},"end":{"line":268,"column":50}},"152":{"start":{"line":273,"column":10},"end":{"line":273,"column":60}},"153":{"start":{"line":277,"column":6},"end":{"line":277,"column":15}},"154":{"start":{"line":281,"column":4},"end":{"line":284,"column":6}},"155":{"start":{"line":285,"column":4},"end":{"line":285,"column":13}},"156":{"start":{"line":289,"column":0},"end":{"line":289,"column":25}}},"branchMap":{"1":{"line":3,"type":"binary-expr","locations":[{"start":{"line":3,"column":168},"end":{"line":3,"column":189}},{"start":{"line":3,"column":193},"end":{"line":3,"column":198}}]},"2":{"line":3,"type":"if","locations":[{"start":{"line":3,"column":232},"end":{"line":3,"column":232}},{"start":{"line":3,"column":232},"end":{"line":3,"column":232}}]},"3":{"line":3,"type":"if","locations":[{"start":{"line":3,"column":407},"end":{"line":3,"column":407}},{"start":{"line":3,"column":407},"end":{"line":3,"column":407}}]},"4":{"line":3,"type":"if","locations":[{"start":{"line":3,"column":476},"end":{"line":3,"column":476}},{"start":{"line":3,"column":476},"end":{"line":3,"column":476}}]},"5":{"line":5,"type":"if","locations":[{"start":{"line":5,"column":50},"end":{"line":5,"column":50}},{"start":{"line":5,"column":50},"end":{"line":5,"column":50}}]},"6":{"line":7,"type":"if","locations":[{"start":{"line":7,"column":50},"end":{"line":7,"column":50}},{"start":{"line":7,"column":50},"end":{"line":7,"column":50}}]},"7":{"line":7,"type":"cond-expr","locations":[{"start":{"line":7,"column":226},"end":{"line":7,"column":230}},{"start":{"line":7,"column":233},"end":{"line":7,"column":237}}]},"8":{"line":7,"type":"binary-expr","locations":[{"start":{"line":7,"column":159},"end":{"line":7,"column":163}},{"start":{"line":7,"column":168},"end":{"line":7,"column":192}},{"start":{"line":7,"column":196},"end":{"line":7,"column":222}}]},"9":{"line":9,"type":"if","locations":[{"start":{"line":9,"column":43},"end":{"line":9,"column":43}},{"start":{"line":9,"column":43},"end":{"line":9,"column":43}}]},"10":{"line":9,"type":"binary-expr","locations":[{"start":{"line":9,"column":47},"end":{"line":9,"column":79}},{"start":{"line":9,"column":83},"end":{"line":9,"column":102}}]},"11":{"line":9,"type":"binary-expr","locations":[{"start":{"line":9,"column":244},"end":{"line":9,"column":254}},{"start":{"line":9,"column":258},"end":{"line":9,"column":278}}]},"12":{"line":9,"type":"if","locations":[{"start":{"line":9,"column":374},"end":{"line":9,"column":374}},{"start":{"line":9,"column":374},"end":{"line":9,"column":374}}]},"13":{"line":9,"type":"cond-expr","locations":[{"start":{"line":9,"column":414},"end":{"line":9,"column":457}},{"start":{"line":9,"column":460},"end":{"line":9,"column":491}}]},"14":{"line":41,"type":"binary-expr","locations":[{"start":{"line":41,"column":19},"end":{"line":41,"column":33}},{"start":{"line":41,"column":37},"end":{"line":41,"column":52}}]},"15":{"line":49,"type":"binary-expr","locations":[{"start":{"line":49,"column":54},"end":{"line":49,"column":65}},{"start":{"line":49,"column":69},"end":{"line":49,"column":93}}]},"16":{"line":71,"type":"if","locations":[{"start":{"line":71,"column":10},"end":{"line":71,"column":10}},{"start":{"line":71,"column":10},"end":{"line":71,"column":10}}]},"17":{"line":79,"type":"if","locations":[{"start":{"line":79,"column":10},"end":{"line":79,"column":10}},{"start":{"line":79,"column":10},"end":{"line":79,"column":10}}]},"18":{"line":80,"type":"if","locations":[{"start":{"line":80,"column":10},"end":{"line":80,"column":10}},{"start":{"line":80,"column":10},"end":{"line":80,"column":10}}]},"19":{"line":91,"type":"if","locations":[{"start":{"line":91,"column":10},"end":{"line":91,"column":10}},{"start":{"line":91,"column":10},"end":{"line":91,"column":10}}]},"20":{"line":97,"type":"binary-expr","locations":[{"start":{"line":97,"column":25},"end":{"line":97,"column":44}},{"start":{"line":97,"column":48},"end":{"line":97,"column":70}}]},"21":{"line":98,"type":"binary-expr","locations":[{"start":{"line":98,"col
[...]
props.containerId;","    var containerElement = containerId ? document.getElementById(containerId) : null;","","    var scrollOffset;","","    if (containerId && containerElement) {","      props.absolute = true;","      if (containerElement !== target.offsetParent) {","        if (!containerElement.contains(target)) {","          throw new Error('Container with ID ' + containerId + ' is not a parent of target ' + to);","        } else {","          throw new Error('Container with ID ' + containerId + ' is not a positioned element');","        }","      }","","      scrollOffset = target.offsetTop;","    } else {","      var coordinates = target.getBoundingClientRect();","      scrollOffset = coordinates.top;","    }","","    scrollOffset += props.offset || 0;","","    /*","     * if animate is not provided just scroll into the view","     */","    if (!props.smooth) {","      if (containerId && containerElement) {","        containerElement.scrollTop = scrollOffset;","      } else {","        // window.scrollTo accepts only absolute values so body rectangle needs to be subtracted","        var bodyRect = document.body.getBoundingClientRect();","        window.scrollTo(0, scrollOffset - bodyRect.top);","      }","","      if (events.registered['end']) {","        events.registered['end'](to, target);","      }","","      return;","    }","","    /*","     * Animate scrolling","     */","","    animateScroll.animateTopScroll(scrollOffset, props, to, target);","  }","};"],"l":{"3":1,"5":1,"6":1,"8":1,"9":1,"11":1,"14":0,"18":0,"22":0,"26":0,"30":0,"34":0,"43":0,"45":0,"46":0,"47":0,"50":0,"52":0,"53":0,"56":0,"57":0,"59":0,"61":0,"62":0,"63":0,"64":0,"65":0,"67":0,"71":0,"73":0,"74":0,"77":0,"82":0,"83":0,"84":0,"87":0,"88":0,"91":0,"92":0,"95":0,"102":0}},"/home/travis/build/npmtest/node-npmtest-react-scroll/node_modules/react-scroll/modules/components/Button.js":{"path":"/home/travis/build/npmtest/node-npmtest-react-scroll/node_modules/react-scroll/modules/components/Button.js","s":{"1":1,"2":1,"3":1,"4":1,"5":1,"6":1,"7":1,"8":1,"9":1,"10":1,"11":1,"12":1,"13":1,"14":0,"15":1,"16":1,"17":0,"18":0,"19":1,"20":0,"21":0,"22":0,"23":1,"24":1,"25":0,"26":1,"27":1,"28":1,"29":1,"30":1,"31":1,"32":1,"33":1,"34":0,"35":0,"36":1,"37":0,"38":1,"39":1},"b":{"1":[1,1],"2":[1,0],"3":[1,0],"4":[0,1],"5":[0,0],"6":[0,0],"7":[0,0],"8":[0,0,0],"9":[0,1],"10":[1,0],"11":[1,1],"12":[1,0],"13":[1,0],"14":[0,0]},"f":{"1":1,"2":1,"3":1,"4":0,"5":0,"6":1,"7":1,"8":0,"9":0},"fnMap":{"1":{"name":"(anonymous_1)","line":3,"loc":{"start":{"line":3,"column":19},"end":{"line":3,"column":31}}},"2":{"name":"defineProperties","line":3,"loc":{"start":{"line":3,"column":33},"end":{"line":3,"column":74}}},"3":{"name":"(anonymous_3)","line":3,"loc":{"start":{"line":3,"column":357},"end":{"line":3,"column":405}}},"4":{"name":"_classCallCheck","line":5,"loc":{"start":{"line":5,"column":0},"end":{"line":5,"column":48}}},"5":{"name":"_possibleConstructorReturn","line":7,"loc":{"start":{"line":7,"column":0},"end":{"line":7,"column":48}}},"6":{"name":"_inherits","line":9,"loc":{"start":{"line":9,"column":0},"end":{"line":9,"column":41}}},"7":{"name":"(anonymous_7)","line":14,"loc":{"start":{"line":14,"column":13},"end":{"line":14,"column":41}}},"8":{"name":"Button","line":17,"loc":{"start":{"line":17,"column":2},"end":{"line":17,"column":20}}},"9":{"name":"render","line":25,"loc":{"start":{"line":25,"column":11},"end":{"line":25,"column":29}}}},"statementMap":{"1":{"start":{"line":3,"column":0},"end":{"line":3,"column":564}},"2":{"start":{"line":3,"column":33},"end":{"line":3,"column":349}},"3":{"start":{"line":3,"column":76},"end":{"line":3,"column":347}},"4":{"start":{"line":3,"column":117},"end":{"line":3,"column":143}},"5":{"start":{"line":3,"column":144},"end":{"line":3,"column":199}},"6":{"start":{"line":3,"column":200},"end":{"line":3,"column":231}},"7":{"start":{"line":3,"column":232},"end":{"line":3,"column":286}},"8":{"start":{"line":3,"column":259},"end":{"line":3,"column":286}},"9":{"start":{"line":3,"column":287},"end":{"line":3,"column":345}},"10":{"start":{"line":3,"column":350},"end":{"line":3,"column":559}},"11":{"start":{"line":3,"column":407},"end":{"line":3,"column":475}},"12":{"start":{"line":3,"column":423},"end":{"line":3,"column":475}},"13":{"start":{"line":3,"column":476},"end":{"line":3,"column":536}},"14":{"start":{"line":3,"column":493},"end":{"line":3,"column":536}},"15":{"start":{"line":3,"column":537},"end":{"line":3,"column":556}},"16":{"start":{"line":5,"column":0},"end":{"line":5,"column":153}},"17":{"start":{"line":5,"column":50},"end":{"line":5,"column":151}},"18":{"start":{"line":5,"column":92},"end":{"line":5,"column":149}},"19":{"start":{"line":7,"column":0},"end":{"line":7,"column":240}},"20":{"start":{"line":7,"column":50},"end":{"line":7,"column":151}},"21":{"start":{"line":7,"column":63},"end":{"line":7,"column":149}},"22":{"start":{"line":7,"column":152},"end":{"line":7,"column":238}},"23":{"start":{"line":9,"column":0},"end":{"line":9,"column":494}},"24":{"start":{"line":9,"column":43},"end":{"line":9,"column":208}},"25":{"start":{"line":9,"column":106},"end":{"line":9,"column":206}},"26":{"start":{"line":9,"column":209},"end":{"line":9,"column":373}},"27":{"start":{"line":9,"column":374},"end":{"line":9,"column":492}},"28":{"start":{"line":9,"column":390},"end":{"line":9,"column":492}},"29":{"start":{"line":11,"column":0},"end":{"line":11,"column":29}},"30":{"start":{"line":12,"column":0},"end":{"line":12,"column":43}},"31":{"start":{"line":14,"column":0},"end":{"line":31,"column":19}},"32":{"start":{"line":15,"column":2},"end":{"line":15,"column":38}},"33":{"start":{"line":17,"column":2},"end":{"line":21,"column":3}},"34":{"start":{"line":18,"column":4},"end":{"line":18,"column":34}},"35":{"start":{"line":20,"column":4},"end":{"line":20,"column":120}},"36":{"start":{"line":23,"column":2},"end":{"line":28,"column":6}},"37":{"start":{"line":26,"column":6},"end":{"line":26,"column":62}},"38":{"start":{"line":30,"column":2},"end":{"line":30,"column":16}},"39":{"start":{"line":35,"column":0},"end":{"line":35,"column":40}}},"branchMap":{"1":{"line":3,"type":"binary-expr","locations":[{"start":{"line":3,"column":168},"end":{"line":3,"column":189}},{"start":{"line":3,"column":193},"end":{"line":3,"column":198}}]},"2":{"line":3,"type":"if","locations":[{"start":{"line":3,"column":232},"end":{"line":3,"column":232}},{"start":{"line":3,"column":232},"end":{"line":3,"column":232}}]},"3":{"line":3,"type":"if","locations":[{"start":{"line":3,"column":407},"end":{"line":3,"column":407}},{"start":{"line":3,"column":407},"end":{"line":3,"column":407}}]},"4":{"line":3,"type":"if","locations":[{"start":{"line":3,"column":476},"end":{"line":3,"column":476}},{"start":{"line":3,"column":476},"end":{"line":3,"column":476}}]},"5":{"line":5,"type":"if","locations":[{"start":{"line":5,"column":50},"end":{"line":5,"column":50}},{"start":{"line":5,"column":50},"end":{"line":5,"column":50}}]},"6":{"line":7,"type":"if","locations":[{"start":{"line":7,"column":50},"end":{"line":7,"column":50}},{"start":{"line":7,"column":50},"end":{"line":7,"column":50}}]},"7":{"line":7,"type":"cond-expr","locations":[{"start":{"line":7,"column":226},"end":{"line":7,"column":230}},{"start":{"line":7,"column":233},"end":{"line":7,"column":237}}]},"8":{"line":7,"type":"binary-expr","locations":[{"start":{"line":7,"column":159},"end":{"line":7,"column":163}},{"start":{"line":7,"column":168},"end":{"line":7,"column":192}},{"start":{"line":7,"column":196},"end":{"line":7,"column":222}}]},"9":{"line":9,"type":"if","locations":[{"start":{"line":9,"column":43},"end":{"line":9,"column":43}},{"start":{"line":9,"column":43},"end":{"line":9,"column":43}}]},"10":{"line":9,"type":"binary-expr","locations":[{"start":{"line":9,"column":47},"end":{"line":9,"column":79}},{"start":{"line":9,"column":83},"end":{"line":9,"column":102}}]},"11":{"line":9,"type":"binary-expr","locations":[{"start":{"line":9,"column":244},"end":{"line":9,"column":254}},{"start":{"line":9,"column":258},"end":{"line":9,"column":278}}]},"12":{"line":9,"type":"if","locations":[{"start":{"line":9,"column":374},"end":{"line":9,"column":374}},{"start":{"line":9,"column":374},"end":{"line":9,"column":374}}]},"13":{"line":9,"type":"cond-expr","locations":[{"start":{"line":9,"column":414},"end":{"line":9,"column":457}},{"start":{"line":9,"column":460},"end":{"line":9,"column":491}}]},"14":{"line":20,"type":"binary-expr","locations":[{"start":{"line":20,"column":45},"end":{"line":20,"column":61}},{"start":{"line":20,"column":65},"end":{"line":20,"column":94}}]}},"code":["\"use strict\";","","var _createClass = function () { function defineProperties(target, props) { for (var i = 0; i < props.length; i++) { var descriptor = props[i]; descriptor.enumerable = descriptor.enumerable || false; descriptor.configurable = true; if (\"value\" in descriptor) descriptor.writable = true; Object.defineProperty(target, descriptor.key, descriptor); } } return function (Constructor, protoProps, staticProps) { if (protoProps) defineProperties(Constructor.prototype, protoProps); if (staticProps) defineProperties(Constructor, staticProps); return Constructor; }; }();","","function _classCallCheck(instance, Constructor) { if (!(instance instanceof Constructor)) { throw new TypeError(\"Cannot call a class as a function\"); } }","","function _possibleConstructorReturn(self, call) { if (!self) { throw new ReferenceError(\"this hasn't been initialised - super() hasn't been called\"); } return call && (typeof call === \"object\" || typeof call === \"function\") ? call : self; }","","function _inherits(subClass, superClass) { if (typeof superClass !== \"function\" && superClass !== null) { throw new TypeError(\"Super expression must either be null or a function, not \" + typeof superClass); } subClass.prototype = Object.create(superClass && superClass.prototype, { constructor: { value: subClass, enumerable: false, writable: true, configurable: true } }); if (superClass) Object.setPrototypeOf ? Object.setPrototypeOf(subClass, superClass) : subClass.__proto__ = superClass; }","","var React = require('react');","var Helpers = require('../mixins/Helpers');","","var Button = function (_React$Component) {","  _inherits(Button, _React$Component);","","  function Button() {","    _classCallCheck(this, Button);","","    return _possibleConstructorReturn(this, (Button.__proto__ || Object.getPrototypeOf(Button)).apply(this, arguments));","  }","","  _createClass(Button, [{","    key: 'render',","    value: function render() {","      return React.DOM.input(this.props, this.props.children);","    }","  }]);","","  return Button;","}(React.Component);","",";","","module.exports = Helpers.Scroll(Button);"],"l":{"3":1,"5":1,"7":1,"9":1,"11":1,"12":1,"14":1,"15":1,"17":1,"18":0,"20":0,"23":1,"26":0,"30":1,"35":1}},"/home/travis/build/npmtest/node-npmtest-react-scroll/node_modules/react-scroll/modules/components/Element.js":{"path":"/home/travis/build/npmtest/node-npmtest-react-scroll/node_modules/react-scroll/modules/components/Element.js","s":{"1":1,"2":1,"3":1,"4":1,"5":1,"6":1,"7":1,"8":1,"9":1,"10":1,"11":1,"12":1,"13":1,"14":0,"15":1,"16":1,"17":0,"18":0,"19":1,"20":0,"21":0,"22":0,"23":1,"24":1,"25":0,"26":1,"27":1,"28":1,"29":1,"30":1,"31":1,"32":1,"33":1,"34":0,"35":0,"36":1,"37":0,"38":1,"39":1},"b":{"1":[1,1],"2":[1,0],"3":[1,0],"4":[0,1],"5":[0,0],"6":[0,0],"7":[0,0],"8":[0,0,0],"9":[0,1],"10":[1,0],"11":[1,1],"12":[1,0],"13":[1,0],"14":[0,0]},"f":{"1":1,"2":1,"3":1,"4":0,"5":0,"6":1,"7":1,"8":0,"9":0},"fnMap":{"1":{"name":"(anonymous_1)","line":3,"loc":{"start":{"line":3,"column":19},"end":{"line":3,"column":31}}},"2":{"name":"defineProperties","line":3,"loc":{"start":{"line":3,"column":33},"end":{"line":3,"column":74}}},"3":{"name":"(anonymous_3)","line":3,"loc":{"start":{"line":3,"column":357},"end":{"line":3,"column":405}}},"4":{"name":"_classCallCheck","line":5,"loc":{"start":{"line":5,"column":0},"end":{"line":5,"column":48}}},"5":{"name":"_possibleConstructorReturn","line":7,"loc":{"start":{"line":7,"column":0},"end":{"line":7,"column":48}}},"6":{"name":"_inherits","line":9,"loc":{"start":{"line":9,"column":0},"end":{"line":9,"column":41}}},"7":{"name":"(anonymous_7)","line":14,"loc":{"start":{"line":14,"column":14},"end":{"line":14,"column":42}}},"8":{"name":"Element","line":17,"loc":{"start":{"line":17,"column":2},"end":{"line":17,"column":21}}},"9":{"name":"render","line":25,"loc":{"start":{"line":25,"column":11},"end":{"line":25,"column":29}}}},"statementMap":{"1":{"start":{"line":3,"column":0},"end":{"line":3,"column":564}},"2":{"start":{"line":3,"column":33},"end":{"line":3,"column":349}},"3":{"start":{"line":3,"column":76},"end":{"line":3,"column":347}},"4":{"start":{"line":3,"column":117},"end":{"line":3,"column":143}},"5":{"start":{"line":3,"column":144},"end":{"line":3,"column":199}},"6":{"start":{"line":3,"column":200},"end":{"line":3,"column":231}},"7":{"start":{"line":3,"column":232},"end":{"line":3,"column":286}},"8":{"start":{"line":3,"column":259},"end":{"line":3,"column":286}},"9":{"start":{"line":3,"column":287},"end":{"line":3,"column":345}},"10":{"start":{"line":3,"column":350},"end":{"line":3,"column":559}},"11":{"start":{"line":3,"column":407},"end":{"line":3,"column":475}},"12":{"start":{"line":3,"column":423},"end":{"line":3,"column":475}},"13":{"start":{"line":3,"column":476},"end":{"line":3,"column":536}},"14":{"start":{"line":3,"column":493},"end":{"line":3,"column":536}},"15":{"start":{"line":3,"column":537},"end":{"line":3,"column":556}},"16":{"start":{"line":5,"column":0},"end":{"line":5,"column":153}},"17":{"start":{"line":5,"column":50},"end":{"line":5,"column":151}},"18":{"start":{"line":5,"column":92},"end":{"line":5,"column":149}},"19":{"start":{"line":7,"column":0},"end":{"line":7,"column":240}},"20":{"start":{"line":7,"column":50},"end":{"line":7,"column":151}},"21":{"start":{"line":7,"column":63},"end":{"line":7,"column":149}},"22":{"start":{"line":7,"column":152},"end":{"line":7,"column":238}},"23":{"start":{"line":9,"column":0},"end":{"line":9,"column":494}},"24":{"start":{"line":9,"column":43},"end":{"line":9,"column":208}},"25":{"start":{"line":9,"column":106},"end":{"line":9,"column":206}},"26":{"start":{"line":9,"column":209},"end":{"line":9,"column":373}},"27":{"start":{"line":9,"column":374},"end":{"line":9,"column":492}},"28":{"start":{"line":9,"column":390},"end":{"line":9,"column":492}},"29":{"start":{"line":11,"column":0},"end":{"line":11,"column":29}},"30":{"start":{"line":12,"column":0},"end":{"line":12,"column":43}},"31":{"start":{"line":14,"column":0},"end":{"line":31,"column":19}},"32":{"start":{"line":15,"column":2},"end":{"line":15,"column":39}},"33":{"start":{"line":17,"column":2},"end":{"line":21,"column":3}},"34":{"start":{"line":18,"column":4},"end":{"line":18,"column":35}},"35":{"start":{"line":20,"column":4},"end":{"line":20,"column":122}},"36":{"start":{"line":23,"column":2},"end":{"line":28,"column":6}},"37":{"start":{"line":26,"column":6},"end":{"line":26,"column":60}},"38":{"start":{"line":30,"column":2},"end":{"line":30,"column":17}},"39":{"start":{"line":35,"column":0},"end":{"line":35,"column":42}}},"branchMap":{"1":{"line":3,"type":"binary-expr","locations":[{"start":{"line":3,"column":168},"end":{"line":3,"column":189}},{"start":{"line":3,"column":193},"end":{"line":3,"column":198}}]},"2":{"line":3,"type":"if","locations":[{"start":{"line":3,"column":232},"end":{"line":3,"column":232}},{"start":{"line":3,"column":232},"end":{"line":3,"column":232}}]},"3":{"line":3,"type":"if","locations":[{"start":{"line":3,"column":407},"end":{"line":3,"column":407}},{"start":{"line":3,"column":407},"end":{"line":3,"column":407}}]},"4":{"line":3,"type":"if","locations":[{"start":{"line":3,"column":476},"end":{"line":3,"column":476}},{"start":{"line":3,"column":476},"end":{"line":3,"column":476}}]},"5":{"line":5,"type":"if","locations":[{"start":{"line":5,"column":50},"end":{"line":5,"column":50}},{"start":{"line":5,"column":50},"end":{"line":5,"column":50}}]},"6":{"line":7,"type":"if","locations":[{"start":{"line":7,"column":50},"end":{"line":7,"column":50}},{"start":{"line":7,"column":50},"end":{"line":7,"column":50}}]},"7":{"line":7,"type":"cond-expr","locations":[{"start":{"line":7,"column":226},"end":{"line":7,"column":230}},{"start":{"line":7,"column":233},"end":{"line":7,"column":237}}]},"8":{"line":7,"type":"binary-expr","locations":[{"start":{"line":7,"column":159},"end":{"line":7,"column":163}},{"start":{"line":7,"column":168},"end":{"line":7,"column":192}},{"start":{"line":7,"column":196},"end":{"line":7,"column":222}}]},"9":{"line":9,"type":"if","locations":[{"start":{"line":9,"column":43},"end":{"line":9,"column":43}},{"start":{"line":9,"column":43},"end":{"line":9,"column":43}}]},"10":{"line":9,"type":"binary-expr","locations":[{"start":{"line":9,"column":47},"end":{"line":9,"column":79}},{"start":{"line":9,"column":83},"end":{"line":9,"column":102}}]},"11":{"line":9,"type":"binary-expr","locations":[{"start":{"line":9,"column":244},"end":{"line":9,"column":254}},{"start":{"line":9,"column":258},"end":{"line":9,"column":278}}]},"12":{"line":9,"type":"if","locations":[{"start":{"line":9,"column":374},"end":{"line":9,"column":374}},{"start":{"line":9,"column":374},"end":{"line":9,"column":374}}]},"13":{"line":9,"type":"cond-expr","locations":[{"start":{"line":9,"column":414},"end":{"line":9,"column":457}},{"start":{"line":9,"column":460},"end":{"line":9,"column":491}}]},"14":{"line":20,"type":"binary-expr","locations":[{"start":{"line":20,"column":45},"end":{"line":20,"column":62}},{"start":{"line":20,"column":66},"end":{"line":20,"column":96}}]}},"code":["\"use strict\";","","var _createClass = function () { function defineProperties(target, props) { for (var i = 0; i < props.length; i++) { var descriptor = props[i]; descriptor.enumerable = descriptor.enumerable || false; descriptor.configurable = true; if (\"value\" in descriptor) descriptor.writable = true; Object.defineProperty(target, descriptor.key, descriptor); } } return function (Constructor, protoProps, staticProps) { if (protoProps) defineProperties(Constructor.prototype, protoProps); if (staticProps) defineProperties(Constructor, staticProps); return Constructor; }; }();","","function _classCallCheck(instance, Constructor) { if (!(instance instanceof Constructor)) { throw new TypeError(\"Cannot call a class as a function\"); } }","","function _possibleConstructorReturn(self, call) { if (!self) { throw new ReferenceError(\"this hasn't been initialised - super() hasn't been called\"); } return call && (typeof call === \"object\" || typeof call === \"function\") ? call : self; }","","function _inherits(subClass, superClass) { if (typeof superClass !== \"function\" && superClass !== null) { throw new TypeError(\"Super expression must either be null or a function, not \" + typeof superClass); } subClass.prototype = Object.create(superClass && superClass.prototype, { constructor: { value: subClass, enumerable: false, writable: true, configurable: true } }); if (superClass) Object.setPrototypeOf ? Object.setPrototypeOf(subClass, superClass) : subClass.__proto__ = superClass; }","","var React = require('react');","var Helpers = require('../mixins/Helpers');","","var Element = function (_React$Component) {","  _inherits(Element, _React$Component);","","  function Element() {","    _classCallCheck(this, Element);","","    return _possibleConstructorReturn(this, (Element.__proto__ || Object.getPrototypeOf(Element)).apply(this, arguments));","  }","","  _createClass(Element, [{","    key: 'render',","    value: function render() {","      return React.DOM.div(this.props, this.props.children);","    }","  }]);","","  return Element;","}(React.Component);","",";","","module.exports = Helpers.Element(Element);"],"l":{"3":1,"5":1,"7":1,"9":1,"11":1,"12":1,"14":1,"15":1,"17":1,"18":0,"20":0,"23":1,"26":0,"30":1,"35":1}}}